Building DAG of jobs...
MissingInputException in line 10 of /home/chris/arabadopsis_sd/SD_phasing_workflow/workflow/Snakefile:
Missing input files for rule all:
    affected files:
        unphased_vcfs/arabidopsis_Ahalleri_AUBY1_final_v1.0_filtered.X06_P.phased.vcf
        unphased_vcfs/arabidopsis_Ahalleri_AUBY1_final_v1.0_filtered.X15_P.phased.vcf
        unphased_vcfs/arabidopsis_Ahalleri_AUBY1_final_v1.0_filtered.X02_P.phased.vcf
        unphased_vcfs/arabidopsis_Ahalleri_AUBY1_final_v1.0_filtered.X08_P.phased.vcf
        unphased_vcfs/arabidopsis_Ahalleri_AUBY1_final_v1.0_filtered.X16_P.phased.vcf
        unphased_vcfs/arabidopsis_Ahalleri_AUBY1_final_v1.0_filtered.X05_P.phased.vcf
        unphased_vcfs/arabidopsis_Ahalleri_AUBY1_final_v1.0_filtered.X04_P.phased.vcf
        unphased_vcfs/arabidopsis_Ahalleri_AUBY1_final_v1.0_filtered.X09_P.phased.vcf
        unphased_vcfs/arabidopsis_Ahalleri_AUBY1_final_v1.0_filtered.X11_P.phased.vcf
        unphased_vcfs/arabidopsis_Ahalleri_AUBY1_final_v1.0_filtered.X01_P.phased.vcf
        unphased_vcfs/arabidopsis_Ahalleri_AUBY1_final_v1.0_filtered.X03_P.phased.vcf
        unphased_vcfs/arabidopsis_Ahalleri_AUBY1_final_v1.0_filtered.X10_P.phased.vcf
        unphased_vcfs/arabidopsis_Ahalleri_AUBY1_final_v1.0_filtered.X13_P.phased.vcf
        unphased_vcfs/arabidopsis_Ahalleri_AUBY1_final_v1.0_filtered.X14_P.phased.vcf
        unphased_vcfs/arabidopsis_Ahalleri_AUBY1_final_v1.0_filtered.X07_P.phased.vcf
        unphased_vcfs/arabidopsis_Ahalleri_AUBY1_final_v1.0_filtered.X12_P.phased.vcf
