Building DAG of jobs...
Using shell: /usr/bin/bash
Provided cores: 40
Rules claiming more threads will be scaled down.
Job stats:
job             count    min threads    max threads
------------  -------  -------------  -------------
all                 1              1              1
calculate_pi     2016              1              1
total            2017              1              1

Select jobs to execute...

[Wed Oct 18 00:09:22 2023]
rule calculate_pi:
    input: /storage1/chris/arabidopsis_Alyrata_107/arabidopsis_Alyrata_107.filtered.vcf.gz
    output: /storage1/chris/arabidopsis_Alyrata_107/relatedness_stats/X04_P02_vs_X14_P01.windowed.pi
    jobid: 879
    reason: Missing output files: /storage1/chris/arabidopsis_Alyrata_107/relatedness_stats/X04_P02_vs_X14_P01.windowed.pi
    wildcards: comparison=X04_P02_vs_X14_P01.windowed.pi
    resources: tmpdir=/tmp


        vcftools --gzvcf /storage1/chris/arabidopsis_Alyrata_107/arabidopsis_Alyrata_107.filtered.vcf.gz --indv X04_P02 --indv X14_P01 --window-pi 500000 --out /storage1/chris/arabidopsis_Alyrata_107/relatedness_stats/X04_P02_vs_X14_P01.windowed.pi
        

[Wed Oct 18 00:09:22 2023]
rule calculate_pi:
    input: /storage1/chris/arabidopsis_Alyrata_107/arabidopsis_Alyrata_107.filtered.vcf.gz
    output: /storage1/chris/arabidopsis_Alyrata_107/relatedness_stats/X06_L_vs_X16_P.windowed.pi
    jobid: 1111
    reason: Missing output files: /storage1/chris/arabidopsis_Alyrata_107/relatedness_stats/X06_L_vs_X16_P.windowed.pi
    wildcards: comparison=X06_L_vs_X16_P.windowed.pi
    resources: tmpdir=/tmp


        vcftools --gzvcf /storage1/chris/arabidopsis_Alyrata_107/arabidopsis_Alyrata_107.filtered.vcf.gz --indv X06_L --indv X16_P --window-pi 500000 --out /storage1/chris/arabidopsis_Alyrata_107/relatedness_stats/X06_L_vs_X16_P.windowed.pi
        

[Wed Oct 18 00:09:22 2023]
rule calculate_pi:
    input: /storage1/chris/arabidopsis_Alyrata_107/arabidopsis_Alyrata_107.filtered.vcf.gz
    output: /storage1/chris/arabidopsis_Alyrata_107/relatedness_stats/X12_P02_vs_X15_P01.windowed.pi
    jobid: 1891
    reason: Missing output files: /storage1/chris/arabidopsis_Alyrata_107/relatedness_stats/X12_P02_vs_X15_P01.windowed.pi
    wildcards: comparison=X12_P02_vs_X15_P01.windowed.pi
    resources: tmpdir=/tmp


        vcftools --gzvcf /storage1/chris/arabidopsis_Alyrata_107/arabidopsis_Alyrata_107.filtered.vcf.gz --indv X12_P02 --indv X15_P01 --window-pi 500000 --out /storage1/chris/arabidopsis_Alyrata_107/relatedness_stats/X12_P02_vs_X15_P01.windowed.pi
        

[Wed Oct 18 00:09:22 2023]
rule calculate_pi:
    input: /storage1/chris/arabidopsis_Alyrata_107/arabidopsis_Alyrata_107.filtered.vcf.gz
    output: /storage1/chris/arabidopsis_Alyrata_107/relatedness_stats/X05_L_vs_X16_P.windowed.pi
    jobid: 933
    reason: Missing output files: /storage1/chris/arabidopsis_Alyrata_107/relatedness_stats/X05_L_vs_X16_P.windowed.pi
    wildcards: comparison=X05_L_vs_X16_P.windowed.pi
    resources: tmpdir=/tmp


        vcftools --gzvcf /storage1/chris/arabidopsis_Alyrata_107/arabidopsis_Alyrata_107.filtered.vcf.gz --indv X05_L --indv X16_P --window-pi 500000 --out /storage1/chris/arabidopsis_Alyrata_107/relatedness_stats/X05_L_vs_X16_P.windowed.pi
        

[Wed Oct 18 00:09:22 2023]
rule calculate_pi:
    input: /storage1/chris/arabidopsis_Alyrata_107/arabidopsis_Alyrata_107.filtered.vcf.gz
    output: /storage1/chris/arabidopsis_Alyrata_107/relatedness_stats/X05_P01_vs_X08_P01.windowed.pi
    jobid: 993
    reason: Missing output files: /storage1/chris/arabidopsis_Alyrata_107/relatedness_stats/X05_P01_vs_X08_P01.windowed.pi
    wildcards: comparison=X05_P01_vs_X08_P01.windowed.pi
    resources: tmpdir=/tmp


        vcftools --gzvcf /storage1/chris/arabidopsis_Alyrata_107/arabidopsis_Alyrata_107.filtered.vcf.gz --indv X05_P01 --indv X08_P01 --window-pi 500000 --out /storage1/chris/arabidopsis_Alyrata_107/relatedness_stats/X05_P01_vs_X08_P01.windowed.pi
        

[Wed Oct 18 00:09:22 2023]
rule calculate_pi:
    input: /storage1/chris/arabidopsis_Alyrata_107/arabidopsis_Alyrata_107.filtered.vcf.gz
    output: /storage1/chris/arabidopsis_Alyrata_107/relatedness_stats/X06_L_vs_X16_P01.windowed.pi
    jobid: 1112
    reason: Missing output files: /storage1/chris/arabidopsis_Alyrata_107/relatedness_stats/X06_L_vs_X16_P01.windowed.pi
    wildcards: comparison=X06_L_vs_X16_P01.windowed.pi
    resources: tmpdir=/tmp


        vcftools --gzvcf /storage1/chris/arabidopsis_Alyrata_107/arabidopsis_Alyrata_107.filtered.vcf.gz --indv X06_L --indv X16_P01 --window-pi 500000 --out /storage1/chris/arabidopsis_Alyrata_107/relatedness_stats/X06_L_vs_X16_P01.windowed.pi
        

[Wed Oct 18 00:09:22 2023]
rule calculate_pi:
    input: /storage1/chris/arabidopsis_Alyrata_107/arabidopsis_Alyrata_107.filtered.vcf.gz
    output: /storage1/chris/arabidopsis_Alyrata_107/relatedness_stats/X03_L_vs_X12_P.windowed.pi
    jobid: 513
    reason: Missing output files: /storage1/chris/arabidopsis_Alyrata_107/relatedness_stats/X03_L_vs_X12_P.windowed.pi
    wildcards: comparison=X03_L_vs_X12_P.windowed.pi
    resources: tmpdir=/tmp


        vcftools --gzvcf /storage1/chris/arabidopsis_Alyrata_107/arabidopsis_Alyrata_107.filtered.vcf.gz --indv X03_L --indv X12_P --window-pi 500000 --out /storage1/chris/arabidopsis_Alyrata_107/relatedness_stats/X03_L_vs_X12_P.windowed.pi
        

[Wed Oct 18 00:09:22 2023]
rule calculate_pi:
    input: /storage1/chris/arabidopsis_Alyrata_107/arabidopsis_Alyrata_107.filtered.vcf.gz
    output: /storage1/chris/arabidopsis_Alyrata_107/relatedness_stats/X01_P_vs_X08_P02.windowed.pi
    jobid: 93
    reason: Missing output files: /storage1/chris/arabidopsis_Alyrata_107/relatedness_stats/X01_P_vs_X08_P02.windowed.pi
    wildcards: comparison=X01_P_vs_X08_P02.windowed.pi
    resources: tmpdir=/tmp


        vcftools --gzvcf /storage1/chris/arabidopsis_Alyrata_107/arabidopsis_Alyrata_107.filtered.vcf.gz --indv X01_P --indv X08_P02 --window-pi 500000 --out /storage1/chris/arabidopsis_Alyrata_107/relatedness_stats/X01_P_vs_X08_P02.windowed.pi
        

[Wed Oct 18 00:09:22 2023]
rule calculate_pi:
    input: /storage1/chris/arabidopsis_Alyrata_107/arabidopsis_Alyrata_107.filtered.vcf.gz
    output: /storage1/chris/arabidopsis_Alyrata_107/relatedness_stats/X12_P02_vs_X15_P02.windowed.pi
    jobid: 1892
    reason: Missing output files: /storage1/chris/arabidopsis_Alyrata_107/relatedness_stats/X12_P02_vs_X15_P02.windowed.pi
    wildcards: comparison=X12_P02_vs_X15_P02.windowed.pi
    resources: tmpdir=/tmp


        vcftools --gzvcf /storage1/chris/arabidopsis_Alyrata_107/arabidopsis_Alyrata_107.filtered.vcf.gz --indv X12_P02 --indv X15_P02 --window-pi 500000 --out /storage1/chris/arabidopsis_Alyrata_107/relatedness_stats/X12_P02_vs_X15_P02.windowed.pi
        

[Wed Oct 18 00:09:22 2023]
rule calculate_pi:
    input: /storage1/chris/arabidopsis_Alyrata_107/arabidopsis_Alyrata_107.filtered.vcf.gz
    output: /storage1/chris/arabidopsis_Alyrata_107/relatedness_stats/X02_L_vs_X08_P02.windowed.pi
    jobid: 273
    reason: Missing output files: /storage1/chris/arabidopsis_Alyrata_107/relatedness_stats/X02_L_vs_X08_P02.windowed.pi
    wildcards: comparison=X02_L_vs_X08_P02.windowed.pi
    resources: tmpdir=/tmp


        vcftools --gzvcf /storage1/chris/arabidopsis_Alyrata_107/arabidopsis_Alyrata_107.filtered.vcf.gz --indv X02_L --indv X08_P02 --window-pi 500000 --out /storage1/chris/arabidopsis_Alyrata_107/relatedness_stats/X02_L_vs_X08_P02.windowed.pi
        

[Wed Oct 18 00:09:22 2023]
rule calculate_pi:
    input: /storage1/chris/arabidopsis_Alyrata_107/arabidopsis_Alyrata_107.filtered.vcf.gz
    output: /storage1/chris/arabidopsis_Alyrata_107/relatedness_stats/X04_P01_vs_X12_L.windowed.pi
    jobid: 821
    reason: Missing output files: /storage1/chris/arabidopsis_Alyrata_107/relatedness_stats/X04_P01_vs_X12_L.windowed.pi
    wildcards: comparison=X04_P01_vs_X12_L.windowed.pi
    resources: tmpdir=/tmp


        vcftools --gzvcf /storage1/chris/arabidopsis_Alyrata_107/arabidopsis_Alyrata_107.filtered.vcf.gz --indv X04_P01 --indv X12_L --window-pi 500000 --out /storage1/chris/arabidopsis_Alyrata_107/relatedness_stats/X04_P01_vs_X12_L.windowed.pi
        

[Wed Oct 18 00:09:22 2023]
rule calculate_pi:
    input: /storage1/chris/arabidopsis_Alyrata_107/arabidopsis_Alyrata_107.filtered.vcf.gz
    output: /storage1/chris/arabidopsis_Alyrata_107/relatedness_stats/X01_P_vs_X09_L.windowed.pi
    jobid: 94
    reason: Missing output files: /storage1/chris/arabidopsis_Alyrata_107/relatedness_stats/X01_P_vs_X09_L.windowed.pi
    wildcards: comparison=X01_P_vs_X09_L.windowed.pi
    resources: tmpdir=/tmp


        vcftools --gzvcf /storage1/chris/arabidopsis_Alyrata_107/arabidopsis_Alyrata_107.filtered.vcf.gz --indv X01_P --indv X09_L --window-pi 500000 --out /storage1/chris/arabidopsis_Alyrata_107/relatedness_stats/X01_P_vs_X09_L.windowed.pi
        

[Wed Oct 18 00:09:22 2023]
rule calculate_pi:
    input: /storage1/chris/arabidopsis_Alyrata_107/arabidopsis_Alyrata_107.filtered.vcf.gz
    output: /storage1/chris/arabidopsis_Alyrata_107/relatedness_stats/X02_L_vs_X09_L.windowed.pi
    jobid: 274
    reason: Missing output files: /storage1/chris/arabidopsis_Alyrata_107/relatedness_stats/X02_L_vs_X09_L.windowed.pi
    wildcards: comparison=X02_L_vs_X09_L.windowed.pi
    resources: tmpdir=/tmp


        vcftools --gzvcf /storage1/chris/arabidopsis_Alyrata_107/arabidopsis_Alyrata_107.filtered.vcf.gz --indv X02_L --indv X09_L --window-pi 500000 --out /storage1/chris/arabidopsis_Alyrata_107/relatedness_stats/X02_L_vs_X09_L.windowed.pi
        

[Wed Oct 18 00:09:22 2023]
rule calculate_pi:
    input: /storage1/chris/arabidopsis_Alyrata_107/arabidopsis_Alyrata_107.filtered.vcf.gz
    output: /storage1/chris/arabidopsis_Alyrata_107/relatedness_stats/X03_L_vs_X12_P01.windowed.pi
    jobid: 514
    reason: Missing output files: /storage1/chris/arabidopsis_Alyrata_107/relatedness_stats/X03_L_vs_X12_P01.windowed.pi
    wildcards: comparison=X03_L_vs_X12_P01.windowed.pi
    resources: tmpdir=/tmp


        vcftools --gzvcf /storage1/chris/arabidopsis_Alyrata_107/arabidopsis_Alyrata_107.filtered.vcf.gz --indv X03_L --indv X12_P01 --window-pi 500000 --out /storage1/chris/arabidopsis_Alyrata_107/relatedness_stats/X03_L_vs_X12_P01.windowed.pi
        

[Wed Oct 18 00:09:22 2023]
rule calculate_pi:
    input: /storage1/chris/arabidopsis_Alyrata_107/arabidopsis_Alyrata_107.filtered.vcf.gz
    output: /storage1/chris/arabidopsis_Alyrata_107/relatedness_stats/X05_L_vs_X16_P01.windowed.pi
    jobid: 934
    reason: Missing output files: /storage1/chris/arabidopsis_Alyrata_107/relatedness_stats/X05_L_vs_X16_P01.windowed.pi
    wildcards: comparison=X05_L_vs_X16_P01.windowed.pi
    resources: tmpdir=/tmp


        vcftools --gzvcf /storage1/chris/arabidopsis_Alyrata_107/arabidopsis_Alyrata_107.filtered.vcf.gz --indv X05_L --indv X16_P01 --window-pi 500000 --out /storage1/chris/arabidopsis_Alyrata_107/relatedness_stats/X05_L_vs_X16_P01.windowed.pi
        

[Wed Oct 18 00:09:22 2023]
rule calculate_pi:
    input: /storage1/chris/arabidopsis_Alyrata_107/arabidopsis_Alyrata_107.filtered.vcf.gz
    output: /storage1/chris/arabidopsis_Alyrata_107/relatedness_stats/X05_P01_vs_X08_P02.windowed.pi
    jobid: 994
    reason: Missing output files: /storage1/chris/arabidopsis_Alyrata_107/relatedness_stats/X05_P01_vs_X08_P02.windowed.pi
    wildcards: comparison=X05_P01_vs_X08_P02.windowed.pi
    resources: tmpdir=/tmp


        vcftools --gzvcf /storage1/chris/arabidopsis_Alyrata_107/arabidopsis_Alyrata_107.filtered.vcf.gz --indv X05_P01 --indv X08_P02 --window-pi 500000 --out /storage1/chris/arabidopsis_Alyrata_107/relatedness_stats/X05_P01_vs_X08_P02.windowed.pi
        

[Wed Oct 18 00:09:22 2023]
rule calculate_pi:
    input: /storage1/chris/arabidopsis_Alyrata_107/arabidopsis_Alyrata_107.filtered.vcf.gz
    output: /storage1/chris/arabidopsis_Alyrata_107/relatedness_stats/X06_L_vs_X16_P02.windowed.pi
    jobid: 1113
    reason: Missing output files: /storage1/chris/arabidopsis_Alyrata_107/relatedness_stats/X06_L_vs_X16_P02.windowed.pi
    wildcards: comparison=X06_L_vs_X16_P02.windowed.pi
    resources: tmpdir=/tmp


        vcftools --gzvcf /storage1/chris/arabidopsis_Alyrata_107/arabidopsis_Alyrata_107.filtered.vcf.gz --indv X06_L --indv X16_P02 --window-pi 500000 --out /storage1/chris/arabidopsis_Alyrata_107/relatedness_stats/X06_L_vs_X16_P02.windowed.pi
        

[Wed Oct 18 00:09:22 2023]
rule calculate_pi:
    input: /storage1/chris/arabidopsis_Alyrata_107/arabidopsis_Alyrata_107.filtered.vcf.gz
    output: /storage1/chris/arabidopsis_Alyrata_107/relatedness_stats/X12_P02_vs_X16_L.windowed.pi
    jobid: 1893
    reason: Missing output files: /storage1/chris/arabidopsis_Alyrata_107/relatedness_stats/X12_P02_vs_X16_L.windowed.pi
    wildcards: comparison=X12_P02_vs_X16_L.windowed.pi
    resources: tmpdir=/tmp


        vcftools --gzvcf /storage1/chris/arabidopsis_Alyrata_107/arabidopsis_Alyrata_107.filtered.vcf.gz --indv X12_P02 --indv X16_L --window-pi 500000 --out /storage1/chris/arabidopsis_Alyrata_107/relatedness_stats/X12_P02_vs_X16_L.windowed.pi
        

[Wed Oct 18 00:09:22 2023]
rule calculate_pi:
    input: /storage1/chris/arabidopsis_Alyrata_107/arabidopsis_Alyrata_107.filtered.vcf.gz
    output: /storage1/chris/arabidopsis_Alyrata_107/relatedness_stats/X02_P01_vs_X12_P.windowed.pi
    jobid: 402
    reason: Missing output files: /storage1/chris/arabidopsis_Alyrata_107/relatedness_stats/X02_P01_vs_X12_P.windowed.pi
    wildcards: comparison=X02_P01_vs_X12_P.windowed.pi
    resources: tmpdir=/tmp


        vcftools --gzvcf /storage1/chris/arabidopsis_Alyrata_107/arabidopsis_Alyrata_107.filtered.vcf.gz --indv X02_P01 --indv X12_P --window-pi 500000 --out /storage1/chris/arabidopsis_Alyrata_107/relatedness_stats/X02_P01_vs_X12_P.windowed.pi
        

[Wed Oct 18 00:09:22 2023]
rule calculate_pi:
    input: /storage1/chris/arabidopsis_Alyrata_107/arabidopsis_Alyrata_107.filtered.vcf.gz
    output: /storage1/chris/arabidopsis_Alyrata_107/relatedness_stats/X04_P01_vs_X12_P.windowed.pi
    jobid: 822
    reason: Missing output files: /storage1/chris/arabidopsis_Alyrata_107/relatedness_stats/X04_P01_vs_X12_P.windowed.pi
    wildcards: comparison=X04_P01_vs_X12_P.windowed.pi
    resources: tmpdir=/tmp


        vcftools --gzvcf /storage1/chris/arabidopsis_Alyrata_107/arabidopsis_Alyrata_107.filtered.vcf.gz --indv X04_P01 --indv X12_P --window-pi 500000 --out /storage1/chris/arabidopsis_Alyrata_107/relatedness_stats/X04_P01_vs_X12_P.windowed.pi
        

[Wed Oct 18 00:09:22 2023]
rule calculate_pi:
    input: /storage1/chris/arabidopsis_Alyrata_107/arabidopsis_Alyrata_107.filtered.vcf.gz
    output: /storage1/chris/arabidopsis_Alyrata_107/relatedness_stats/X01_P_vs_X09_P.windowed.pi
    jobid: 95
    reason: Missing output files: /storage1/chris/arabidopsis_Alyrata_107/relatedness_stats/X01_P_vs_X09_P.windowed.pi
    wildcards: comparison=X01_P_vs_X09_P.windowed.pi
    resources: tmpdir=/tmp


        vcftools --gzvcf /storage1/chris/arabidopsis_Alyrata_107/arabidopsis_Alyrata_107.filtered.vcf.gz --indv X01_P --indv X09_P --window-pi 500000 --out /storage1/chris/arabidopsis_Alyrata_107/relatedness_stats/X01_P_vs_X09_P.windowed.pi
        

[Wed Oct 18 00:09:22 2023]
rule calculate_pi:
    input: /storage1/chris/arabidopsis_Alyrata_107/arabidopsis_Alyrata_107.filtered.vcf.gz
    output: /storage1/chris/arabidopsis_Alyrata_107/relatedness_stats/X02_L_vs_X09_P.windowed.pi
    jobid: 275
    reason: Missing output files: /storage1/chris/arabidopsis_Alyrata_107/relatedness_stats/X02_L_vs_X09_P.windowed.pi
    wildcards: comparison=X02_L_vs_X09_P.windowed.pi
    resources: tmpdir=/tmp


        vcftools --gzvcf /storage1/chris/arabidopsis_Alyrata_107/arabidopsis_Alyrata_107.filtered.vcf.gz --indv X02_L --indv X09_P --window-pi 500000 --out /storage1/chris/arabidopsis_Alyrata_107/relatedness_stats/X02_L_vs_X09_P.windowed.pi
        

[Wed Oct 18 00:09:22 2023]
rule calculate_pi:
    input: /storage1/chris/arabidopsis_Alyrata_107/arabidopsis_Alyrata_107.filtered.vcf.gz
    output: /storage1/chris/arabidopsis_Alyrata_107/relatedness_stats/X03_L_vs_X12_P02.windowed.pi
    jobid: 515
    reason: Missing output files: /storage1/chris/arabidopsis_Alyrata_107/relatedness_stats/X03_L_vs_X12_P02.windowed.pi
    wildcards: comparison=X03_L_vs_X12_P02.windowed.pi
    resources: tmpdir=/tmp


        vcftools --gzvcf /storage1/chris/arabidopsis_Alyrata_107/arabidopsis_Alyrata_107.filtered.vcf.gz --indv X03_L --indv X12_P02 --window-pi 500000 --out /storage1/chris/arabidopsis_Alyrata_107/relatedness_stats/X03_L_vs_X12_P02.windowed.pi
        

[Wed Oct 18 00:09:22 2023]
rule calculate_pi:
    input: /storage1/chris/arabidopsis_Alyrata_107/arabidopsis_Alyrata_107.filtered.vcf.gz
    output: /storage1/chris/arabidopsis_Alyrata_107/relatedness_stats/X05_L_vs_X16_P02.windowed.pi
    jobid: 935
    reason: Missing output files: /storage1/chris/arabidopsis_Alyrata_107/relatedness_stats/X05_L_vs_X16_P02.windowed.pi
    wildcards: comparison=X05_L_vs_X16_P02.windowed.pi
    resources: tmpdir=/tmp


        vcftools --gzvcf /storage1/chris/arabidopsis_Alyrata_107/arabidopsis_Alyrata_107.filtered.vcf.gz --indv X05_L --indv X16_P02 --window-pi 500000 --out /storage1/chris/arabidopsis_Alyrata_107/relatedness_stats/X05_L_vs_X16_P02.windowed.pi
        

[Wed Oct 18 00:09:22 2023]
rule calculate_pi:
    input: /storage1/chris/arabidopsis_Alyrata_107/arabidopsis_Alyrata_107.filtered.vcf.gz
    output: /storage1/chris/arabidopsis_Alyrata_107/relatedness_stats/X05_P01_vs_X09_L.windowed.pi
    jobid: 995
    reason: Missing output files: /storage1/chris/arabidopsis_Alyrata_107/relatedness_stats/X05_P01_vs_X09_L.windowed.pi
    wildcards: comparison=X05_P01_vs_X09_L.windowed.pi
    resources: tmpdir=/tmp


        vcftools --gzvcf /storage1/chris/arabidopsis_Alyrata_107/arabidopsis_Alyrata_107.filtered.vcf.gz --indv X05_P01 --indv X09_L --window-pi 500000 --out /storage1/chris/arabidopsis_Alyrata_107/relatedness_stats/X05_P01_vs_X09_L.windowed.pi
        

[Wed Oct 18 00:09:22 2023]
rule calculate_pi:
    input: /storage1/chris/arabidopsis_Alyrata_107/arabidopsis_Alyrata_107.filtered.vcf.gz
    output: /storage1/chris/arabidopsis_Alyrata_107/relatedness_stats/X06_P_vs_X06_P01.windowed.pi
    jobid: 1114
    reason: Missing output files: /storage1/chris/arabidopsis_Alyrata_107/relatedness_stats/X06_P_vs_X06_P01.windowed.pi
    wildcards: comparison=X06_P_vs_X06_P01.windowed.pi
    resources: tmpdir=/tmp


        vcftools --gzvcf /storage1/chris/arabidopsis_Alyrata_107/arabidopsis_Alyrata_107.filtered.vcf.gz --indv X06_P --indv X06_P01 --window-pi 500000 --out /storage1/chris/arabidopsis_Alyrata_107/relatedness_stats/X06_P_vs_X06_P01.windowed.pi
        

[Wed Oct 18 00:09:22 2023]
rule calculate_pi:
    input: /storage1/chris/arabidopsis_Alyrata_107/arabidopsis_Alyrata_107.filtered.vcf.gz
    output: /storage1/chris/arabidopsis_Alyrata_107/relatedness_stats/X12_P02_vs_X16_P.windowed.pi
    jobid: 1894
    reason: Missing output files: /storage1/chris/arabidopsis_Alyrata_107/relatedness_stats/X12_P02_vs_X16_P.windowed.pi
    wildcards: comparison=X12_P02_vs_X16_P.windowed.pi
    resources: tmpdir=/tmp


        vcftools --gzvcf /storage1/chris/arabidopsis_Alyrata_107/arabidopsis_Alyrata_107.filtered.vcf.gz --indv X12_P02 --indv X16_P --window-pi 500000 --out /storage1/chris/arabidopsis_Alyrata_107/relatedness_stats/X12_P02_vs_X16_P.windowed.pi
        

[Wed Oct 18 00:09:22 2023]
rule calculate_pi:
    input: /storage1/chris/arabidopsis_Alyrata_107/arabidopsis_Alyrata_107.filtered.vcf.gz
    output: /storage1/chris/arabidopsis_Alyrata_107/relatedness_stats/X02_P01_vs_X12_P01.windowed.pi
    jobid: 403
    reason: Missing output files: /storage1/chris/arabidopsis_Alyrata_107/relatedness_stats/X02_P01_vs_X12_P01.windowed.pi
    wildcards: comparison=X02_P01_vs_X12_P01.windowed.pi
    resources: tmpdir=/tmp


        vcftools --gzvcf /storage1/chris/arabidopsis_Alyrata_107/arabidopsis_Alyrata_107.filtered.vcf.gz --indv X02_P01 --indv X12_P01 --window-pi 500000 --out /storage1/chris/arabidopsis_Alyrata_107/relatedness_stats/X02_P01_vs_X12_P01.windowed.pi
        

[Wed Oct 18 00:09:22 2023]
rule calculate_pi:
    input: /storage1/chris/arabidopsis_Alyrata_107/arabidopsis_Alyrata_107.filtered.vcf.gz
    output: /storage1/chris/arabidopsis_Alyrata_107/relatedness_stats/X04_P01_vs_X12_P01.windowed.pi
    jobid: 823
    reason: Missing output files: /storage1/chris/arabidopsis_Alyrata_107/relatedness_stats/X04_P01_vs_X12_P01.windowed.pi
    wildcards: comparison=X04_P01_vs_X12_P01.windowed.pi
    resources: tmpdir=/tmp


        vcftools --gzvcf /storage1/chris/arabidopsis_Alyrata_107/arabidopsis_Alyrata_107.filtered.vcf.gz --indv X04_P01 --indv X12_P01 --window-pi 500000 --out /storage1/chris/arabidopsis_Alyrata_107/relatedness_stats/X04_P01_vs_X12_P01.windowed.pi
        

[Wed Oct 18 00:09:22 2023]
rule calculate_pi:
    input: /storage1/chris/arabidopsis_Alyrata_107/arabidopsis_Alyrata_107.filtered.vcf.gz
    output: /storage1/chris/arabidopsis_Alyrata_107/relatedness_stats/X01_P_vs_X09_P01.windowed.pi
    jobid: 96
    reason: Missing output files: /storage1/chris/arabidopsis_Alyrata_107/relatedness_stats/X01_P_vs_X09_P01.windowed.pi
    wildcards: comparison=X01_P_vs_X09_P01.windowed.pi
    resources: tmpdir=/tmp


        vcftools --gzvcf /storage1/chris/arabidopsis_Alyrata_107/arabidopsis_Alyrata_107.filtered.vcf.gz --indv X01_P --indv X09_P01 --window-pi 500000 --out /storage1/chris/arabidopsis_Alyrata_107/relatedness_stats/X01_P_vs_X09_P01.windowed.pi
        

[Wed Oct 18 00:09:22 2023]
rule calculate_pi:
    input: /storage1/chris/arabidopsis_Alyrata_107/arabidopsis_Alyrata_107.filtered.vcf.gz
    output: /storage1/chris/arabidopsis_Alyrata_107/relatedness_stats/X02_L_vs_X09_P01.windowed.pi
    jobid: 276
    reason: Missing output files: /storage1/chris/arabidopsis_Alyrata_107/relatedness_stats/X02_L_vs_X09_P01.windowed.pi
    wildcards: comparison=X02_L_vs_X09_P01.windowed.pi
    resources: tmpdir=/tmp


        vcftools --gzvcf /storage1/chris/arabidopsis_Alyrata_107/arabidopsis_Alyrata_107.filtered.vcf.gz --indv X02_L --indv X09_P01 --window-pi 500000 --out /storage1/chris/arabidopsis_Alyrata_107/relatedness_stats/X02_L_vs_X09_P01.windowed.pi
        

[Wed Oct 18 00:09:22 2023]
rule calculate_pi:
    input: /storage1/chris/arabidopsis_Alyrata_107/arabidopsis_Alyrata_107.filtered.vcf.gz
    output: /storage1/chris/arabidopsis_Alyrata_107/relatedness_stats/X03_L_vs_X13_L.windowed.pi
    jobid: 516
    reason: Missing output files: /storage1/chris/arabidopsis_Alyrata_107/relatedness_stats/X03_L_vs_X13_L.windowed.pi
    wildcards: comparison=X03_L_vs_X13_L.windowed.pi
    resources: tmpdir=/tmp


        vcftools --gzvcf /storage1/chris/arabidopsis_Alyrata_107/arabidopsis_Alyrata_107.filtered.vcf.gz --indv X03_L --indv X13_L --window-pi 500000 --out /storage1/chris/arabidopsis_Alyrata_107/relatedness_stats/X03_L_vs_X13_L.windowed.pi
        

[Wed Oct 18 00:09:22 2023]
rule calculate_pi:
    input: /storage1/chris/arabidopsis_Alyrata_107/arabidopsis_Alyrata_107.filtered.vcf.gz
    output: /storage1/chris/arabidopsis_Alyrata_107/relatedness_stats/X05_P_vs_X05_P01.windowed.pi
    jobid: 936
    reason: Missing output files: /storage1/chris/arabidopsis_Alyrata_107/relatedness_stats/X05_P_vs_X05_P01.windowed.pi
    wildcards: comparison=X05_P_vs_X05_P01.windowed.pi
    resources: tmpdir=/tmp


        vcftools --gzvcf /storage1/chris/arabidopsis_Alyrata_107/arabidopsis_Alyrata_107.filtered.vcf.gz --indv X05_P --indv X05_P01 --window-pi 500000 --out /storage1/chris/arabidopsis_Alyrata_107/relatedness_stats/X05_P_vs_X05_P01.windowed.pi
        

[Wed Oct 18 00:09:22 2023]
rule calculate_pi:
    input: /storage1/chris/arabidopsis_Alyrata_107/arabidopsis_Alyrata_107.filtered.vcf.gz
    output: /storage1/chris/arabidopsis_Alyrata_107/relatedness_stats/X05_P01_vs_X09_P.windowed.pi
    jobid: 996
    reason: Missing output files: /storage1/chris/arabidopsis_Alyrata_107/relatedness_stats/X05_P01_vs_X09_P.windowed.pi
    wildcards: comparison=X05_P01_vs_X09_P.windowed.pi
    resources: tmpdir=/tmp


        vcftools --gzvcf /storage1/chris/arabidopsis_Alyrata_107/arabidopsis_Alyrata_107.filtered.vcf.gz --indv X05_P01 --indv X09_P --window-pi 500000 --out /storage1/chris/arabidopsis_Alyrata_107/relatedness_stats/X05_P01_vs_X09_P.windowed.pi
        

[Wed Oct 18 00:09:22 2023]
rule calculate_pi:
    input: /storage1/chris/arabidopsis_Alyrata_107/arabidopsis_Alyrata_107.filtered.vcf.gz
    output: /storage1/chris/arabidopsis_Alyrata_107/relatedness_stats/X04_P02_vs_X15_P02.windowed.pi
    jobid: 884
    reason: Missing output files: /storage1/chris/arabidopsis_Alyrata_107/relatedness_stats/X04_P02_vs_X15_P02.windowed.pi
    wildcards: comparison=X04_P02_vs_X15_P02.windowed.pi
    resources: tmpdir=/tmp


        vcftools --gzvcf /storage1/chris/arabidopsis_Alyrata_107/arabidopsis_Alyrata_107.filtered.vcf.gz --indv X04_P02 --indv X15_P02 --window-pi 500000 --out /storage1/chris/arabidopsis_Alyrata_107/relatedness_stats/X04_P02_vs_X15_P02.windowed.pi
        

[Wed Oct 18 00:09:22 2023]
rule calculate_pi:
    input: /storage1/chris/arabidopsis_Alyrata_107/arabidopsis_Alyrata_107.filtered.vcf.gz
    output: /storage1/chris/arabidopsis_Alyrata_107/relatedness_stats/X05_P02_vs_X15_L.windowed.pi
    jobid: 1063
    reason: Missing output files: /storage1/chris/arabidopsis_Alyrata_107/relatedness_stats/X05_P02_vs_X15_L.windowed.pi
    wildcards: comparison=X05_P02_vs_X15_L.windowed.pi
    resources: tmpdir=/tmp


        vcftools --gzvcf /storage1/chris/arabidopsis_Alyrata_107/arabidopsis_Alyrata_107.filtered.vcf.gz --indv X05_P02 --indv X15_L --window-pi 500000 --out /storage1/chris/arabidopsis_Alyrata_107/relatedness_stats/X05_P02_vs_X15_L.windowed.pi
        

[Wed Oct 18 00:09:22 2023]
rule calculate_pi:
    input: /storage1/chris/arabidopsis_Alyrata_107/arabidopsis_Alyrata_107.filtered.vcf.gz
    output: /storage1/chris/arabidopsis_Alyrata_107/relatedness_stats/X05_P_vs_X07_P01.windowed.pi
    jobid: 944
    reason: Missing output files: /storage1/chris/arabidopsis_Alyrata_107/relatedness_stats/X05_P_vs_X07_P01.windowed.pi
    wildcards: comparison=X05_P_vs_X07_P01.windowed.pi
    resources: tmpdir=/tmp


        vcftools --gzvcf /storage1/chris/arabidopsis_Alyrata_107/arabidopsis_Alyrata_107.filtered.vcf.gz --indv X05_P --indv X07_P01 --window-pi 500000 --out /storage1/chris/arabidopsis_Alyrata_107/relatedness_stats/X05_P_vs_X07_P01.windowed.pi
        

[Wed Oct 18 00:09:22 2023]
rule calculate_pi:
    input: /storage1/chris/arabidopsis_Alyrata_107/arabidopsis_Alyrata_107.filtered.vcf.gz
    output: /storage1/chris/arabidopsis_Alyrata_107/relatedness_stats/X02_P01_vs_X12_P02.windowed.pi
    jobid: 404
    reason: Missing output files: /storage1/chris/arabidopsis_Alyrata_107/relatedness_stats/X02_P01_vs_X12_P02.windowed.pi
    wildcards: comparison=X02_P01_vs_X12_P02.windowed.pi
    resources: tmpdir=/tmp


        vcftools --gzvcf /storage1/chris/arabidopsis_Alyrata_107/arabidopsis_Alyrata_107.filtered.vcf.gz --indv X02_P01 --indv X12_P02 --window-pi 500000 --out /storage1/chris/arabidopsis_Alyrata_107/relatedness_stats/X02_P01_vs_X12_P02.windowed.pi
        

[Wed Oct 18 00:09:22 2023]
rule calculate_pi:
    input: /storage1/chris/arabidopsis_Alyrata_107/arabidopsis_Alyrata_107.filtered.vcf.gz
    output: /storage1/chris/arabidopsis_Alyrata_107/relatedness_stats/X01_P02_vs_X11_P01.windowed.pi
    jobid: 225
    reason: Missing output files: /storage1/chris/arabidopsis_Alyrata_107/relatedness_stats/X01_P02_vs_X11_P01.windowed.pi
    wildcards: comparison=X01_P02_vs_X11_P01.windowed.pi
    resources: tmpdir=/tmp


        vcftools --gzvcf /storage1/chris/arabidopsis_Alyrata_107/arabidopsis_Alyrata_107.filtered.vcf.gz --indv X01_P02 --indv X11_P01 --window-pi 500000 --out /storage1/chris/arabidopsis_Alyrata_107/relatedness_stats/X01_P02_vs_X11_P01.windowed.pi
        

[Wed Oct 18 00:09:22 2023]
rule calculate_pi:
    input: /storage1/chris/arabidopsis_Alyrata_107/arabidopsis_Alyrata_107.filtered.vcf.gz
    output: /storage1/chris/arabidopsis_Alyrata_107/relatedness_stats/X05_P01_vs_X09_P02.windowed.pi
    jobid: 998
    reason: Missing output files: /storage1/chris/arabidopsis_Alyrata_107/relatedness_stats/X05_P01_vs_X09_P02.windowed.pi
    wildcards: comparison=X05_P01_vs_X09_P02.windowed.pi
    resources: tmpdir=/tmp


        vcftools --gzvcf /storage1/chris/arabidopsis_Alyrata_107/arabidopsis_Alyrata_107.filtered.vcf.gz --indv X05_P01 --indv X09_P02 --window-pi 500000 --out /storage1/chris/arabidopsis_Alyrata_107/relatedness_stats/X05_P01_vs_X09_P02.windowed.pi
        
Terminating processes on user request, this might take some time.
[Wed Oct 18 00:09:24 2023]
[Wed Oct 18 00:09:24 2023]
[Wed Oct 18 00:09:24 2023]
[Wed Oct 18 00:09:24 2023]
[Wed Oct 18 00:09:24 2023]
[Wed Oct 18 00:09:24 2023]
[Wed Oct 18 00:09:24 2023]
[Wed Oct 18 00:09:24 2023]
[Wed Oct 18 00:09:24 2023]
[Wed Oct 18 00:09:24 2023]
[Wed Oct 18 00:09:24 2023]
[Wed Oct 18 00:09:24 2023]
[Wed Oct 18 00:09:24 2023]
[Wed Oct 18 00:09:24 2023]
[Wed Oct 18 00:09:24 2023]
[Wed Oct 18 00:09:24 2023]
[Wed Oct 18 00:09:24 2023]
Error in rule calculate_pi:
    jobid: 96
    input: /storage1/chris/arabidopsis_Alyrata_107/arabidopsis_Alyrata_107.filtered.vcf.gz
    output: /storage1/chris/arabidopsis_Alyrata_107/relatedness_stats/X01_P_vs_X09_P01.windowed.pi
    shell:
        
        vcftools --gzvcf /storage1/chris/arabidopsis_Alyrata_107/arabidopsis_Alyrata_107.filtered.vcf.gz --indv X01_P --indv X09_P01 --window-pi 500000 --out /storage1/chris/arabidopsis_Alyrata_107/relatedness_stats/X01_P_vs_X09_P01.windowed.pi
        
        (one of the commands exited with non-zero exit code; note that snakemake uses bash strict mode!)

[Wed Oct 18 00:09:24 2023]
Error in rule calculate_pi:
    jobid: 944
    input: /storage1/chris/arabidopsis_Alyrata_107/arabidopsis_Alyrata_107.filtered.vcf.gz
    output: /storage1/chris/arabidopsis_Alyrata_107/relatedness_stats/X05_P_vs_X07_P01.windowed.pi
    shell:
        
        vcftools --gzvcf /storage1/chris/arabidopsis_Alyrata_107/arabidopsis_Alyrata_107.filtered.vcf.gz --indv X05_P --indv X07_P01 --window-pi 500000 --out /storage1/chris/arabidopsis_Alyrata_107/relatedness_stats/X05_P_vs_X07_P01.windowed.pi
        
        (one of the commands exited with non-zero exit code; note that snakemake uses bash strict mode!)

[Wed Oct 18 00:09:24 2023]
Error in rule calculate_pi:
    jobid: 821
    input: /storage1/chris/arabidopsis_Alyrata_107/arabidopsis_Alyrata_107.filtered.vcf.gz
    output: /storage1/chris/arabidopsis_Alyrata_107/relatedness_stats/X04_P01_vs_X12_L.windowed.pi
    shell:
        
        vcftools --gzvcf /storage1/chris/arabidopsis_Alyrata_107/arabidopsis_Alyrata_107.filtered.vcf.gz --indv X04_P01 --indv X12_L --window-pi 500000 --out /storage1/chris/arabidopsis_Alyrata_107/relatedness_stats/X04_P01_vs_X12_L.windowed.pi
        
        (one of the commands exited with non-zero exit code; note that snakemake uses bash strict mode!)

[Wed Oct 18 00:09:24 2023]
[Wed Oct 18 00:09:24 2023]
[Wed Oct 18 00:09:24 2023]
[Wed Oct 18 00:09:24 2023]
Error in rule calculate_pi:
    jobid: 1892
    input: /storage1/chris/arabidopsis_Alyrata_107/arabidopsis_Alyrata_107.filtered.vcf.gz
    output: /storage1/chris/arabidopsis_Alyrata_107/relatedness_stats/X12_P02_vs_X15_P02.windowed.pi
    shell:
        
        vcftools --gzvcf /storage1/chris/arabidopsis_Alyrata_107/arabidopsis_Alyrata_107.filtered.vcf.gz --indv X12_P02 --indv X15_P02 --window-pi 500000 --out /storage1/chris/arabidopsis_Alyrata_107/relatedness_stats/X12_P02_vs_X15_P02.windowed.pi
        
        (one of the commands exited with non-zero exit code; note that snakemake uses bash strict mode!)

[Wed Oct 18 00:09:24 2023]
Error in rule calculate_pi:
    jobid: 936
    input: /storage1/chris/arabidopsis_Alyrata_107/arabidopsis_Alyrata_107.filtered.vcf.gz
    output: /storage1/chris/arabidopsis_Alyrata_107/relatedness_stats/X05_P_vs_X05_P01.windowed.pi
    shell:
        
        vcftools --gzvcf /storage1/chris/arabidopsis_Alyrata_107/arabidopsis_Alyrata_107.filtered.vcf.gz --indv X05_P --indv X05_P01 --window-pi 500000 --out /storage1/chris/arabidopsis_Alyrata_107/relatedness_stats/X05_P_vs_X05_P01.windowed.pi
        
        (one of the commands exited with non-zero exit code; note that snakemake uses bash strict mode!)

[Wed Oct 18 00:09:24 2023]
[Wed Oct 18 00:09:24 2023]
Error in rule calculate_pi:
    jobid: 884
    input: /storage1/chris/arabidopsis_Alyrata_107/arabidopsis_Alyrata_107.filtered.vcf.gz
    output: /storage1/chris/arabidopsis_Alyrata_107/relatedness_stats/X04_P02_vs_X15_P02.windowed.pi
    shell:
        
        vcftools --gzvcf /storage1/chris/arabidopsis_Alyrata_107/arabidopsis_Alyrata_107.filtered.vcf.gz --indv X04_P02 --indv X15_P02 --window-pi 500000 --out /storage1/chris/arabidopsis_Alyrata_107/relatedness_stats/X04_P02_vs_X15_P02.windowed.pi
        
        (one of the commands exited with non-zero exit code; note that snakemake uses bash strict mode!)

[Wed Oct 18 00:09:24 2023]
[Wed Oct 18 00:09:24 2023]
[Wed Oct 18 00:09:24 2023]
[Wed Oct 18 00:09:24 2023]
Error in rule calculate_pi:
    jobid: 934
    input: /storage1/chris/arabidopsis_Alyrata_107/arabidopsis_Alyrata_107.filtered.vcf.gz
    output: /storage1/chris/arabidopsis_Alyrata_107/relatedness_stats/X05_L_vs_X16_P01.windowed.pi
    shell:
        
        vcftools --gzvcf /storage1/chris/arabidopsis_Alyrata_107/arabidopsis_Alyrata_107.filtered.vcf.gz --indv X05_L --indv X16_P01 --window-pi 500000 --out /storage1/chris/arabidopsis_Alyrata_107/relatedness_stats/X05_L_vs_X16_P01.windowed.pi
        
        (one of the commands exited with non-zero exit code; note that snakemake uses bash strict mode!)

[Wed Oct 18 00:09:24 2023]
Error in rule calculate_pi:
    jobid: 274
    input: /storage1/chris/arabidopsis_Alyrata_107/arabidopsis_Alyrata_107.filtered.vcf.gz
    output: /storage1/chris/arabidopsis_Alyrata_107/relatedness_stats/X02_L_vs_X09_L.windowed.pi
    shell:
        
        vcftools --gzvcf /storage1/chris/arabidopsis_Alyrata_107/arabidopsis_Alyrata_107.filtered.vcf.gz --indv X02_L --indv X09_L --window-pi 500000 --out /storage1/chris/arabidopsis_Alyrata_107/relatedness_stats/X02_L_vs_X09_L.windowed.pi
        
        (one of the commands exited with non-zero exit code; note that snakemake uses bash strict mode!)

[Wed Oct 18 00:09:24 2023]
[Wed Oct 18 00:09:24 2023]
[Wed Oct 18 00:09:24 2023]
[Wed Oct 18 00:09:24 2023]
[Wed Oct 18 00:09:24 2023]
[Wed Oct 18 00:09:24 2023]
Error in rule calculate_pi:
    jobid: 995
    input: /storage1/chris/arabidopsis_Alyrata_107/arabidopsis_Alyrata_107.filtered.vcf.gz
    output: /storage1/chris/arabidopsis_Alyrata_107/relatedness_stats/X05_P01_vs_X09_L.windowed.pi
    shell:
        
        vcftools --gzvcf /storage1/chris/arabidopsis_Alyrata_107/arabidopsis_Alyrata_107.filtered.vcf.gz --indv X05_P01 --indv X09_L --window-pi 500000 --out /storage1/chris/arabidopsis_Alyrata_107/relatedness_stats/X05_P01_vs_X09_L.windowed.pi
        
        (one of the commands exited with non-zero exit code; note that snakemake uses bash strict mode!)

[Wed Oct 18 00:09:24 2023]
[Wed Oct 18 00:09:24 2023]
[Wed Oct 18 00:09:24 2023]
Error in rule calculate_pi:
    jobid: 998
    input: /storage1/chris/arabidopsis_Alyrata_107/arabidopsis_Alyrata_107.filtered.vcf.gz
    output: /storage1/chris/arabidopsis_Alyrata_107/relatedness_stats/X05_P01_vs_X09_P02.windowed.pi
    shell:
        
        vcftools --gzvcf /storage1/chris/arabidopsis_Alyrata_107/arabidopsis_Alyrata_107.filtered.vcf.gz --indv X05_P01 --indv X09_P02 --window-pi 500000 --out /storage1/chris/arabidopsis_Alyrata_107/relatedness_stats/X05_P01_vs_X09_P02.windowed.pi
        
        (one of the commands exited with non-zero exit code; note that snakemake uses bash strict mode!)

Error in rule calculate_pi:
    jobid: 513
    input: /storage1/chris/arabidopsis_Alyrata_107/arabidopsis_Alyrata_107.filtered.vcf.gz
    output: /storage1/chris/arabidopsis_Alyrata_107/relatedness_stats/X03_L_vs_X12_P.windowed.pi
    shell:
        
        vcftools --gzvcf /storage1/chris/arabidopsis_Alyrata_107/arabidopsis_Alyrata_107.filtered.vcf.gz --indv X03_L --indv X12_P --window-pi 500000 --out /storage1/chris/arabidopsis_Alyrata_107/relatedness_stats/X03_L_vs_X12_P.windowed.pi
        
        (one of the commands exited with non-zero exit code; note that snakemake uses bash strict mode!)

Error in rule calculate_pi:
    jobid: 515
    input: /storage1/chris/arabidopsis_Alyrata_107/arabidopsis_Alyrata_107.filtered.vcf.gz
    output: /storage1/chris/arabidopsis_Alyrata_107/relatedness_stats/X03_L_vs_X12_P02.windowed.pi
    shell:
        
        vcftools --gzvcf /storage1/chris/arabidopsis_Alyrata_107/arabidopsis_Alyrata_107.filtered.vcf.gz --indv X03_L --indv X12_P02 --window-pi 500000 --out /storage1/chris/arabidopsis_Alyrata_107/relatedness_stats/X03_L_vs_X12_P02.windowed.pi
        
        (one of the commands exited with non-zero exit code; note that snakemake uses bash strict mode!)

Error in rule calculate_pi:
    jobid: 1891
    input: /storage1/chris/arabidopsis_Alyrata_107/arabidopsis_Alyrata_107.filtered.vcf.gz
    output: /storage1/chris/arabidopsis_Alyrata_107/relatedness_stats/X12_P02_vs_X15_P01.windowed.pi
    shell:
        
        vcftools --gzvcf /storage1/chris/arabidopsis_Alyrata_107/arabidopsis_Alyrata_107.filtered.vcf.gz --indv X12_P02 --indv X15_P01 --window-pi 500000 --out /storage1/chris/arabidopsis_Alyrata_107/relatedness_stats/X12_P02_vs_X15_P01.windowed.pi
        
        (one of the commands exited with non-zero exit code; note that snakemake uses bash strict mode!)

Error in rule calculate_pi:
    jobid: 1063
    input: /storage1/chris/arabidopsis_Alyrata_107/arabidopsis_Alyrata_107.filtered.vcf.gz
    output: /storage1/chris/arabidopsis_Alyrata_107/relatedness_stats/X05_P02_vs_X15_L.windowed.pi
    shell:
        
        vcftools --gzvcf /storage1/chris/arabidopsis_Alyrata_107/arabidopsis_Alyrata_107.filtered.vcf.gz --indv X05_P02 --indv X15_L --window-pi 500000 --out /storage1/chris/arabidopsis_Alyrata_107/relatedness_stats/X05_P02_vs_X15_L.windowed.pi
        
        (one of the commands exited with non-zero exit code; note that snakemake uses bash strict mode!)

Error in rule calculate_pi:
    jobid: 275
    input: /storage1/chris/arabidopsis_Alyrata_107/arabidopsis_Alyrata_107.filtered.vcf.gz
    output: /storage1/chris/arabidopsis_Alyrata_107/relatedness_stats/X02_L_vs_X09_P.windowed.pi
    shell:
        
        vcftools --gzvcf /storage1/chris/arabidopsis_Alyrata_107/arabidopsis_Alyrata_107.filtered.vcf.gz --indv X02_L --indv X09_P --window-pi 500000 --out /storage1/chris/arabidopsis_Alyrata_107/relatedness_stats/X02_L_vs_X09_P.windowed.pi
        
        (one of the commands exited with non-zero exit code; note that snakemake uses bash strict mode!)

Error in rule calculate_pi:
    jobid: 879
    input: /storage1/chris/arabidopsis_Alyrata_107/arabidopsis_Alyrata_107.filtered.vcf.gz
    output: /storage1/chris/arabidopsis_Alyrata_107/relatedness_stats/X04_P02_vs_X14_P01.windowed.pi
    shell:
        
        vcftools --gzvcf /storage1/chris/arabidopsis_Alyrata_107/arabidopsis_Alyrata_107.filtered.vcf.gz --indv X04_P02 --indv X14_P01 --window-pi 500000 --out /storage1/chris/arabidopsis_Alyrata_107/relatedness_stats/X04_P02_vs_X14_P01.windowed.pi
        
        (one of the commands exited with non-zero exit code; note that snakemake uses bash strict mode!)

Error in rule calculate_pi:
    jobid: 1113
    input: /storage1/chris/arabidopsis_Alyrata_107/arabidopsis_Alyrata_107.filtered.vcf.gz
    output: /storage1/chris/arabidopsis_Alyrata_107/relatedness_stats/X06_L_vs_X16_P02.windowed.pi
    shell:
        
        vcftools --gzvcf /storage1/chris/arabidopsis_Alyrata_107/arabidopsis_Alyrata_107.filtered.vcf.gz --indv X06_L --indv X16_P02 --window-pi 500000 --out /storage1/chris/arabidopsis_Alyrata_107/relatedness_stats/X06_L_vs_X16_P02.windowed.pi
        
        (one of the commands exited with non-zero exit code; note that snakemake uses bash strict mode!)

Error in rule calculate_pi:
    jobid: 516
    input: /storage1/chris/arabidopsis_Alyrata_107/arabidopsis_Alyrata_107.filtered.vcf.gz
    output: /storage1/chris/arabidopsis_Alyrata_107/relatedness_stats/X03_L_vs_X13_L.windowed.pi
    shell:
        
        vcftools --gzvcf /storage1/chris/arabidopsis_Alyrata_107/arabidopsis_Alyrata_107.filtered.vcf.gz --indv X03_L --indv X13_L --window-pi 500000 --out /storage1/chris/arabidopsis_Alyrata_107/relatedness_stats/X03_L_vs_X13_L.windowed.pi
        
        (one of the commands exited with non-zero exit code; note that snakemake uses bash strict mode!)

Error in rule calculate_pi:
    jobid: 933
    input: /storage1/chris/arabidopsis_Alyrata_107/arabidopsis_Alyrata_107.filtered.vcf.gz
    output: /storage1/chris/arabidopsis_Alyrata_107/relatedness_stats/X05_L_vs_X16_P.windowed.pi
    shell:
        
        vcftools --gzvcf /storage1/chris/arabidopsis_Alyrata_107/arabidopsis_Alyrata_107.filtered.vcf.gz --indv X05_L --indv X16_P --window-pi 500000 --out /storage1/chris/arabidopsis_Alyrata_107/relatedness_stats/X05_L_vs_X16_P.windowed.pi
        
        (one of the commands exited with non-zero exit code; note that snakemake uses bash strict mode!)

Error in rule calculate_pi:
    jobid: 996
    input: /storage1/chris/arabidopsis_Alyrata_107/arabidopsis_Alyrata_107.filtered.vcf.gz
    output: /storage1/chris/arabidopsis_Alyrata_107/relatedness_stats/X05_P01_vs_X09_P.windowed.pi
    shell:
        
        vcftools --gzvcf /storage1/chris/arabidopsis_Alyrata_107/arabidopsis_Alyrata_107.filtered.vcf.gz --indv X05_P01 --indv X09_P --window-pi 500000 --out /storage1/chris/arabidopsis_Alyrata_107/relatedness_stats/X05_P01_vs_X09_P.windowed.pi
        
        (one of the commands exited with non-zero exit code; note that snakemake uses bash strict mode!)

Error in rule calculate_pi:
    jobid: 273
    input: /storage1/chris/arabidopsis_Alyrata_107/arabidopsis_Alyrata_107.filtered.vcf.gz
    output: /storage1/chris/arabidopsis_Alyrata_107/relatedness_stats/X02_L_vs_X08_P02.windowed.pi
    shell:
        
        vcftools --gzvcf /storage1/chris/arabidopsis_Alyrata_107/arabidopsis_Alyrata_107.filtered.vcf.gz --indv X02_L --indv X08_P02 --window-pi 500000 --out /storage1/chris/arabidopsis_Alyrata_107/relatedness_stats/X02_L_vs_X08_P02.windowed.pi
        
        (one of the commands exited with non-zero exit code; note that snakemake uses bash strict mode!)

Error in rule calculate_pi:
    jobid: 95
    input: /storage1/chris/arabidopsis_Alyrata_107/arabidopsis_Alyrata_107.filtered.vcf.gz
    output: /storage1/chris/arabidopsis_Alyrata_107/relatedness_stats/X01_P_vs_X09_P.windowed.pi
    shell:
        
        vcftools --gzvcf /storage1/chris/arabidopsis_Alyrata_107/arabidopsis_Alyrata_107.filtered.vcf.gz --indv X01_P --indv X09_P --window-pi 500000 --out /storage1/chris/arabidopsis_Alyrata_107/relatedness_stats/X01_P_vs_X09_P.windowed.pi
        
        (one of the commands exited with non-zero exit code; note that snakemake uses bash strict mode!)

Error in rule calculate_pi:
    jobid: 403
    input: /storage1/chris/arabidopsis_Alyrata_107/arabidopsis_Alyrata_107.filtered.vcf.gz
    output: /storage1/chris/arabidopsis_Alyrata_107/relatedness_stats/X02_P01_vs_X12_P01.windowed.pi
    shell:
        
        vcftools --gzvcf /storage1/chris/arabidopsis_Alyrata_107/arabidopsis_Alyrata_107.filtered.vcf.gz --indv X02_P01 --indv X12_P01 --window-pi 500000 --out /storage1/chris/arabidopsis_Alyrata_107/relatedness_stats/X02_P01_vs_X12_P01.windowed.pi
        
        (one of the commands exited with non-zero exit code; note that snakemake uses bash strict mode!)

Error in rule calculate_pi:
    jobid: 993
    input: /storage1/chris/arabidopsis_Alyrata_107/arabidopsis_Alyrata_107.filtered.vcf.gz
    output: /storage1/chris/arabidopsis_Alyrata_107/relatedness_stats/X05_P01_vs_X08_P01.windowed.pi
    shell:
        
        vcftools --gzvcf /storage1/chris/arabidopsis_Alyrata_107/arabidopsis_Alyrata_107.filtered.vcf.gz --indv X05_P01 --indv X08_P01 --window-pi 500000 --out /storage1/chris/arabidopsis_Alyrata_107/relatedness_stats/X05_P01_vs_X08_P01.windowed.pi
        
        (one of the commands exited with non-zero exit code; note that snakemake uses bash strict mode!)

Error in rule calculate_pi:
    jobid: 276
    input: /storage1/chris/arabidopsis_Alyrata_107/arabidopsis_Alyrata_107.filtered.vcf.gz
    output: /storage1/chris/arabidopsis_Alyrata_107/relatedness_stats/X02_L_vs_X09_P01.windowed.pi
    shell:
        
        vcftools --gzvcf /storage1/chris/arabidopsis_Alyrata_107/arabidopsis_Alyrata_107.filtered.vcf.gz --indv X02_L --indv X09_P01 --window-pi 500000 --out /storage1/chris/arabidopsis_Alyrata_107/relatedness_stats/X02_L_vs_X09_P01.windowed.pi
        
        (one of the commands exited with non-zero exit code; note that snakemake uses bash strict mode!)

Error in rule calculate_pi:
    jobid: 93
    input: /storage1/chris/arabidopsis_Alyrata_107/arabidopsis_Alyrata_107.filtered.vcf.gz
    output: /storage1/chris/arabidopsis_Alyrata_107/relatedness_stats/X01_P_vs_X08_P02.windowed.pi
    shell:
        
        vcftools --gzvcf /storage1/chris/arabidopsis_Alyrata_107/arabidopsis_Alyrata_107.filtered.vcf.gz --indv X01_P --indv X08_P02 --window-pi 500000 --out /storage1/chris/arabidopsis_Alyrata_107/relatedness_stats/X01_P_vs_X08_P02.windowed.pi
        
        (one of the commands exited with non-zero exit code; note that snakemake uses bash strict mode!)

Error in rule calculate_pi:
    jobid: 935
    input: /storage1/chris/arabidopsis_Alyrata_107/arabidopsis_Alyrata_107.filtered.vcf.gz
    output: /storage1/chris/arabidopsis_Alyrata_107/relatedness_stats/X05_L_vs_X16_P02.windowed.pi
    shell:
        
        vcftools --gzvcf /storage1/chris/arabidopsis_Alyrata_107/arabidopsis_Alyrata_107.filtered.vcf.gz --indv X05_L --indv X16_P02 --window-pi 500000 --out /storage1/chris/arabidopsis_Alyrata_107/relatedness_stats/X05_L_vs_X16_P02.windowed.pi
        
        (one of the commands exited with non-zero exit code; note that snakemake uses bash strict mode!)

Error in rule calculate_pi:
    jobid: 1894
    input: /storage1/chris/arabidopsis_Alyrata_107/arabidopsis_Alyrata_107.filtered.vcf.gz
    output: /storage1/chris/arabidopsis_Alyrata_107/relatedness_stats/X12_P02_vs_X16_P.windowed.pi
    shell:
        
        vcftools --gzvcf /storage1/chris/arabidopsis_Alyrata_107/arabidopsis_Alyrata_107.filtered.vcf.gz --indv X12_P02 --indv X16_P --window-pi 500000 --out /storage1/chris/arabidopsis_Alyrata_107/relatedness_stats/X12_P02_vs_X16_P.windowed.pi
        
        (one of the commands exited with non-zero exit code; note that snakemake uses bash strict mode!)

Error in rule calculate_pi:
    jobid: 514
    input: /storage1/chris/arabidopsis_Alyrata_107/arabidopsis_Alyrata_107.filtered.vcf.gz
    output: /storage1/chris/arabidopsis_Alyrata_107/relatedness_stats/X03_L_vs_X12_P01.windowed.pi
    shell:
        
        vcftools --gzvcf /storage1/chris/arabidopsis_Alyrata_107/arabidopsis_Alyrata_107.filtered.vcf.gz --indv X03_L --indv X12_P01 --window-pi 500000 --out /storage1/chris/arabidopsis_Alyrata_107/relatedness_stats/X03_L_vs_X12_P01.windowed.pi
        
        (one of the commands exited with non-zero exit code; note that snakemake uses bash strict mode!)

Error in rule calculate_pi:
    jobid: 225
    input: /storage1/chris/arabidopsis_Alyrata_107/arabidopsis_Alyrata_107.filtered.vcf.gz
    output: /storage1/chris/arabidopsis_Alyrata_107/relatedness_stats/X01_P02_vs_X11_P01.windowed.pi
    shell:
        
        vcftools --gzvcf /storage1/chris/arabidopsis_Alyrata_107/arabidopsis_Alyrata_107.filtered.vcf.gz --indv X01_P02 --indv X11_P01 --window-pi 500000 --out /storage1/chris/arabidopsis_Alyrata_107/relatedness_stats/X01_P02_vs_X11_P01.windowed.pi
        
        (one of the commands exited with non-zero exit code; note that snakemake uses bash strict mode!)

Error in rule calculate_pi:
    jobid: 402
    input: /storage1/chris/arabidopsis_Alyrata_107/arabidopsis_Alyrata_107.filtered.vcf.gz
    output: /storage1/chris/arabidopsis_Alyrata_107/relatedness_stats/X02_P01_vs_X12_P.windowed.pi
    shell:
        
        vcftools --gzvcf /storage1/chris/arabidopsis_Alyrata_107/arabidopsis_Alyrata_107.filtered.vcf.gz --indv X02_P01 --indv X12_P --window-pi 500000 --out /storage1/chris/arabidopsis_Alyrata_107/relatedness_stats/X02_P01_vs_X12_P.windowed.pi
        
        (one of the commands exited with non-zero exit code; note that snakemake uses bash strict mode!)

Error in rule calculate_pi:
    jobid: 994
    input: /storage1/chris/arabidopsis_Alyrata_107/arabidopsis_Alyrata_107.filtered.vcf.gz
    output: /storage1/chris/arabidopsis_Alyrata_107/relatedness_stats/X05_P01_vs_X08_P02.windowed.pi
    shell:
        
        vcftools --gzvcf /storage1/chris/arabidopsis_Alyrata_107/arabidopsis_Alyrata_107.filtered.vcf.gz --indv X05_P01 --indv X08_P02 --window-pi 500000 --out /storage1/chris/arabidopsis_Alyrata_107/relatedness_stats/X05_P01_vs_X08_P02.windowed.pi
        
        (one of the commands exited with non-zero exit code; note that snakemake uses bash strict mode!)

Error in rule calculate_pi:
    jobid: 823
    input: /storage1/chris/arabidopsis_Alyrata_107/arabidopsis_Alyrata_107.filtered.vcf.gz
    output: /storage1/chris/arabidopsis_Alyrata_107/relatedness_stats/X04_P01_vs_X12_P01.windowed.pi
    shell:
        
        vcftools --gzvcf /storage1/chris/arabidopsis_Alyrata_107/arabidopsis_Alyrata_107.filtered.vcf.gz --indv X04_P01 --indv X12_P01 --window-pi 500000 --out /storage1/chris/arabidopsis_Alyrata_107/relatedness_stats/X04_P01_vs_X12_P01.windowed.pi
        
        (one of the commands exited with non-zero exit code; note that snakemake uses bash strict mode!)

Error in rule calculate_pi:
    jobid: 1893
    input: /storage1/chris/arabidopsis_Alyrata_107/arabidopsis_Alyrata_107.filtered.vcf.gz
    output: /storage1/chris/arabidopsis_Alyrata_107/relatedness_stats/X12_P02_vs_X16_L.windowed.pi
    shell:
        
        vcftools --gzvcf /storage1/chris/arabidopsis_Alyrata_107/arabidopsis_Alyrata_107.filtered.vcf.gz --indv X12_P02 --indv X16_L --window-pi 500000 --out /storage1/chris/arabidopsis_Alyrata_107/relatedness_stats/X12_P02_vs_X16_L.windowed.pi
        
        (one of the commands exited with non-zero exit code; note that snakemake uses bash strict mode!)

Error in rule calculate_pi:
    jobid: 822
    input: /storage1/chris/arabidopsis_Alyrata_107/arabidopsis_Alyrata_107.filtered.vcf.gz
    output: /storage1/chris/arabidopsis_Alyrata_107/relatedness_stats/X04_P01_vs_X12_P.windowed.pi
    shell:
        
        vcftools --gzvcf /storage1/chris/arabidopsis_Alyrata_107/arabidopsis_Alyrata_107.filtered.vcf.gz --indv X04_P01 --indv X12_P --window-pi 500000 --out /storage1/chris/arabidopsis_Alyrata_107/relatedness_stats/X04_P01_vs_X12_P.windowed.pi
        
        (one of the commands exited with non-zero exit code; note that snakemake uses bash strict mode!)

Error in rule calculate_pi:
    jobid: 1111
    input: /storage1/chris/arabidopsis_Alyrata_107/arabidopsis_Alyrata_107.filtered.vcf.gz
    output: /storage1/chris/arabidopsis_Alyrata_107/relatedness_stats/X06_L_vs_X16_P.windowed.pi
    shell:
        
        vcftools --gzvcf /storage1/chris/arabidopsis_Alyrata_107/arabidopsis_Alyrata_107.filtered.vcf.gz --indv X06_L --indv X16_P --window-pi 500000 --out /storage1/chris/arabidopsis_Alyrata_107/relatedness_stats/X06_L_vs_X16_P.windowed.pi
        
        (one of the commands exited with non-zero exit code; note that snakemake uses bash strict mode!)

Error in rule calculate_pi:
    jobid: 1112
    input: /storage1/chris/arabidopsis_Alyrata_107/arabidopsis_Alyrata_107.filtered.vcf.gz
    output: /storage1/chris/arabidopsis_Alyrata_107/relatedness_stats/X06_L_vs_X16_P01.windowed.pi
    shell:
        
        vcftools --gzvcf /storage1/chris/arabidopsis_Alyrata_107/arabidopsis_Alyrata_107.filtered.vcf.gz --indv X06_L --indv X16_P01 --window-pi 500000 --out /storage1/chris/arabidopsis_Alyrata_107/relatedness_stats/X06_L_vs_X16_P01.windowed.pi
        
        (one of the commands exited with non-zero exit code; note that snakemake uses bash strict mode!)

Error in rule calculate_pi:
    jobid: 1114
    input: /storage1/chris/arabidopsis_Alyrata_107/arabidopsis_Alyrata_107.filtered.vcf.gz
    output: /storage1/chris/arabidopsis_Alyrata_107/relatedness_stats/X06_P_vs_X06_P01.windowed.pi
    shell:
        
        vcftools --gzvcf /storage1/chris/arabidopsis_Alyrata_107/arabidopsis_Alyrata_107.filtered.vcf.gz --indv X06_P --indv X06_P01 --window-pi 500000 --out /storage1/chris/arabidopsis_Alyrata_107/relatedness_stats/X06_P_vs_X06_P01.windowed.pi
        
        (one of the commands exited with non-zero exit code; note that snakemake uses bash strict mode!)

Error in rule calculate_pi:
    jobid: 94
    input: /storage1/chris/arabidopsis_Alyrata_107/arabidopsis_Alyrata_107.filtered.vcf.gz
    output: /storage1/chris/arabidopsis_Alyrata_107/relatedness_stats/X01_P_vs_X09_L.windowed.pi
    shell:
        
        vcftools --gzvcf /storage1/chris/arabidopsis_Alyrata_107/arabidopsis_Alyrata_107.filtered.vcf.gz --indv X01_P --indv X09_L --window-pi 500000 --out /storage1/chris/arabidopsis_Alyrata_107/relatedness_stats/X01_P_vs_X09_L.windowed.pi
        
        (one of the commands exited with non-zero exit code; note that snakemake uses bash strict mode!)

Error in rule calculate_pi:
    jobid: 404
    input: /storage1/chris/arabidopsis_Alyrata_107/arabidopsis_Alyrata_107.filtered.vcf.gz
    output: /storage1/chris/arabidopsis_Alyrata_107/relatedness_stats/X02_P01_vs_X12_P02.windowed.pi
    shell:
        
        vcftools --gzvcf /storage1/chris/arabidopsis_Alyrata_107/arabidopsis_Alyrata_107.filtered.vcf.gz --indv X02_P01 --indv X12_P02 --window-pi 500000 --out /storage1/chris/arabidopsis_Alyrata_107/relatedness_stats/X02_P01_vs_X12_P02.windowed.pi
        
        (one of the commands exited with non-zero exit code; note that snakemake uses bash strict mode!)

Complete log: .snakemake/log/2023-10-18T000920.309697.snakemake.log
