Building DAG of jobs...
Using shell: /usr/bin/bash
Provided cores: 40
Rules claiming more threads will be scaled down.
Job stats:
job             count    min threads    max threads
------------  -------  -------------  -------------
all                 1              1              1
calculate_pi     2016              1              1
total            2017              1              1

Select jobs to execute...

[Wed Oct 18 00:19:31 2023]
rule calculate_pi:
    input: /storage1/chris/arabidopsis_Alyrata_107/arabidopsis_Alyrata_107.filtered.vcf.gz
    output: /storage1/chris/arabidopsis_Alyrata_107/relatedness_stats/X01_P_vs_X16_L.windowed.pi
    jobid: 122
    reason: Missing output files: /storage1/chris/arabidopsis_Alyrata_107/relatedness_stats/X01_P_vs_X16_L.windowed.pi
    wildcards: comparison=X01_P_vs_X16_L.windowed.pi
    resources: tmpdir=/tmp


        vcftools --gzvcf /storage1/chris/arabidopsis_Alyrata_107/arabidopsis_Alyrata_107.filtered.vcf.gz --indv X01_P --indv X16_L --window-pi 500000 --out /storage1/chris/arabidopsis_Alyrata_107/relatedness_stats/X01_P_vs_X16_L.windowed.pi
        

[Wed Oct 18 00:19:31 2023]
rule calculate_pi:
    input: /storage1/chris/arabidopsis_Alyrata_107/arabidopsis_Alyrata_107.filtered.vcf.gz
    output: /storage1/chris/arabidopsis_Alyrata_107/relatedness_stats/X03_P01_vs_X07_P02.windowed.pi
    jobid: 602
    reason: Missing output files: /storage1/chris/arabidopsis_Alyrata_107/relatedness_stats/X03_P01_vs_X07_P02.windowed.pi
    wildcards: comparison=X03_P01_vs_X07_P02.windowed.pi
    resources: tmpdir=/tmp


        vcftools --gzvcf /storage1/chris/arabidopsis_Alyrata_107/arabidopsis_Alyrata_107.filtered.vcf.gz --indv X03_P01 --indv X07_P02 --window-pi 500000 --out /storage1/chris/arabidopsis_Alyrata_107/relatedness_stats/X03_P01_vs_X07_P02.windowed.pi
        

[Wed Oct 18 00:19:31 2023]
rule calculate_pi:
    input: /storage1/chris/arabidopsis_Alyrata_107/arabidopsis_Alyrata_107.filtered.vcf.gz
    output: /storage1/chris/arabidopsis_Alyrata_107/relatedness_stats/X05_P01_vs_X15_P02.windowed.pi
    jobid: 1022
    reason: Missing output files: /storage1/chris/arabidopsis_Alyrata_107/relatedness_stats/X05_P01_vs_X15_P02.windowed.pi
    wildcards: comparison=X05_P01_vs_X15_P02.windowed.pi
    resources: tmpdir=/tmp


        vcftools --gzvcf /storage1/chris/arabidopsis_Alyrata_107/arabidopsis_Alyrata_107.filtered.vcf.gz --indv X05_P01 --indv X15_P02 --window-pi 500000 --out /storage1/chris/arabidopsis_Alyrata_107/relatedness_stats/X05_P01_vs_X15_P02.windowed.pi
        

[Wed Oct 18 00:19:31 2023]
rule calculate_pi:
    input: /storage1/chris/arabidopsis_Alyrata_107/arabidopsis_Alyrata_107.filtered.vcf.gz
    output: /storage1/chris/arabidopsis_Alyrata_107/relatedness_stats/X09_P_vs_X11_P02.windowed.pi
    jobid: 1561
    reason: Missing output files: /storage1/chris/arabidopsis_Alyrata_107/relatedness_stats/X09_P_vs_X11_P02.windowed.pi
    wildcards: comparison=X09_P_vs_X11_P02.windowed.pi
    resources: tmpdir=/tmp


        vcftools --gzvcf /storage1/chris/arabidopsis_Alyrata_107/arabidopsis_Alyrata_107.filtered.vcf.gz --indv X09_P --indv X11_P02 --window-pi 500000 --out /storage1/chris/arabidopsis_Alyrata_107/relatedness_stats/X09_P_vs_X11_P02.windowed.pi
        

[Wed Oct 18 00:19:31 2023]
rule calculate_pi:
    input: /storage1/chris/arabidopsis_Alyrata_107/arabidopsis_Alyrata_107.filtered.vcf.gz
    output: /storage1/chris/arabidopsis_Alyrata_107/relatedness_stats/X05_P02_vs_X06_P01.windowed.pi
    jobid: 1029
    reason: Missing output files: /storage1/chris/arabidopsis_Alyrata_107/relatedness_stats/X05_P02_vs_X06_P01.windowed.pi
    wildcards: comparison=X05_P02_vs_X06_P01.windowed.pi
    resources: tmpdir=/tmp


        vcftools --gzvcf /storage1/chris/arabidopsis_Alyrata_107/arabidopsis_Alyrata_107.filtered.vcf.gz --indv X05_P02 --indv X06_P01 --window-pi 500000 --out /storage1/chris/arabidopsis_Alyrata_107/relatedness_stats/X05_P02_vs_X06_P01.windowed.pi
        

[Wed Oct 18 00:19:31 2023]
rule calculate_pi:
    input: /storage1/chris/arabidopsis_Alyrata_107/arabidopsis_Alyrata_107.filtered.vcf.gz
    output: /storage1/chris/arabidopsis_Alyrata_107/relatedness_stats/X09_P_vs_X13_P02.windowed.pi
    jobid: 1569
    reason: Missing output files: /storage1/chris/arabidopsis_Alyrata_107/relatedness_stats/X09_P_vs_X13_P02.windowed.pi
    wildcards: comparison=X09_P_vs_X13_P02.windowed.pi
    resources: tmpdir=/tmp


        vcftools --gzvcf /storage1/chris/arabidopsis_Alyrata_107/arabidopsis_Alyrata_107.filtered.vcf.gz --indv X09_P --indv X13_P02 --window-pi 500000 --out /storage1/chris/arabidopsis_Alyrata_107/relatedness_stats/X09_P_vs_X13_P02.windowed.pi
        

[Wed Oct 18 00:19:31 2023]
rule calculate_pi:
    input: /storage1/chris/arabidopsis_Alyrata_107/arabidopsis_Alyrata_107.filtered.vcf.gz
    output: /storage1/chris/arabidopsis_Alyrata_107/relatedness_stats/X02_P_vs_X11_L.windowed.pi
    jobid: 340
    reason: Missing output files: /storage1/chris/arabidopsis_Alyrata_107/relatedness_stats/X02_P_vs_X11_L.windowed.pi
    wildcards: comparison=X02_P_vs_X11_L.windowed.pi
    resources: tmpdir=/tmp


        vcftools --gzvcf /storage1/chris/arabidopsis_Alyrata_107/arabidopsis_Alyrata_107.filtered.vcf.gz --indv X02_P --indv X11_L --window-pi 500000 --out /storage1/chris/arabidopsis_Alyrata_107/relatedness_stats/X02_P_vs_X11_L.windowed.pi
        

[Wed Oct 18 00:19:31 2023]
rule calculate_pi:
    input: /storage1/chris/arabidopsis_Alyrata_107/arabidopsis_Alyrata_107.filtered.vcf.gz
    output: /storage1/chris/arabidopsis_Alyrata_107/relatedness_stats/X01_P_vs_X16_P.windowed.pi
    jobid: 123
    reason: Missing output files: /storage1/chris/arabidopsis_Alyrata_107/relatedness_stats/X01_P_vs_X16_P.windowed.pi
    wildcards: comparison=X01_P_vs_X16_P.windowed.pi
    resources: tmpdir=/tmp


        vcftools --gzvcf /storage1/chris/arabidopsis_Alyrata_107/arabidopsis_Alyrata_107.filtered.vcf.gz --indv X01_P --indv X16_P --window-pi 500000 --out /storage1/chris/arabidopsis_Alyrata_107/relatedness_stats/X01_P_vs_X16_P.windowed.pi
        

[Wed Oct 18 00:19:31 2023]
rule calculate_pi:
    input: /storage1/chris/arabidopsis_Alyrata_107/arabidopsis_Alyrata_107.filtered.vcf.gz
    output: /storage1/chris/arabidopsis_Alyrata_107/relatedness_stats/X03_P01_vs_X08_L.windowed.pi
    jobid: 603
    reason: Missing output files: /storage1/chris/arabidopsis_Alyrata_107/relatedness_stats/X03_P01_vs_X08_L.windowed.pi
    wildcards: comparison=X03_P01_vs_X08_L.windowed.pi
    resources: tmpdir=/tmp


        vcftools --gzvcf /storage1/chris/arabidopsis_Alyrata_107/arabidopsis_Alyrata_107.filtered.vcf.gz --indv X03_P01 --indv X08_L --window-pi 500000 --out /storage1/chris/arabidopsis_Alyrata_107/relatedness_stats/X03_P01_vs_X08_L.windowed.pi
        

[Wed Oct 18 00:19:31 2023]
rule calculate_pi:
    input: /storage1/chris/arabidopsis_Alyrata_107/arabidopsis_Alyrata_107.filtered.vcf.gz
    output: /storage1/chris/arabidopsis_Alyrata_107/relatedness_stats/X05_P01_vs_X16_L.windowed.pi
    jobid: 1023
    reason: Missing output files: /storage1/chris/arabidopsis_Alyrata_107/relatedness_stats/X05_P01_vs_X16_L.windowed.pi
    wildcards: comparison=X05_P01_vs_X16_L.windowed.pi
    resources: tmpdir=/tmp


        vcftools --gzvcf /storage1/chris/arabidopsis_Alyrata_107/arabidopsis_Alyrata_107.filtered.vcf.gz --indv X05_P01 --indv X16_L --window-pi 500000 --out /storage1/chris/arabidopsis_Alyrata_107/relatedness_stats/X05_P01_vs_X16_L.windowed.pi
        

[Wed Oct 18 00:19:31 2023]
rule calculate_pi:
    input: /storage1/chris/arabidopsis_Alyrata_107/arabidopsis_Alyrata_107.filtered.vcf.gz
    output: /storage1/chris/arabidopsis_Alyrata_107/relatedness_stats/X09_P_vs_X12_L.windowed.pi
    jobid: 1562
    reason: Missing output files: /storage1/chris/arabidopsis_Alyrata_107/relatedness_stats/X09_P_vs_X12_L.windowed.pi
    wildcards: comparison=X09_P_vs_X12_L.windowed.pi
    resources: tmpdir=/tmp


        vcftools --gzvcf /storage1/chris/arabidopsis_Alyrata_107/arabidopsis_Alyrata_107.filtered.vcf.gz --indv X09_P --indv X12_L --window-pi 500000 --out /storage1/chris/arabidopsis_Alyrata_107/relatedness_stats/X09_P_vs_X12_L.windowed.pi
        

[Wed Oct 18 00:19:31 2023]
rule calculate_pi:
    input: /storage1/chris/arabidopsis_Alyrata_107/arabidopsis_Alyrata_107.filtered.vcf.gz
    output: /storage1/chris/arabidopsis_Alyrata_107/relatedness_stats/X05_P02_vs_X06_P02.windowed.pi
    jobid: 1030
    reason: Missing output files: /storage1/chris/arabidopsis_Alyrata_107/relatedness_stats/X05_P02_vs_X06_P02.windowed.pi
    wildcards: comparison=X05_P02_vs_X06_P02.windowed.pi
    resources: tmpdir=/tmp


        vcftools --gzvcf /storage1/chris/arabidopsis_Alyrata_107/arabidopsis_Alyrata_107.filtered.vcf.gz --indv X05_P02 --indv X06_P02 --window-pi 500000 --out /storage1/chris/arabidopsis_Alyrata_107/relatedness_stats/X05_P02_vs_X06_P02.windowed.pi
        

[Wed Oct 18 00:19:31 2023]
rule calculate_pi:
    input: /storage1/chris/arabidopsis_Alyrata_107/arabidopsis_Alyrata_107.filtered.vcf.gz
    output: /storage1/chris/arabidopsis_Alyrata_107/relatedness_stats/X01_P01_vs_X03_L.windowed.pi
    jobid: 131
    reason: Missing output files: /storage1/chris/arabidopsis_Alyrata_107/relatedness_stats/X01_P01_vs_X03_L.windowed.pi
    wildcards: comparison=X01_P01_vs_X03_L.windowed.pi
    resources: tmpdir=/tmp


        vcftools --gzvcf /storage1/chris/arabidopsis_Alyrata_107/arabidopsis_Alyrata_107.filtered.vcf.gz --indv X01_P01 --indv X03_L --window-pi 500000 --out /storage1/chris/arabidopsis_Alyrata_107/relatedness_stats/X01_P01_vs_X03_L.windowed.pi
        

[Wed Oct 18 00:19:31 2023]
rule calculate_pi:
    input: /storage1/chris/arabidopsis_Alyrata_107/arabidopsis_Alyrata_107.filtered.vcf.gz
    output: /storage1/chris/arabidopsis_Alyrata_107/relatedness_stats/X03_P01_vs_X10_L.windowed.pi
    jobid: 611
    reason: Missing output files: /storage1/chris/arabidopsis_Alyrata_107/relatedness_stats/X03_P01_vs_X10_L.windowed.pi
    wildcards: comparison=X03_P01_vs_X10_L.windowed.pi
    resources: tmpdir=/tmp


        vcftools --gzvcf /storage1/chris/arabidopsis_Alyrata_107/arabidopsis_Alyrata_107.filtered.vcf.gz --indv X03_P01 --indv X10_L --window-pi 500000 --out /storage1/chris/arabidopsis_Alyrata_107/relatedness_stats/X03_P01_vs_X10_L.windowed.pi
        

[Wed Oct 18 00:19:31 2023]
rule calculate_pi:
    input: /storage1/chris/arabidopsis_Alyrata_107/arabidopsis_Alyrata_107.filtered.vcf.gz
    output: /storage1/chris/arabidopsis_Alyrata_107/relatedness_stats/X09_P_vs_X14_L.windowed.pi
    jobid: 1570
    reason: Missing output files: /storage1/chris/arabidopsis_Alyrata_107/relatedness_stats/X09_P_vs_X14_L.windowed.pi
    wildcards: comparison=X09_P_vs_X14_L.windowed.pi
    resources: tmpdir=/tmp


        vcftools --gzvcf /storage1/chris/arabidopsis_Alyrata_107/arabidopsis_Alyrata_107.filtered.vcf.gz --indv X09_P --indv X14_L --window-pi 500000 --out /storage1/chris/arabidopsis_Alyrata_107/relatedness_stats/X09_P_vs_X14_L.windowed.pi
        

[Wed Oct 18 00:19:31 2023]
rule calculate_pi:
    input: /storage1/chris/arabidopsis_Alyrata_107/arabidopsis_Alyrata_107.filtered.vcf.gz
    output: /storage1/chris/arabidopsis_Alyrata_107/relatedness_stats/X01_P_vs_X16_P01.windowed.pi
    jobid: 124
    reason: Missing output files: /storage1/chris/arabidopsis_Alyrata_107/relatedness_stats/X01_P_vs_X16_P01.windowed.pi
    wildcards: comparison=X01_P_vs_X16_P01.windowed.pi
    resources: tmpdir=/tmp


        vcftools --gzvcf /storage1/chris/arabidopsis_Alyrata_107/arabidopsis_Alyrata_107.filtered.vcf.gz --indv X01_P --indv X16_P01 --window-pi 500000 --out /storage1/chris/arabidopsis_Alyrata_107/relatedness_stats/X01_P_vs_X16_P01.windowed.pi
        

[Wed Oct 18 00:19:31 2023]
rule calculate_pi:
    input: /storage1/chris/arabidopsis_Alyrata_107/arabidopsis_Alyrata_107.filtered.vcf.gz
    output: /storage1/chris/arabidopsis_Alyrata_107/relatedness_stats/X01_P_vs_X15_P02.windowed.pi
    jobid: 121
    reason: Missing output files: /storage1/chris/arabidopsis_Alyrata_107/relatedness_stats/X01_P_vs_X15_P02.windowed.pi
    wildcards: comparison=X01_P_vs_X15_P02.windowed.pi
    resources: tmpdir=/tmp


        vcftools --gzvcf /storage1/chris/arabidopsis_Alyrata_107/arabidopsis_Alyrata_107.filtered.vcf.gz --indv X01_P --indv X15_P02 --window-pi 500000 --out /storage1/chris/arabidopsis_Alyrata_107/relatedness_stats/X01_P_vs_X15_P02.windowed.pi
        

[Wed Oct 18 00:19:31 2023]
rule calculate_pi:
    input: /storage1/chris/arabidopsis_Alyrata_107/arabidopsis_Alyrata_107.filtered.vcf.gz
    output: /storage1/chris/arabidopsis_Alyrata_107/relatedness_stats/X05_P01_vs_X15_P01.windowed.pi
    jobid: 1021
    reason: Missing output files: /storage1/chris/arabidopsis_Alyrata_107/relatedness_stats/X05_P01_vs_X15_P01.windowed.pi
    wildcards: comparison=X05_P01_vs_X15_P01.windowed.pi
    resources: tmpdir=/tmp


        vcftools --gzvcf /storage1/chris/arabidopsis_Alyrata_107/arabidopsis_Alyrata_107.filtered.vcf.gz --indv X05_P01 --indv X15_P01 --window-pi 500000 --out /storage1/chris/arabidopsis_Alyrata_107/relatedness_stats/X05_P01_vs_X15_P01.windowed.pi
        

[Wed Oct 18 00:19:31 2023]
rule calculate_pi:
    input: /storage1/chris/arabidopsis_Alyrata_107/arabidopsis_Alyrata_107.filtered.vcf.gz
    output: /storage1/chris/arabidopsis_Alyrata_107/relatedness_stats/X09_P_vs_X11_P01.windowed.pi
    jobid: 1560
    reason: Missing output files: /storage1/chris/arabidopsis_Alyrata_107/relatedness_stats/X09_P_vs_X11_P01.windowed.pi
    wildcards: comparison=X09_P_vs_X11_P01.windowed.pi
    resources: tmpdir=/tmp


        vcftools --gzvcf /storage1/chris/arabidopsis_Alyrata_107/arabidopsis_Alyrata_107.filtered.vcf.gz --indv X09_P --indv X11_P01 --window-pi 500000 --out /storage1/chris/arabidopsis_Alyrata_107/relatedness_stats/X09_P_vs_X11_P01.windowed.pi
        

[Wed Oct 18 00:19:31 2023]
rule calculate_pi:
    input: /storage1/chris/arabidopsis_Alyrata_107/arabidopsis_Alyrata_107.filtered.vcf.gz
    output: /storage1/chris/arabidopsis_Alyrata_107/relatedness_stats/X03_P01_vs_X08_P.windowed.pi
    jobid: 604
    reason: Missing output files: /storage1/chris/arabidopsis_Alyrata_107/relatedness_stats/X03_P01_vs_X08_P.windowed.pi
    wildcards: comparison=X03_P01_vs_X08_P.windowed.pi
    resources: tmpdir=/tmp


        vcftools --gzvcf /storage1/chris/arabidopsis_Alyrata_107/arabidopsis_Alyrata_107.filtered.vcf.gz --indv X03_P01 --indv X08_P --window-pi 500000 --out /storage1/chris/arabidopsis_Alyrata_107/relatedness_stats/X03_P01_vs_X08_P.windowed.pi
        

[Wed Oct 18 00:19:31 2023]
rule calculate_pi:
    input: /storage1/chris/arabidopsis_Alyrata_107/arabidopsis_Alyrata_107.filtered.vcf.gz
    output: /storage1/chris/arabidopsis_Alyrata_107/relatedness_stats/X09_P_vs_X12_P.windowed.pi
    jobid: 1563
    reason: Missing output files: /storage1/chris/arabidopsis_Alyrata_107/relatedness_stats/X09_P_vs_X12_P.windowed.pi
    wildcards: comparison=X09_P_vs_X12_P.windowed.pi
    resources: tmpdir=/tmp


        vcftools --gzvcf /storage1/chris/arabidopsis_Alyrata_107/arabidopsis_Alyrata_107.filtered.vcf.gz --indv X09_P --indv X12_P --window-pi 500000 --out /storage1/chris/arabidopsis_Alyrata_107/relatedness_stats/X09_P_vs_X12_P.windowed.pi
        

[Wed Oct 18 00:19:31 2023]
rule calculate_pi:
    input: /storage1/chris/arabidopsis_Alyrata_107/arabidopsis_Alyrata_107.filtered.vcf.gz
    output: /storage1/chris/arabidopsis_Alyrata_107/relatedness_stats/X01_P_vs_X16_P02.windowed.pi
    jobid: 125
    reason: Missing output files: /storage1/chris/arabidopsis_Alyrata_107/relatedness_stats/X01_P_vs_X16_P02.windowed.pi
    wildcards: comparison=X01_P_vs_X16_P02.windowed.pi
    resources: tmpdir=/tmp


        vcftools --gzvcf /storage1/chris/arabidopsis_Alyrata_107/arabidopsis_Alyrata_107.filtered.vcf.gz --indv X01_P --indv X16_P02 --window-pi 500000 --out /storage1/chris/arabidopsis_Alyrata_107/relatedness_stats/X01_P_vs_X16_P02.windowed.pi
        

[Wed Oct 18 00:19:31 2023]
rule calculate_pi:
    input: /storage1/chris/arabidopsis_Alyrata_107/arabidopsis_Alyrata_107.filtered.vcf.gz
    output: /storage1/chris/arabidopsis_Alyrata_107/relatedness_stats/X01_P_vs_X15_L.windowed.pi
    jobid: 118
    reason: Missing output files: /storage1/chris/arabidopsis_Alyrata_107/relatedness_stats/X01_P_vs_X15_L.windowed.pi
    wildcards: comparison=X01_P_vs_X15_L.windowed.pi
    resources: tmpdir=/tmp


        vcftools --gzvcf /storage1/chris/arabidopsis_Alyrata_107/arabidopsis_Alyrata_107.filtered.vcf.gz --indv X01_P --indv X15_L --window-pi 500000 --out /storage1/chris/arabidopsis_Alyrata_107/relatedness_stats/X01_P_vs_X15_L.windowed.pi
        

[Wed Oct 18 00:19:31 2023]
rule calculate_pi:
    input: /storage1/chris/arabidopsis_Alyrata_107/arabidopsis_Alyrata_107.filtered.vcf.gz
    output: /storage1/chris/arabidopsis_Alyrata_107/relatedness_stats/X03_P01_vs_X06_P02.windowed.pi
    jobid: 598
    reason: Missing output files: /storage1/chris/arabidopsis_Alyrata_107/relatedness_stats/X03_P01_vs_X06_P02.windowed.pi
    wildcards: comparison=X03_P01_vs_X06_P02.windowed.pi
    resources: tmpdir=/tmp


        vcftools --gzvcf /storage1/chris/arabidopsis_Alyrata_107/arabidopsis_Alyrata_107.filtered.vcf.gz --indv X03_P01 --indv X06_P02 --window-pi 500000 --out /storage1/chris/arabidopsis_Alyrata_107/relatedness_stats/X03_P01_vs_X06_P02.windowed.pi
        

[Wed Oct 18 00:19:31 2023]
rule calculate_pi:
    input: /storage1/chris/arabidopsis_Alyrata_107/arabidopsis_Alyrata_107.filtered.vcf.gz
    output: /storage1/chris/arabidopsis_Alyrata_107/relatedness_stats/X05_P01_vs_X14_P02.windowed.pi
    jobid: 1018
    reason: Missing output files: /storage1/chris/arabidopsis_Alyrata_107/relatedness_stats/X05_P01_vs_X14_P02.windowed.pi
    wildcards: comparison=X05_P01_vs_X14_P02.windowed.pi
    resources: tmpdir=/tmp


        vcftools --gzvcf /storage1/chris/arabidopsis_Alyrata_107/arabidopsis_Alyrata_107.filtered.vcf.gz --indv X05_P01 --indv X14_P02 --window-pi 500000 --out /storage1/chris/arabidopsis_Alyrata_107/relatedness_stats/X05_P01_vs_X14_P02.windowed.pi
        

[Wed Oct 18 00:19:31 2023]
rule calculate_pi:
    input: /storage1/chris/arabidopsis_Alyrata_107/arabidopsis_Alyrata_107.filtered.vcf.gz
    output: /storage1/chris/arabidopsis_Alyrata_107/relatedness_stats/X09_P_vs_X10_P02.windowed.pi
    jobid: 1557
    reason: Missing output files: /storage1/chris/arabidopsis_Alyrata_107/relatedness_stats/X09_P_vs_X10_P02.windowed.pi
    wildcards: comparison=X09_P_vs_X10_P02.windowed.pi
    resources: tmpdir=/tmp


        vcftools --gzvcf /storage1/chris/arabidopsis_Alyrata_107/arabidopsis_Alyrata_107.filtered.vcf.gz --indv X09_P --indv X10_P02 --window-pi 500000 --out /storage1/chris/arabidopsis_Alyrata_107/relatedness_stats/X09_P_vs_X10_P02.windowed.pi
        

[Wed Oct 18 00:19:31 2023]
rule calculate_pi:
    input: /storage1/chris/arabidopsis_Alyrata_107/arabidopsis_Alyrata_107.filtered.vcf.gz
    output: /storage1/chris/arabidopsis_Alyrata_107/relatedness_stats/X09_P01_vs_X16_P02.windowed.pi
    jobid: 1610
    reason: Missing output files: /storage1/chris/arabidopsis_Alyrata_107/relatedness_stats/X09_P01_vs_X16_P02.windowed.pi
    wildcards: comparison=X09_P01_vs_X16_P02.windowed.pi
    resources: tmpdir=/tmp


        vcftools --gzvcf /storage1/chris/arabidopsis_Alyrata_107/arabidopsis_Alyrata_107.filtered.vcf.gz --indv X09_P01 --indv X16_P02 --window-pi 500000 --out /storage1/chris/arabidopsis_Alyrata_107/relatedness_stats/X09_P01_vs_X16_P02.windowed.pi
        

[Wed Oct 18 00:19:31 2023]
rule calculate_pi:
    input: /storage1/chris/arabidopsis_Alyrata_107/arabidopsis_Alyrata_107.filtered.vcf.gz
    output: /storage1/chris/arabidopsis_Alyrata_107/relatedness_stats/X03_P01_vs_X07_L.windowed.pi
    jobid: 599
    reason: Missing output files: /storage1/chris/arabidopsis_Alyrata_107/relatedness_stats/X03_P01_vs_X07_L.windowed.pi
    wildcards: comparison=X03_P01_vs_X07_L.windowed.pi
    resources: tmpdir=/tmp


        vcftools --gzvcf /storage1/chris/arabidopsis_Alyrata_107/arabidopsis_Alyrata_107.filtered.vcf.gz --indv X03_P01 --indv X07_L --window-pi 500000 --out /storage1/chris/arabidopsis_Alyrata_107/relatedness_stats/X03_P01_vs_X07_L.windowed.pi
        

[Wed Oct 18 00:19:31 2023]
rule calculate_pi:
    input: /storage1/chris/arabidopsis_Alyrata_107/arabidopsis_Alyrata_107.filtered.vcf.gz
    output: /storage1/chris/arabidopsis_Alyrata_107/relatedness_stats/X05_P01_vs_X15_L.windowed.pi
    jobid: 1019
    reason: Missing output files: /storage1/chris/arabidopsis_Alyrata_107/relatedness_stats/X05_P01_vs_X15_L.windowed.pi
    wildcards: comparison=X05_P01_vs_X15_L.windowed.pi
    resources: tmpdir=/tmp


        vcftools --gzvcf /storage1/chris/arabidopsis_Alyrata_107/arabidopsis_Alyrata_107.filtered.vcf.gz --indv X05_P01 --indv X15_L --window-pi 500000 --out /storage1/chris/arabidopsis_Alyrata_107/relatedness_stats/X05_P01_vs_X15_L.windowed.pi
        

[Wed Oct 18 00:19:31 2023]
rule calculate_pi:
    input: /storage1/chris/arabidopsis_Alyrata_107/arabidopsis_Alyrata_107.filtered.vcf.gz
    output: /storage1/chris/arabidopsis_Alyrata_107/relatedness_stats/X09_P_vs_X11_L.windowed.pi
    jobid: 1558
    reason: Missing output files: /storage1/chris/arabidopsis_Alyrata_107/relatedness_stats/X09_P_vs_X11_L.windowed.pi
    wildcards: comparison=X09_P_vs_X11_L.windowed.pi
    resources: tmpdir=/tmp


        vcftools --gzvcf /storage1/chris/arabidopsis_Alyrata_107/arabidopsis_Alyrata_107.filtered.vcf.gz --indv X09_P --indv X11_L --window-pi 500000 --out /storage1/chris/arabidopsis_Alyrata_107/relatedness_stats/X09_P_vs_X11_L.windowed.pi
        

[Wed Oct 18 00:19:31 2023]
rule calculate_pi:
    input: /storage1/chris/arabidopsis_Alyrata_107/arabidopsis_Alyrata_107.filtered.vcf.gz
    output: /storage1/chris/arabidopsis_Alyrata_107/relatedness_stats/X01_P_vs_X15_P.windowed.pi
    jobid: 119
    reason: Missing output files: /storage1/chris/arabidopsis_Alyrata_107/relatedness_stats/X01_P_vs_X15_P.windowed.pi
    wildcards: comparison=X01_P_vs_X15_P.windowed.pi
    resources: tmpdir=/tmp


        vcftools --gzvcf /storage1/chris/arabidopsis_Alyrata_107/arabidopsis_Alyrata_107.filtered.vcf.gz --indv X01_P --indv X15_P --window-pi 500000 --out /storage1/chris/arabidopsis_Alyrata_107/relatedness_stats/X01_P_vs_X15_P.windowed.pi
        

[Wed Oct 18 00:19:31 2023]
rule calculate_pi:
    input: /storage1/chris/arabidopsis_Alyrata_107/arabidopsis_Alyrata_107.filtered.vcf.gz
    output: /storage1/chris/arabidopsis_Alyrata_107/relatedness_stats/X02_P_vs_X14_L.windowed.pi
    jobid: 352
    reason: Missing output files: /storage1/chris/arabidopsis_Alyrata_107/relatedness_stats/X02_P_vs_X14_L.windowed.pi
    wildcards: comparison=X02_P_vs_X14_L.windowed.pi
    resources: tmpdir=/tmp


        vcftools --gzvcf /storage1/chris/arabidopsis_Alyrata_107/arabidopsis_Alyrata_107.filtered.vcf.gz --indv X02_P --indv X14_L --window-pi 500000 --out /storage1/chris/arabidopsis_Alyrata_107/relatedness_stats/X02_P_vs_X14_L.windowed.pi
        

[Wed Oct 18 00:19:31 2023]
rule calculate_pi:
    input: /storage1/chris/arabidopsis_Alyrata_107/arabidopsis_Alyrata_107.filtered.vcf.gz
    output: /storage1/chris/arabidopsis_Alyrata_107/relatedness_stats/X04_P_vs_X12_L.windowed.pi
    jobid: 772
    reason: Missing output files: /storage1/chris/arabidopsis_Alyrata_107/relatedness_stats/X04_P_vs_X12_L.windowed.pi
    wildcards: comparison=X04_P_vs_X12_L.windowed.pi
    resources: tmpdir=/tmp


        vcftools --gzvcf /storage1/chris/arabidopsis_Alyrata_107/arabidopsis_Alyrata_107.filtered.vcf.gz --indv X04_P --indv X12_L --window-pi 500000 --out /storage1/chris/arabidopsis_Alyrata_107/relatedness_stats/X04_P_vs_X12_L.windowed.pi
        

[Wed Oct 18 00:19:31 2023]
rule calculate_pi:
    input: /storage1/chris/arabidopsis_Alyrata_107/arabidopsis_Alyrata_107.filtered.vcf.gz
    output: /storage1/chris/arabidopsis_Alyrata_107/relatedness_stats/X01_P_vs_X15_P01.windowed.pi
    jobid: 120
    reason: Missing output files: /storage1/chris/arabidopsis_Alyrata_107/relatedness_stats/X01_P_vs_X15_P01.windowed.pi
    wildcards: comparison=X01_P_vs_X15_P01.windowed.pi
    resources: tmpdir=/tmp


        vcftools --gzvcf /storage1/chris/arabidopsis_Alyrata_107/arabidopsis_Alyrata_107.filtered.vcf.gz --indv X01_P --indv X15_P01 --window-pi 500000 --out /storage1/chris/arabidopsis_Alyrata_107/relatedness_stats/X01_P_vs_X15_P01.windowed.pi
        

[Wed Oct 18 00:19:31 2023]
rule calculate_pi:
    input: /storage1/chris/arabidopsis_Alyrata_107/arabidopsis_Alyrata_107.filtered.vcf.gz
    output: /storage1/chris/arabidopsis_Alyrata_107/relatedness_stats/X03_P01_vs_X07_P.windowed.pi
    jobid: 600
    reason: Missing output files: /storage1/chris/arabidopsis_Alyrata_107/relatedness_stats/X03_P01_vs_X07_P.windowed.pi
    wildcards: comparison=X03_P01_vs_X07_P.windowed.pi
    resources: tmpdir=/tmp


        vcftools --gzvcf /storage1/chris/arabidopsis_Alyrata_107/arabidopsis_Alyrata_107.filtered.vcf.gz --indv X03_P01 --indv X07_P --window-pi 500000 --out /storage1/chris/arabidopsis_Alyrata_107/relatedness_stats/X03_P01_vs_X07_P.windowed.pi
        

[Wed Oct 18 00:19:31 2023]
rule calculate_pi:
    input: /storage1/chris/arabidopsis_Alyrata_107/arabidopsis_Alyrata_107.filtered.vcf.gz
    output: /storage1/chris/arabidopsis_Alyrata_107/relatedness_stats/X05_P01_vs_X15_P.windowed.pi
    jobid: 1020
    reason: Missing output files: /storage1/chris/arabidopsis_Alyrata_107/relatedness_stats/X05_P01_vs_X15_P.windowed.pi
    wildcards: comparison=X05_P01_vs_X15_P.windowed.pi
    resources: tmpdir=/tmp


        vcftools --gzvcf /storage1/chris/arabidopsis_Alyrata_107/arabidopsis_Alyrata_107.filtered.vcf.gz --indv X05_P01 --indv X15_P --window-pi 500000 --out /storage1/chris/arabidopsis_Alyrata_107/relatedness_stats/X05_P01_vs_X15_P.windowed.pi
        

[Wed Oct 18 00:19:31 2023]
rule calculate_pi:
    input: /storage1/chris/arabidopsis_Alyrata_107/arabidopsis_Alyrata_107.filtered.vcf.gz
    output: /storage1/chris/arabidopsis_Alyrata_107/relatedness_stats/X09_P_vs_X11_P.windowed.pi
    jobid: 1559
    reason: Missing output files: /storage1/chris/arabidopsis_Alyrata_107/relatedness_stats/X09_P_vs_X11_P.windowed.pi
    wildcards: comparison=X09_P_vs_X11_P.windowed.pi
    resources: tmpdir=/tmp


        vcftools --gzvcf /storage1/chris/arabidopsis_Alyrata_107/arabidopsis_Alyrata_107.filtered.vcf.gz --indv X09_P --indv X11_P --window-pi 500000 --out /storage1/chris/arabidopsis_Alyrata_107/relatedness_stats/X09_P_vs_X11_P.windowed.pi
        

[Wed Oct 18 00:19:31 2023]
rule calculate_pi:
    input: /storage1/chris/arabidopsis_Alyrata_107/arabidopsis_Alyrata_107.filtered.vcf.gz
    output: /storage1/chris/arabidopsis_Alyrata_107/relatedness_stats/X05_P02_vs_X06_L.windowed.pi
    jobid: 1027
    reason: Missing output files: /storage1/chris/arabidopsis_Alyrata_107/relatedness_stats/X05_P02_vs_X06_L.windowed.pi
    wildcards: comparison=X05_P02_vs_X06_L.windowed.pi
    resources: tmpdir=/tmp


        vcftools --gzvcf /storage1/chris/arabidopsis_Alyrata_107/arabidopsis_Alyrata_107.filtered.vcf.gz --indv X05_P02 --indv X06_L --window-pi 500000 --out /storage1/chris/arabidopsis_Alyrata_107/relatedness_stats/X05_P02_vs_X06_L.windowed.pi
        

[Wed Oct 18 00:19:31 2023]
rule calculate_pi:
    input: /storage1/chris/arabidopsis_Alyrata_107/arabidopsis_Alyrata_107.filtered.vcf.gz
    output: /storage1/chris/arabidopsis_Alyrata_107/relatedness_stats/X04_P_vs_X12_P.windowed.pi
    jobid: 773
    reason: Missing output files: /storage1/chris/arabidopsis_Alyrata_107/relatedness_stats/X04_P_vs_X12_P.windowed.pi
    wildcards: comparison=X04_P_vs_X12_P.windowed.pi
    resources: tmpdir=/tmp


        vcftools --gzvcf /storage1/chris/arabidopsis_Alyrata_107/arabidopsis_Alyrata_107.filtered.vcf.gz --indv X04_P --indv X12_P --window-pi 500000 --out /storage1/chris/arabidopsis_Alyrata_107/relatedness_stats/X04_P_vs_X12_P.windowed.pi
        

[Wed Oct 18 00:19:31 2023]
rule calculate_pi:
    input: /storage1/chris/arabidopsis_Alyrata_107/arabidopsis_Alyrata_107.filtered.vcf.gz
    output: /storage1/chris/arabidopsis_Alyrata_107/relatedness_stats/X03_P01_vs_X07_P01.windowed.pi
    jobid: 601
    reason: Missing output files: /storage1/chris/arabidopsis_Alyrata_107/relatedness_stats/X03_P01_vs_X07_P01.windowed.pi
    wildcards: comparison=X03_P01_vs_X07_P01.windowed.pi
    resources: tmpdir=/tmp


        vcftools --gzvcf /storage1/chris/arabidopsis_Alyrata_107/arabidopsis_Alyrata_107.filtered.vcf.gz --indv X03_P01 --indv X07_P01 --window-pi 500000 --out /storage1/chris/arabidopsis_Alyrata_107/relatedness_stats/X03_P01_vs_X07_P01.windowed.pi
        
Terminating processes on user request, this might take some time.
[Wed Oct 18 00:19:36 2023]
Error in rule calculate_pi:
    jobid: 598
    input: /storage1/chris/arabidopsis_Alyrata_107/arabidopsis_Alyrata_107.filtered.vcf.gz
    output: /storage1/chris/arabidopsis_Alyrata_107/relatedness_stats/X03_P01_vs_X06_P02.windowed.pi
    shell:
        
        vcftools --gzvcf /storage1/chris/arabidopsis_Alyrata_107/arabidopsis_Alyrata_107.filtered.vcf.gz --indv X03_P01 --indv X06_P02 --window-pi 500000 --out /storage1/chris/arabidopsis_Alyrata_107/relatedness_stats/X03_P01_vs_X06_P02.windowed.pi
        
        (one of the commands exited with non-zero exit code; note that snakemake uses bash strict mode!)

[Wed Oct 18 00:19:36 2023]
[Wed Oct 18 00:19:36 2023]
[Wed Oct 18 00:19:36 2023]
[Wed Oct 18 00:19:36 2023]
[Wed Oct 18 00:19:36 2023]
[Wed Oct 18 00:19:36 2023]
[Wed Oct 18 00:19:36 2023]
[Wed Oct 18 00:19:36 2023]
[Wed Oct 18 00:19:36 2023]
[Wed Oct 18 00:19:36 2023]
[Wed Oct 18 00:19:36 2023]
[Wed Oct 18 00:19:36 2023]
[Wed Oct 18 00:19:36 2023]
[Wed Oct 18 00:19:36 2023]
[Wed Oct 18 00:19:36 2023]
[Wed Oct 18 00:19:36 2023]
[Wed Oct 18 00:19:36 2023]
[Wed Oct 18 00:19:36 2023]
Error in rule calculate_pi:
    jobid: 602
    input: /storage1/chris/arabidopsis_Alyrata_107/arabidopsis_Alyrata_107.filtered.vcf.gz
    output: /storage1/chris/arabidopsis_Alyrata_107/relatedness_stats/X03_P01_vs_X07_P02.windowed.pi
    shell:
        
        vcftools --gzvcf /storage1/chris/arabidopsis_Alyrata_107/arabidopsis_Alyrata_107.filtered.vcf.gz --indv X03_P01 --indv X07_P02 --window-pi 500000 --out /storage1/chris/arabidopsis_Alyrata_107/relatedness_stats/X03_P01_vs_X07_P02.windowed.pi
        
        (one of the commands exited with non-zero exit code; note that snakemake uses bash strict mode!)

[Wed Oct 18 00:19:36 2023]
[Wed Oct 18 00:19:36 2023]
[Wed Oct 18 00:19:36 2023]
[Wed Oct 18 00:19:36 2023]
[Wed Oct 18 00:19:36 2023]
[Wed Oct 18 00:19:36 2023]
[Wed Oct 18 00:19:36 2023]
[Wed Oct 18 00:19:36 2023]
[Wed Oct 18 00:19:36 2023]
[Wed Oct 18 00:19:36 2023]
[Wed Oct 18 00:19:36 2023]
[Wed Oct 18 00:19:36 2023]
Error in rule calculate_pi:
    jobid: 1610
    input: /storage1/chris/arabidopsis_Alyrata_107/arabidopsis_Alyrata_107.filtered.vcf.gz
    output: /storage1/chris/arabidopsis_Alyrata_107/relatedness_stats/X09_P01_vs_X16_P02.windowed.pi
    shell:
        
        vcftools --gzvcf /storage1/chris/arabidopsis_Alyrata_107/arabidopsis_Alyrata_107.filtered.vcf.gz --indv X09_P01 --indv X16_P02 --window-pi 500000 --out /storage1/chris/arabidopsis_Alyrata_107/relatedness_stats/X09_P01_vs_X16_P02.windowed.pi
        
        (one of the commands exited with non-zero exit code; note that snakemake uses bash strict mode!)

[Wed Oct 18 00:19:36 2023]
[Wed Oct 18 00:19:36 2023]
[Wed Oct 18 00:19:36 2023]
[Wed Oct 18 00:19:36 2023]
[Wed Oct 18 00:19:36 2023]
[Wed Oct 18 00:19:36 2023]
[Wed Oct 18 00:19:36 2023]
[Wed Oct 18 00:19:36 2023]
Error in rule calculate_pi:
    jobid: 1562
    input: /storage1/chris/arabidopsis_Alyrata_107/arabidopsis_Alyrata_107.filtered.vcf.gz
    output: /storage1/chris/arabidopsis_Alyrata_107/relatedness_stats/X09_P_vs_X12_L.windowed.pi
    shell:
        
        vcftools --gzvcf /storage1/chris/arabidopsis_Alyrata_107/arabidopsis_Alyrata_107.filtered.vcf.gz --indv X09_P --indv X12_L --window-pi 500000 --out /storage1/chris/arabidopsis_Alyrata_107/relatedness_stats/X09_P_vs_X12_L.windowed.pi
        
        (one of the commands exited with non-zero exit code; note that snakemake uses bash strict mode!)

[Wed Oct 18 00:19:36 2023]
Error in rule calculate_pi:
    jobid: 1560
    input: /storage1/chris/arabidopsis_Alyrata_107/arabidopsis_Alyrata_107.filtered.vcf.gz
    output: /storage1/chris/arabidopsis_Alyrata_107/relatedness_stats/X09_P_vs_X11_P01.windowed.pi
    shell:
        
        vcftools --gzvcf /storage1/chris/arabidopsis_Alyrata_107/arabidopsis_Alyrata_107.filtered.vcf.gz --indv X09_P --indv X11_P01 --window-pi 500000 --out /storage1/chris/arabidopsis_Alyrata_107/relatedness_stats/X09_P_vs_X11_P01.windowed.pi
        
        (one of the commands exited with non-zero exit code; note that snakemake uses bash strict mode!)

Error in rule calculate_pi:
    jobid: 119
    input: /storage1/chris/arabidopsis_Alyrata_107/arabidopsis_Alyrata_107.filtered.vcf.gz
    output: /storage1/chris/arabidopsis_Alyrata_107/relatedness_stats/X01_P_vs_X15_P.windowed.pi
    shell:
        
        vcftools --gzvcf /storage1/chris/arabidopsis_Alyrata_107/arabidopsis_Alyrata_107.filtered.vcf.gz --indv X01_P --indv X15_P --window-pi 500000 --out /storage1/chris/arabidopsis_Alyrata_107/relatedness_stats/X01_P_vs_X15_P.windowed.pi
        
        (one of the commands exited with non-zero exit code; note that snakemake uses bash strict mode!)

Error in rule calculate_pi:
    jobid: 601
    input: /storage1/chris/arabidopsis_Alyrata_107/arabidopsis_Alyrata_107.filtered.vcf.gz
    output: /storage1/chris/arabidopsis_Alyrata_107/relatedness_stats/X03_P01_vs_X07_P01.windowed.pi
    shell:
        
        vcftools --gzvcf /storage1/chris/arabidopsis_Alyrata_107/arabidopsis_Alyrata_107.filtered.vcf.gz --indv X03_P01 --indv X07_P01 --window-pi 500000 --out /storage1/chris/arabidopsis_Alyrata_107/relatedness_stats/X03_P01_vs_X07_P01.windowed.pi
        
        (one of the commands exited with non-zero exit code; note that snakemake uses bash strict mode!)

Error in rule calculate_pi:
    jobid: 1557
    input: /storage1/chris/arabidopsis_Alyrata_107/arabidopsis_Alyrata_107.filtered.vcf.gz
    output: /storage1/chris/arabidopsis_Alyrata_107/relatedness_stats/X09_P_vs_X10_P02.windowed.pi
    shell:
        
        vcftools --gzvcf /storage1/chris/arabidopsis_Alyrata_107/arabidopsis_Alyrata_107.filtered.vcf.gz --indv X09_P --indv X10_P02 --window-pi 500000 --out /storage1/chris/arabidopsis_Alyrata_107/relatedness_stats/X09_P_vs_X10_P02.windowed.pi
        
        (one of the commands exited with non-zero exit code; note that snakemake uses bash strict mode!)

Error in rule calculate_pi:
    jobid: 773
    input: /storage1/chris/arabidopsis_Alyrata_107/arabidopsis_Alyrata_107.filtered.vcf.gz
    output: /storage1/chris/arabidopsis_Alyrata_107/relatedness_stats/X04_P_vs_X12_P.windowed.pi
    shell:
        
        vcftools --gzvcf /storage1/chris/arabidopsis_Alyrata_107/arabidopsis_Alyrata_107.filtered.vcf.gz --indv X04_P --indv X12_P --window-pi 500000 --out /storage1/chris/arabidopsis_Alyrata_107/relatedness_stats/X04_P_vs_X12_P.windowed.pi
        
        (one of the commands exited with non-zero exit code; note that snakemake uses bash strict mode!)

Error in rule calculate_pi:
    jobid: 1563
    input: /storage1/chris/arabidopsis_Alyrata_107/arabidopsis_Alyrata_107.filtered.vcf.gz
    output: /storage1/chris/arabidopsis_Alyrata_107/relatedness_stats/X09_P_vs_X12_P.windowed.pi
    shell:
        
        vcftools --gzvcf /storage1/chris/arabidopsis_Alyrata_107/arabidopsis_Alyrata_107.filtered.vcf.gz --indv X09_P --indv X12_P --window-pi 500000 --out /storage1/chris/arabidopsis_Alyrata_107/relatedness_stats/X09_P_vs_X12_P.windowed.pi
        
        (one of the commands exited with non-zero exit code; note that snakemake uses bash strict mode!)

Error in rule calculate_pi:
    jobid: 1018
    input: /storage1/chris/arabidopsis_Alyrata_107/arabidopsis_Alyrata_107.filtered.vcf.gz
    output: /storage1/chris/arabidopsis_Alyrata_107/relatedness_stats/X05_P01_vs_X14_P02.windowed.pi
    shell:
        
        vcftools --gzvcf /storage1/chris/arabidopsis_Alyrata_107/arabidopsis_Alyrata_107.filtered.vcf.gz --indv X05_P01 --indv X14_P02 --window-pi 500000 --out /storage1/chris/arabidopsis_Alyrata_107/relatedness_stats/X05_P01_vs_X14_P02.windowed.pi
        
        (one of the commands exited with non-zero exit code; note that snakemake uses bash strict mode!)

Error in rule calculate_pi:
    jobid: 118
    input: /storage1/chris/arabidopsis_Alyrata_107/arabidopsis_Alyrata_107.filtered.vcf.gz
    output: /storage1/chris/arabidopsis_Alyrata_107/relatedness_stats/X01_P_vs_X15_L.windowed.pi
    shell:
        
        vcftools --gzvcf /storage1/chris/arabidopsis_Alyrata_107/arabidopsis_Alyrata_107.filtered.vcf.gz --indv X01_P --indv X15_L --window-pi 500000 --out /storage1/chris/arabidopsis_Alyrata_107/relatedness_stats/X01_P_vs_X15_L.windowed.pi
        
        (one of the commands exited with non-zero exit code; note that snakemake uses bash strict mode!)

Error in rule calculate_pi:
    jobid: 1027
    input: /storage1/chris/arabidopsis_Alyrata_107/arabidopsis_Alyrata_107.filtered.vcf.gz
    output: /storage1/chris/arabidopsis_Alyrata_107/relatedness_stats/X05_P02_vs_X06_L.windowed.pi
    shell:
        
        vcftools --gzvcf /storage1/chris/arabidopsis_Alyrata_107/arabidopsis_Alyrata_107.filtered.vcf.gz --indv X05_P02 --indv X06_L --window-pi 500000 --out /storage1/chris/arabidopsis_Alyrata_107/relatedness_stats/X05_P02_vs_X06_L.windowed.pi
        
        (one of the commands exited with non-zero exit code; note that snakemake uses bash strict mode!)

Error in rule calculate_pi:
    jobid: 1030
    input: /storage1/chris/arabidopsis_Alyrata_107/arabidopsis_Alyrata_107.filtered.vcf.gz
    output: /storage1/chris/arabidopsis_Alyrata_107/relatedness_stats/X05_P02_vs_X06_P02.windowed.pi
    shell:
        
        vcftools --gzvcf /storage1/chris/arabidopsis_Alyrata_107/arabidopsis_Alyrata_107.filtered.vcf.gz --indv X05_P02 --indv X06_P02 --window-pi 500000 --out /storage1/chris/arabidopsis_Alyrata_107/relatedness_stats/X05_P02_vs_X06_P02.windowed.pi
        
        (one of the commands exited with non-zero exit code; note that snakemake uses bash strict mode!)

Error in rule calculate_pi:
    jobid: 1559
    input: /storage1/chris/arabidopsis_Alyrata_107/arabidopsis_Alyrata_107.filtered.vcf.gz
    output: /storage1/chris/arabidopsis_Alyrata_107/relatedness_stats/X09_P_vs_X11_P.windowed.pi
    shell:
        
        vcftools --gzvcf /storage1/chris/arabidopsis_Alyrata_107/arabidopsis_Alyrata_107.filtered.vcf.gz --indv X09_P --indv X11_P --window-pi 500000 --out /storage1/chris/arabidopsis_Alyrata_107/relatedness_stats/X09_P_vs_X11_P.windowed.pi
        
        (one of the commands exited with non-zero exit code; note that snakemake uses bash strict mode!)

Error in rule calculate_pi:
    jobid: 1029
    input: /storage1/chris/arabidopsis_Alyrata_107/arabidopsis_Alyrata_107.filtered.vcf.gz
    output: /storage1/chris/arabidopsis_Alyrata_107/relatedness_stats/X05_P02_vs_X06_P01.windowed.pi
    shell:
        
        vcftools --gzvcf /storage1/chris/arabidopsis_Alyrata_107/arabidopsis_Alyrata_107.filtered.vcf.gz --indv X05_P02 --indv X06_P01 --window-pi 500000 --out /storage1/chris/arabidopsis_Alyrata_107/relatedness_stats/X05_P02_vs_X06_P01.windowed.pi
        
        (one of the commands exited with non-zero exit code; note that snakemake uses bash strict mode!)

Error in rule calculate_pi:
    jobid: 125
    input: /storage1/chris/arabidopsis_Alyrata_107/arabidopsis_Alyrata_107.filtered.vcf.gz
    output: /storage1/chris/arabidopsis_Alyrata_107/relatedness_stats/X01_P_vs_X16_P02.windowed.pi
    shell:
        
        vcftools --gzvcf /storage1/chris/arabidopsis_Alyrata_107/arabidopsis_Alyrata_107.filtered.vcf.gz --indv X01_P --indv X16_P02 --window-pi 500000 --out /storage1/chris/arabidopsis_Alyrata_107/relatedness_stats/X01_P_vs_X16_P02.windowed.pi
        
        (one of the commands exited with non-zero exit code; note that snakemake uses bash strict mode!)

Error in rule calculate_pi:
    jobid: 1558
    input: /storage1/chris/arabidopsis_Alyrata_107/arabidopsis_Alyrata_107.filtered.vcf.gz
    output: /storage1/chris/arabidopsis_Alyrata_107/relatedness_stats/X09_P_vs_X11_L.windowed.pi
    shell:
        
        vcftools --gzvcf /storage1/chris/arabidopsis_Alyrata_107/arabidopsis_Alyrata_107.filtered.vcf.gz --indv X09_P --indv X11_L --window-pi 500000 --out /storage1/chris/arabidopsis_Alyrata_107/relatedness_stats/X09_P_vs_X11_L.windowed.pi
        
        (one of the commands exited with non-zero exit code; note that snakemake uses bash strict mode!)

Error in rule calculate_pi:
    jobid: 131
    input: /storage1/chris/arabidopsis_Alyrata_107/arabidopsis_Alyrata_107.filtered.vcf.gz
    output: /storage1/chris/arabidopsis_Alyrata_107/relatedness_stats/X01_P01_vs_X03_L.windowed.pi
    shell:
        
        vcftools --gzvcf /storage1/chris/arabidopsis_Alyrata_107/arabidopsis_Alyrata_107.filtered.vcf.gz --indv X01_P01 --indv X03_L --window-pi 500000 --out /storage1/chris/arabidopsis_Alyrata_107/relatedness_stats/X01_P01_vs_X03_L.windowed.pi
        
        (one of the commands exited with non-zero exit code; note that snakemake uses bash strict mode!)

Error in rule calculate_pi:
    jobid: 1569
    input: /storage1/chris/arabidopsis_Alyrata_107/arabidopsis_Alyrata_107.filtered.vcf.gz
    output: /storage1/chris/arabidopsis_Alyrata_107/relatedness_stats/X09_P_vs_X13_P02.windowed.pi
    shell:
        
        vcftools --gzvcf /storage1/chris/arabidopsis_Alyrata_107/arabidopsis_Alyrata_107.filtered.vcf.gz --indv X09_P --indv X13_P02 --window-pi 500000 --out /storage1/chris/arabidopsis_Alyrata_107/relatedness_stats/X09_P_vs_X13_P02.windowed.pi
        
        (one of the commands exited with non-zero exit code; note that snakemake uses bash strict mode!)

Error in rule calculate_pi:
    jobid: 600
    input: /storage1/chris/arabidopsis_Alyrata_107/arabidopsis_Alyrata_107.filtered.vcf.gz
    output: /storage1/chris/arabidopsis_Alyrata_107/relatedness_stats/X03_P01_vs_X07_P.windowed.pi
    shell:
        
        vcftools --gzvcf /storage1/chris/arabidopsis_Alyrata_107/arabidopsis_Alyrata_107.filtered.vcf.gz --indv X03_P01 --indv X07_P --window-pi 500000 --out /storage1/chris/arabidopsis_Alyrata_107/relatedness_stats/X03_P01_vs_X07_P.windowed.pi
        
        (one of the commands exited with non-zero exit code; note that snakemake uses bash strict mode!)

Error in rule calculate_pi:
    jobid: 121
    input: /storage1/chris/arabidopsis_Alyrata_107/arabidopsis_Alyrata_107.filtered.vcf.gz
    output: /storage1/chris/arabidopsis_Alyrata_107/relatedness_stats/X01_P_vs_X15_P02.windowed.pi
    shell:
        
        vcftools --gzvcf /storage1/chris/arabidopsis_Alyrata_107/arabidopsis_Alyrata_107.filtered.vcf.gz --indv X01_P --indv X15_P02 --window-pi 500000 --out /storage1/chris/arabidopsis_Alyrata_107/relatedness_stats/X01_P_vs_X15_P02.windowed.pi
        
        (one of the commands exited with non-zero exit code; note that snakemake uses bash strict mode!)

Error in rule calculate_pi:
    jobid: 772
    input: /storage1/chris/arabidopsis_Alyrata_107/arabidopsis_Alyrata_107.filtered.vcf.gz
    output: /storage1/chris/arabidopsis_Alyrata_107/relatedness_stats/X04_P_vs_X12_L.windowed.pi
    shell:
        
        vcftools --gzvcf /storage1/chris/arabidopsis_Alyrata_107/arabidopsis_Alyrata_107.filtered.vcf.gz --indv X04_P --indv X12_L --window-pi 500000 --out /storage1/chris/arabidopsis_Alyrata_107/relatedness_stats/X04_P_vs_X12_L.windowed.pi
        
        (one of the commands exited with non-zero exit code; note that snakemake uses bash strict mode!)

Error in rule calculate_pi:
    jobid: 611
    input: /storage1/chris/arabidopsis_Alyrata_107/arabidopsis_Alyrata_107.filtered.vcf.gz
    output: /storage1/chris/arabidopsis_Alyrata_107/relatedness_stats/X03_P01_vs_X10_L.windowed.pi
    shell:
        
        vcftools --gzvcf /storage1/chris/arabidopsis_Alyrata_107/arabidopsis_Alyrata_107.filtered.vcf.gz --indv X03_P01 --indv X10_L --window-pi 500000 --out /storage1/chris/arabidopsis_Alyrata_107/relatedness_stats/X03_P01_vs_X10_L.windowed.pi
        
        (one of the commands exited with non-zero exit code; note that snakemake uses bash strict mode!)

Error in rule calculate_pi:
    jobid: 1023
    input: /storage1/chris/arabidopsis_Alyrata_107/arabidopsis_Alyrata_107.filtered.vcf.gz
    output: /storage1/chris/arabidopsis_Alyrata_107/relatedness_stats/X05_P01_vs_X16_L.windowed.pi
    shell:
        
        vcftools --gzvcf /storage1/chris/arabidopsis_Alyrata_107/arabidopsis_Alyrata_107.filtered.vcf.gz --indv X05_P01 --indv X16_L --window-pi 500000 --out /storage1/chris/arabidopsis_Alyrata_107/relatedness_stats/X05_P01_vs_X16_L.windowed.pi
        
        (one of the commands exited with non-zero exit code; note that snakemake uses bash strict mode!)

Error in rule calculate_pi:
    jobid: 1019
    input: /storage1/chris/arabidopsis_Alyrata_107/arabidopsis_Alyrata_107.filtered.vcf.gz
    output: /storage1/chris/arabidopsis_Alyrata_107/relatedness_stats/X05_P01_vs_X15_L.windowed.pi
    shell:
        
        vcftools --gzvcf /storage1/chris/arabidopsis_Alyrata_107/arabidopsis_Alyrata_107.filtered.vcf.gz --indv X05_P01 --indv X15_L --window-pi 500000 --out /storage1/chris/arabidopsis_Alyrata_107/relatedness_stats/X05_P01_vs_X15_L.windowed.pi
        
        (one of the commands exited with non-zero exit code; note that snakemake uses bash strict mode!)

Error in rule calculate_pi:
    jobid: 1021
    input: /storage1/chris/arabidopsis_Alyrata_107/arabidopsis_Alyrata_107.filtered.vcf.gz
    output: /storage1/chris/arabidopsis_Alyrata_107/relatedness_stats/X05_P01_vs_X15_P01.windowed.pi
    shell:
        
        vcftools --gzvcf /storage1/chris/arabidopsis_Alyrata_107/arabidopsis_Alyrata_107.filtered.vcf.gz --indv X05_P01 --indv X15_P01 --window-pi 500000 --out /storage1/chris/arabidopsis_Alyrata_107/relatedness_stats/X05_P01_vs_X15_P01.windowed.pi
        
        (one of the commands exited with non-zero exit code; note that snakemake uses bash strict mode!)

Error in rule calculate_pi:
    jobid: 123
    input: /storage1/chris/arabidopsis_Alyrata_107/arabidopsis_Alyrata_107.filtered.vcf.gz
    output: /storage1/chris/arabidopsis_Alyrata_107/relatedness_stats/X01_P_vs_X16_P.windowed.pi
    shell:
        
        vcftools --gzvcf /storage1/chris/arabidopsis_Alyrata_107/arabidopsis_Alyrata_107.filtered.vcf.gz --indv X01_P --indv X16_P --window-pi 500000 --out /storage1/chris/arabidopsis_Alyrata_107/relatedness_stats/X01_P_vs_X16_P.windowed.pi
        
        (one of the commands exited with non-zero exit code; note that snakemake uses bash strict mode!)

Error in rule calculate_pi:
    jobid: 599
    input: /storage1/chris/arabidopsis_Alyrata_107/arabidopsis_Alyrata_107.filtered.vcf.gz
    output: /storage1/chris/arabidopsis_Alyrata_107/relatedness_stats/X03_P01_vs_X07_L.windowed.pi
    shell:
        
        vcftools --gzvcf /storage1/chris/arabidopsis_Alyrata_107/arabidopsis_Alyrata_107.filtered.vcf.gz --indv X03_P01 --indv X07_L --window-pi 500000 --out /storage1/chris/arabidopsis_Alyrata_107/relatedness_stats/X03_P01_vs_X07_L.windowed.pi
        
        (one of the commands exited with non-zero exit code; note that snakemake uses bash strict mode!)

Error in rule calculate_pi:
    jobid: 1020
    input: /storage1/chris/arabidopsis_Alyrata_107/arabidopsis_Alyrata_107.filtered.vcf.gz
    output: /storage1/chris/arabidopsis_Alyrata_107/relatedness_stats/X05_P01_vs_X15_P.windowed.pi
    shell:
        
        vcftools --gzvcf /storage1/chris/arabidopsis_Alyrata_107/arabidopsis_Alyrata_107.filtered.vcf.gz --indv X05_P01 --indv X15_P --window-pi 500000 --out /storage1/chris/arabidopsis_Alyrata_107/relatedness_stats/X05_P01_vs_X15_P.windowed.pi
        
        (one of the commands exited with non-zero exit code; note that snakemake uses bash strict mode!)

Error in rule calculate_pi:
    jobid: 1570
    input: /storage1/chris/arabidopsis_Alyrata_107/arabidopsis_Alyrata_107.filtered.vcf.gz
    output: /storage1/chris/arabidopsis_Alyrata_107/relatedness_stats/X09_P_vs_X14_L.windowed.pi
    shell:
        
        vcftools --gzvcf /storage1/chris/arabidopsis_Alyrata_107/arabidopsis_Alyrata_107.filtered.vcf.gz --indv X09_P --indv X14_L --window-pi 500000 --out /storage1/chris/arabidopsis_Alyrata_107/relatedness_stats/X09_P_vs_X14_L.windowed.pi
        
        (one of the commands exited with non-zero exit code; note that snakemake uses bash strict mode!)

Error in rule calculate_pi:
    jobid: 1561
    input: /storage1/chris/arabidopsis_Alyrata_107/arabidopsis_Alyrata_107.filtered.vcf.gz
    output: /storage1/chris/arabidopsis_Alyrata_107/relatedness_stats/X09_P_vs_X11_P02.windowed.pi
    shell:
        
        vcftools --gzvcf /storage1/chris/arabidopsis_Alyrata_107/arabidopsis_Alyrata_107.filtered.vcf.gz --indv X09_P --indv X11_P02 --window-pi 500000 --out /storage1/chris/arabidopsis_Alyrata_107/relatedness_stats/X09_P_vs_X11_P02.windowed.pi
        
        (one of the commands exited with non-zero exit code; note that snakemake uses bash strict mode!)

Error in rule calculate_pi:
    jobid: 352
    input: /storage1/chris/arabidopsis_Alyrata_107/arabidopsis_Alyrata_107.filtered.vcf.gz
    output: /storage1/chris/arabidopsis_Alyrata_107/relatedness_stats/X02_P_vs_X14_L.windowed.pi
    shell:
        
        vcftools --gzvcf /storage1/chris/arabidopsis_Alyrata_107/arabidopsis_Alyrata_107.filtered.vcf.gz --indv X02_P --indv X14_L --window-pi 500000 --out /storage1/chris/arabidopsis_Alyrata_107/relatedness_stats/X02_P_vs_X14_L.windowed.pi
        
        (one of the commands exited with non-zero exit code; note that snakemake uses bash strict mode!)

Error in rule calculate_pi:
    jobid: 603
    input: /storage1/chris/arabidopsis_Alyrata_107/arabidopsis_Alyrata_107.filtered.vcf.gz
    output: /storage1/chris/arabidopsis_Alyrata_107/relatedness_stats/X03_P01_vs_X08_L.windowed.pi
    shell:
        
        vcftools --gzvcf /storage1/chris/arabidopsis_Alyrata_107/arabidopsis_Alyrata_107.filtered.vcf.gz --indv X03_P01 --indv X08_L --window-pi 500000 --out /storage1/chris/arabidopsis_Alyrata_107/relatedness_stats/X03_P01_vs_X08_L.windowed.pi
        
        (one of the commands exited with non-zero exit code; note that snakemake uses bash strict mode!)

Error in rule calculate_pi:
    jobid: 122
    input: /storage1/chris/arabidopsis_Alyrata_107/arabidopsis_Alyrata_107.filtered.vcf.gz
    output: /storage1/chris/arabidopsis_Alyrata_107/relatedness_stats/X01_P_vs_X16_L.windowed.pi
    shell:
        
        vcftools --gzvcf /storage1/chris/arabidopsis_Alyrata_107/arabidopsis_Alyrata_107.filtered.vcf.gz --indv X01_P --indv X16_L --window-pi 500000 --out /storage1/chris/arabidopsis_Alyrata_107/relatedness_stats/X01_P_vs_X16_L.windowed.pi
        
        (one of the commands exited with non-zero exit code; note that snakemake uses bash strict mode!)

Error in rule calculate_pi:
    jobid: 1022
    input: /storage1/chris/arabidopsis_Alyrata_107/arabidopsis_Alyrata_107.filtered.vcf.gz
    output: /storage1/chris/arabidopsis_Alyrata_107/relatedness_stats/X05_P01_vs_X15_P02.windowed.pi
    shell:
        
        vcftools --gzvcf /storage1/chris/arabidopsis_Alyrata_107/arabidopsis_Alyrata_107.filtered.vcf.gz --indv X05_P01 --indv X15_P02 --window-pi 500000 --out /storage1/chris/arabidopsis_Alyrata_107/relatedness_stats/X05_P01_vs_X15_P02.windowed.pi
        
        (one of the commands exited with non-zero exit code; note that snakemake uses bash strict mode!)

Error in rule calculate_pi:
    jobid: 340
    input: /storage1/chris/arabidopsis_Alyrata_107/arabidopsis_Alyrata_107.filtered.vcf.gz
    output: /storage1/chris/arabidopsis_Alyrata_107/relatedness_stats/X02_P_vs_X11_L.windowed.pi
    shell:
        
        vcftools --gzvcf /storage1/chris/arabidopsis_Alyrata_107/arabidopsis_Alyrata_107.filtered.vcf.gz --indv X02_P --indv X11_L --window-pi 500000 --out /storage1/chris/arabidopsis_Alyrata_107/relatedness_stats/X02_P_vs_X11_L.windowed.pi
        
        (one of the commands exited with non-zero exit code; note that snakemake uses bash strict mode!)

Error in rule calculate_pi:
    jobid: 604
    input: /storage1/chris/arabidopsis_Alyrata_107/arabidopsis_Alyrata_107.filtered.vcf.gz
    output: /storage1/chris/arabidopsis_Alyrata_107/relatedness_stats/X03_P01_vs_X08_P.windowed.pi
    shell:
        
        vcftools --gzvcf /storage1/chris/arabidopsis_Alyrata_107/arabidopsis_Alyrata_107.filtered.vcf.gz --indv X03_P01 --indv X08_P --window-pi 500000 --out /storage1/chris/arabidopsis_Alyrata_107/relatedness_stats/X03_P01_vs_X08_P.windowed.pi
        
        (one of the commands exited with non-zero exit code; note that snakemake uses bash strict mode!)

Error in rule calculate_pi:
    jobid: 124
    input: /storage1/chris/arabidopsis_Alyrata_107/arabidopsis_Alyrata_107.filtered.vcf.gz
    output: /storage1/chris/arabidopsis_Alyrata_107/relatedness_stats/X01_P_vs_X16_P01.windowed.pi
    shell:
        
        vcftools --gzvcf /storage1/chris/arabidopsis_Alyrata_107/arabidopsis_Alyrata_107.filtered.vcf.gz --indv X01_P --indv X16_P01 --window-pi 500000 --out /storage1/chris/arabidopsis_Alyrata_107/relatedness_stats/X01_P_vs_X16_P01.windowed.pi
        
        (one of the commands exited with non-zero exit code; note that snakemake uses bash strict mode!)

Error in rule calculate_pi:
    jobid: 120
    input: /storage1/chris/arabidopsis_Alyrata_107/arabidopsis_Alyrata_107.filtered.vcf.gz
    output: /storage1/chris/arabidopsis_Alyrata_107/relatedness_stats/X01_P_vs_X15_P01.windowed.pi
    shell:
        
        vcftools --gzvcf /storage1/chris/arabidopsis_Alyrata_107/arabidopsis_Alyrata_107.filtered.vcf.gz --indv X01_P --indv X15_P01 --window-pi 500000 --out /storage1/chris/arabidopsis_Alyrata_107/relatedness_stats/X01_P_vs_X15_P01.windowed.pi
        
        (one of the commands exited with non-zero exit code; note that snakemake uses bash strict mode!)

Complete log: .snakemake/log/2023-10-18T001929.213473.snakemake.log
