Building DAG of jobs...
Using shell: /usr/bin/bash
Provided cores: 40
Rules claiming more threads will be scaled down.
Job stats:
job             count    min threads    max threads
------------  -------  -------------  -------------
all                 1              1              1
calculate_pi     2016              1              1
total            2017              1              1

Select jobs to execute...

[Wed Oct 18 00:01:59 2023]
rule calculate_pi:
    input: /storage1/chris/arabidopsis_Alyrata_107/arabidopsis_Alyrata_107.filtered.vcf.gz
    output: /storage1/chris/arabidopsis_Alyrata_107/relatedness_stats/X07_P01_vs_X15_L.windowed.pi
    jobid: 1343
    reason: Missing output files: /storage1/chris/arabidopsis_Alyrata_107/relatedness_stats/X07_P01_vs_X15_L.windowed.pi
    wildcards: comparison=X07_P01_vs_X15_L.windowed.pi
    resources: tmpdir=/tmp


        vcftools --gzvcf /storage1/chris/arabidopsis_Alyrata_107/arabidopsis_Alyrata_107.filtered.vcf.gz --indv X07_P01 --indv X15_L windowed pi --window-pi 500000 --out /storage1/chris/arabidopsis_Alyrata_107/relatedness_stats/X07_P01_vs_X15_L.windowed.pi
        

[Wed Oct 18 00:01:59 2023]
rule calculate_pi:
    input: /storage1/chris/arabidopsis_Alyrata_107/arabidopsis_Alyrata_107.filtered.vcf.gz
    output: /storage1/chris/arabidopsis_Alyrata_107/relatedness_stats/X08_L_vs_X12_P.windowed.pi
    jobid: 1403
    reason: Missing output files: /storage1/chris/arabidopsis_Alyrata_107/relatedness_stats/X08_L_vs_X12_P.windowed.pi
    wildcards: comparison=X08_L_vs_X12_P.windowed.pi
    resources: tmpdir=/tmp


        vcftools --gzvcf /storage1/chris/arabidopsis_Alyrata_107/arabidopsis_Alyrata_107.filtered.vcf.gz --indv X08_L --indv X12_P windowed pi --window-pi 500000 --out /storage1/chris/arabidopsis_Alyrata_107/relatedness_stats/X08_L_vs_X12_P.windowed.pi
        

[Wed Oct 18 00:01:59 2023]
rule calculate_pi:
    input: /storage1/chris/arabidopsis_Alyrata_107/arabidopsis_Alyrata_107.filtered.vcf.gz
    output: /storage1/chris/arabidopsis_Alyrata_107/relatedness_stats/X06_P02_vs_X15_P01.windowed.pi
    jobid: 1231
    reason: Missing output files: /storage1/chris/arabidopsis_Alyrata_107/relatedness_stats/X06_P02_vs_X15_P01.windowed.pi
    wildcards: comparison=X06_P02_vs_X15_P01.windowed.pi
    resources: tmpdir=/tmp


        vcftools --gzvcf /storage1/chris/arabidopsis_Alyrata_107/arabidopsis_Alyrata_107.filtered.vcf.gz --indv X06_P02 --indv X15_P01 windowed pi --window-pi 500000 --out /storage1/chris/arabidopsis_Alyrata_107/relatedness_stats/X06_P02_vs_X15_P01.windowed.pi
        

[Wed Oct 18 00:01:59 2023]
rule calculate_pi:
    input: /storage1/chris/arabidopsis_Alyrata_107/arabidopsis_Alyrata_107.filtered.vcf.gz
    output: /storage1/chris/arabidopsis_Alyrata_107/relatedness_stats/X07_P02_vs_X08_L.windowed.pi
    jobid: 1351
    reason: Missing output files: /storage1/chris/arabidopsis_Alyrata_107/relatedness_stats/X07_P02_vs_X08_L.windowed.pi
    wildcards: comparison=X07_P02_vs_X08_L.windowed.pi
    resources: tmpdir=/tmp


        vcftools --gzvcf /storage1/chris/arabidopsis_Alyrata_107/arabidopsis_Alyrata_107.filtered.vcf.gz --indv X07_P02 --indv X08_L windowed pi --window-pi 500000 --out /storage1/chris/arabidopsis_Alyrata_107/relatedness_stats/X07_P02_vs_X08_L.windowed.pi
        

[Wed Oct 18 00:01:59 2023]
rule calculate_pi:
    input: /storage1/chris/arabidopsis_Alyrata_107/arabidopsis_Alyrata_107.filtered.vcf.gz
    output: /storage1/chris/arabidopsis_Alyrata_107/relatedness_stats/X08_L_vs_X14_P.windowed.pi
    jobid: 1411
    reason: Missing output files: /storage1/chris/arabidopsis_Alyrata_107/relatedness_stats/X08_L_vs_X14_P.windowed.pi
    wildcards: comparison=X08_L_vs_X14_P.windowed.pi
    resources: tmpdir=/tmp


        vcftools --gzvcf /storage1/chris/arabidopsis_Alyrata_107/arabidopsis_Alyrata_107.filtered.vcf.gz --indv X08_L --indv X14_P windowed pi --window-pi 500000 --out /storage1/chris/arabidopsis_Alyrata_107/relatedness_stats/X08_L_vs_X14_P.windowed.pi
        

[Wed Oct 18 00:01:59 2023]
rule calculate_pi:
    input: /storage1/chris/arabidopsis_Alyrata_107/arabidopsis_Alyrata_107.filtered.vcf.gz
    output: /storage1/chris/arabidopsis_Alyrata_107/relatedness_stats/X06_P02_vs_X13_P02.windowed.pi
    jobid: 1224
    reason: Missing output files: /storage1/chris/arabidopsis_Alyrata_107/relatedness_stats/X06_P02_vs_X13_P02.windowed.pi
    wildcards: comparison=X06_P02_vs_X13_P02.windowed.pi
    resources: tmpdir=/tmp


        vcftools --gzvcf /storage1/chris/arabidopsis_Alyrata_107/arabidopsis_Alyrata_107.filtered.vcf.gz --indv X06_P02 --indv X13_P02 windowed pi --window-pi 500000 --out /storage1/chris/arabidopsis_Alyrata_107/relatedness_stats/X06_P02_vs_X13_P02.windowed.pi
        

[Wed Oct 18 00:01:59 2023]
rule calculate_pi:
    input: /storage1/chris/arabidopsis_Alyrata_107/arabidopsis_Alyrata_107.filtered.vcf.gz
    output: /storage1/chris/arabidopsis_Alyrata_107/relatedness_stats/X07_P01_vs_X15_P.windowed.pi
    jobid: 1344
    reason: Missing output files: /storage1/chris/arabidopsis_Alyrata_107/relatedness_stats/X07_P01_vs_X15_P.windowed.pi
    wildcards: comparison=X07_P01_vs_X15_P.windowed.pi
    resources: tmpdir=/tmp


        vcftools --gzvcf /storage1/chris/arabidopsis_Alyrata_107/arabidopsis_Alyrata_107.filtered.vcf.gz --indv X07_P01 --indv X15_P windowed pi --window-pi 500000 --out /storage1/chris/arabidopsis_Alyrata_107/relatedness_stats/X07_P01_vs_X15_P.windowed.pi
        

[Wed Oct 18 00:01:59 2023]
rule calculate_pi:
    input: /storage1/chris/arabidopsis_Alyrata_107/arabidopsis_Alyrata_107.filtered.vcf.gz
    output: /storage1/chris/arabidopsis_Alyrata_107/relatedness_stats/X08_L_vs_X12_P01.windowed.pi
    jobid: 1404
    reason: Missing output files: /storage1/chris/arabidopsis_Alyrata_107/relatedness_stats/X08_L_vs_X12_P01.windowed.pi
    wildcards: comparison=X08_L_vs_X12_P01.windowed.pi
    resources: tmpdir=/tmp


        vcftools --gzvcf /storage1/chris/arabidopsis_Alyrata_107/arabidopsis_Alyrata_107.filtered.vcf.gz --indv X08_L --indv X12_P01 windowed pi --window-pi 500000 --out /storage1/chris/arabidopsis_Alyrata_107/relatedness_stats/X08_L_vs_X12_P01.windowed.pi
        

[Wed Oct 18 00:01:59 2023]
rule calculate_pi:
    input: /storage1/chris/arabidopsis_Alyrata_107/arabidopsis_Alyrata_107.filtered.vcf.gz
    output: /storage1/chris/arabidopsis_Alyrata_107/relatedness_stats/X01_P01_vs_X10_P.windowed.pi
    jobid: 160
    reason: Missing output files: /storage1/chris/arabidopsis_Alyrata_107/relatedness_stats/X01_P01_vs_X10_P.windowed.pi
    wildcards: comparison=X01_P01_vs_X10_P.windowed.pi
    resources: tmpdir=/tmp


        vcftools --gzvcf /storage1/chris/arabidopsis_Alyrata_107/arabidopsis_Alyrata_107.filtered.vcf.gz --indv X01_P01 --indv X10_P windowed pi --window-pi 500000 --out /storage1/chris/arabidopsis_Alyrata_107/relatedness_stats/X01_P01_vs_X10_P.windowed.pi
        

[Wed Oct 18 00:01:59 2023]
rule calculate_pi:
    input: /storage1/chris/arabidopsis_Alyrata_107/arabidopsis_Alyrata_107.filtered.vcf.gz
    output: /storage1/chris/arabidopsis_Alyrata_107/relatedness_stats/X07_P01_vs_X16_P02.windowed.pi
    jobid: 1350
    reason: Missing output files: /storage1/chris/arabidopsis_Alyrata_107/relatedness_stats/X07_P01_vs_X16_P02.windowed.pi
    wildcards: comparison=X07_P01_vs_X16_P02.windowed.pi
    resources: tmpdir=/tmp


        vcftools --gzvcf /storage1/chris/arabidopsis_Alyrata_107/arabidopsis_Alyrata_107.filtered.vcf.gz --indv X07_P01 --indv X16_P02 windowed pi --window-pi 500000 --out /storage1/chris/arabidopsis_Alyrata_107/relatedness_stats/X07_P01_vs_X16_P02.windowed.pi
        

[Wed Oct 18 00:01:59 2023]
rule calculate_pi:
    input: /storage1/chris/arabidopsis_Alyrata_107/arabidopsis_Alyrata_107.filtered.vcf.gz
    output: /storage1/chris/arabidopsis_Alyrata_107/relatedness_stats/X08_L_vs_X14_L.windowed.pi
    jobid: 1410
    reason: Missing output files: /storage1/chris/arabidopsis_Alyrata_107/relatedness_stats/X08_L_vs_X14_L.windowed.pi
    wildcards: comparison=X08_L_vs_X14_L.windowed.pi
    resources: tmpdir=/tmp


        vcftools --gzvcf /storage1/chris/arabidopsis_Alyrata_107/arabidopsis_Alyrata_107.filtered.vcf.gz --indv X08_L --indv X14_L windowed pi --window-pi 500000 --out /storage1/chris/arabidopsis_Alyrata_107/relatedness_stats/X08_L_vs_X14_L.windowed.pi
        

[Wed Oct 18 00:01:59 2023]
rule calculate_pi:
    input: /storage1/chris/arabidopsis_Alyrata_107/arabidopsis_Alyrata_107.filtered.vcf.gz
    output: /storage1/chris/arabidopsis_Alyrata_107/relatedness_stats/X04_P_vs_X09_L.windowed.pi
    jobid: 760
    reason: Missing output files: /storage1/chris/arabidopsis_Alyrata_107/relatedness_stats/X04_P_vs_X09_L.windowed.pi
    wildcards: comparison=X04_P_vs_X09_L.windowed.pi
    resources: tmpdir=/tmp


        vcftools --gzvcf /storage1/chris/arabidopsis_Alyrata_107/arabidopsis_Alyrata_107.filtered.vcf.gz --indv X04_P --indv X09_L windowed pi --window-pi 500000 --out /storage1/chris/arabidopsis_Alyrata_107/relatedness_stats/X04_P_vs_X09_L.windowed.pi
        

[Wed Oct 18 00:01:59 2023]
rule calculate_pi:
    input: /storage1/chris/arabidopsis_Alyrata_107/arabidopsis_Alyrata_107.filtered.vcf.gz
    output: /storage1/chris/arabidopsis_Alyrata_107/relatedness_stats/X09_P01_vs_X14_L.windowed.pi
    jobid: 1599
    reason: Missing output files: /storage1/chris/arabidopsis_Alyrata_107/relatedness_stats/X09_P01_vs_X14_L.windowed.pi
    wildcards: comparison=X09_P01_vs_X14_L.windowed.pi
    resources: tmpdir=/tmp


        vcftools --gzvcf /storage1/chris/arabidopsis_Alyrata_107/arabidopsis_Alyrata_107.filtered.vcf.gz --indv X09_P01 --indv X14_L windowed pi --window-pi 500000 --out /storage1/chris/arabidopsis_Alyrata_107/relatedness_stats/X09_P01_vs_X14_L.windowed.pi
        

[Wed Oct 18 00:01:59 2023]
rule calculate_pi:
    input: /storage1/chris/arabidopsis_Alyrata_107/arabidopsis_Alyrata_107.filtered.vcf.gz
    output: /storage1/chris/arabidopsis_Alyrata_107/relatedness_stats/X06_P02_vs_X15_P02.windowed.pi
    jobid: 1232
    reason: Missing output files: /storage1/chris/arabidopsis_Alyrata_107/relatedness_stats/X06_P02_vs_X15_P02.windowed.pi
    wildcards: comparison=X06_P02_vs_X15_P02.windowed.pi
    resources: tmpdir=/tmp


        vcftools --gzvcf /storage1/chris/arabidopsis_Alyrata_107/arabidopsis_Alyrata_107.filtered.vcf.gz --indv X06_P02 --indv X15_P02 windowed pi --window-pi 500000 --out /storage1/chris/arabidopsis_Alyrata_107/relatedness_stats/X06_P02_vs_X15_P02.windowed.pi
        

[Wed Oct 18 00:01:59 2023]
rule calculate_pi:
    input: /storage1/chris/arabidopsis_Alyrata_107/arabidopsis_Alyrata_107.filtered.vcf.gz
    output: /storage1/chris/arabidopsis_Alyrata_107/relatedness_stats/X07_P02_vs_X08_P.windowed.pi
    jobid: 1352
    reason: Missing output files: /storage1/chris/arabidopsis_Alyrata_107/relatedness_stats/X07_P02_vs_X08_P.windowed.pi
    wildcards: comparison=X07_P02_vs_X08_P.windowed.pi
    resources: tmpdir=/tmp


        vcftools --gzvcf /storage1/chris/arabidopsis_Alyrata_107/arabidopsis_Alyrata_107.filtered.vcf.gz --indv X07_P02 --indv X08_P windowed pi --window-pi 500000 --out /storage1/chris/arabidopsis_Alyrata_107/relatedness_stats/X07_P02_vs_X08_P.windowed.pi
        

[Wed Oct 18 00:01:59 2023]
rule calculate_pi:
    input: /storage1/chris/arabidopsis_Alyrata_107/arabidopsis_Alyrata_107.filtered.vcf.gz
    output: /storage1/chris/arabidopsis_Alyrata_107/relatedness_stats/X10_P02_vs_X11_P01.windowed.pi
    jobid: 1719
    reason: Missing output files: /storage1/chris/arabidopsis_Alyrata_107/relatedness_stats/X10_P02_vs_X11_P01.windowed.pi
    wildcards: comparison=X10_P02_vs_X11_P01.windowed.pi
    resources: tmpdir=/tmp


        vcftools --gzvcf /storage1/chris/arabidopsis_Alyrata_107/arabidopsis_Alyrata_107.filtered.vcf.gz --indv X10_P02 --indv X11_P01 windowed pi --window-pi 500000 --out /storage1/chris/arabidopsis_Alyrata_107/relatedness_stats/X10_P02_vs_X11_P01.windowed.pi
        

[Wed Oct 18 00:01:59 2023]
rule calculate_pi:
    input: /storage1/chris/arabidopsis_Alyrata_107/arabidopsis_Alyrata_107.filtered.vcf.gz
    output: /storage1/chris/arabidopsis_Alyrata_107/relatedness_stats/X11_P01_vs_X12_L.windowed.pi
    jobid: 1787
    reason: Missing output files: /storage1/chris/arabidopsis_Alyrata_107/relatedness_stats/X11_P01_vs_X12_L.windowed.pi
    wildcards: comparison=X11_P01_vs_X12_L.windowed.pi
    resources: tmpdir=/tmp


        vcftools --gzvcf /storage1/chris/arabidopsis_Alyrata_107/arabidopsis_Alyrata_107.filtered.vcf.gz --indv X11_P01 --indv X12_L windowed pi --window-pi 500000 --out /storage1/chris/arabidopsis_Alyrata_107/relatedness_stats/X11_P01_vs_X12_L.windowed.pi
        

[Wed Oct 18 00:01:59 2023]
rule calculate_pi:
    input: /storage1/chris/arabidopsis_Alyrata_107/arabidopsis_Alyrata_107.filtered.vcf.gz
    output: /storage1/chris/arabidopsis_Alyrata_107/relatedness_stats/X07_L_vs_X09_P02.windowed.pi
    jobid: 1247
    reason: Missing output files: /storage1/chris/arabidopsis_Alyrata_107/relatedness_stats/X07_L_vs_X09_P02.windowed.pi
    wildcards: comparison=X07_L_vs_X09_P02.windowed.pi
    resources: tmpdir=/tmp


        vcftools --gzvcf /storage1/chris/arabidopsis_Alyrata_107/arabidopsis_Alyrata_107.filtered.vcf.gz --indv X07_L --indv X09_P02 windowed pi --window-pi 500000 --out /storage1/chris/arabidopsis_Alyrata_107/relatedness_stats/X07_L_vs_X09_P02.windowed.pi
        

[Wed Oct 18 00:01:59 2023]
rule calculate_pi:
    input: /storage1/chris/arabidopsis_Alyrata_107/arabidopsis_Alyrata_107.filtered.vcf.gz
    output: /storage1/chris/arabidopsis_Alyrata_107/relatedness_stats/X06_P02_vs_X14_L.windowed.pi
    jobid: 1225
    reason: Missing output files: /storage1/chris/arabidopsis_Alyrata_107/relatedness_stats/X06_P02_vs_X14_L.windowed.pi
    wildcards: comparison=X06_P02_vs_X14_L.windowed.pi
    resources: tmpdir=/tmp


        vcftools --gzvcf /storage1/chris/arabidopsis_Alyrata_107/arabidopsis_Alyrata_107.filtered.vcf.gz --indv X06_P02 --indv X14_L windowed pi --window-pi 500000 --out /storage1/chris/arabidopsis_Alyrata_107/relatedness_stats/X06_P02_vs_X14_L.windowed.pi
        

[Wed Oct 18 00:01:59 2023]
rule calculate_pi:
    input: /storage1/chris/arabidopsis_Alyrata_107/arabidopsis_Alyrata_107.filtered.vcf.gz
    output: /storage1/chris/arabidopsis_Alyrata_107/relatedness_stats/X07_P01_vs_X15_P01.windowed.pi
    jobid: 1345
    reason: Missing output files: /storage1/chris/arabidopsis_Alyrata_107/relatedness_stats/X07_P01_vs_X15_P01.windowed.pi
    wildcards: comparison=X07_P01_vs_X15_P01.windowed.pi
    resources: tmpdir=/tmp


        vcftools --gzvcf /storage1/chris/arabidopsis_Alyrata_107/arabidopsis_Alyrata_107.filtered.vcf.gz --indv X07_P01 --indv X15_P01 windowed pi --window-pi 500000 --out /storage1/chris/arabidopsis_Alyrata_107/relatedness_stats/X07_P01_vs_X15_P01.windowed.pi
        

[Wed Oct 18 00:01:59 2023]
rule calculate_pi:
    input: /storage1/chris/arabidopsis_Alyrata_107/arabidopsis_Alyrata_107.filtered.vcf.gz
    output: /storage1/chris/arabidopsis_Alyrata_107/relatedness_stats/X08_L_vs_X12_P02.windowed.pi
    jobid: 1405
    reason: Missing output files: /storage1/chris/arabidopsis_Alyrata_107/relatedness_stats/X08_L_vs_X12_P02.windowed.pi
    wildcards: comparison=X08_L_vs_X12_P02.windowed.pi
    resources: tmpdir=/tmp


        vcftools --gzvcf /storage1/chris/arabidopsis_Alyrata_107/arabidopsis_Alyrata_107.filtered.vcf.gz --indv X08_L --indv X12_P02 windowed pi --window-pi 500000 --out /storage1/chris/arabidopsis_Alyrata_107/relatedness_stats/X08_L_vs_X12_P02.windowed.pi
        

[Wed Oct 18 00:01:59 2023]
rule calculate_pi:
    input: /storage1/chris/arabidopsis_Alyrata_107/arabidopsis_Alyrata_107.filtered.vcf.gz
    output: /storage1/chris/arabidopsis_Alyrata_107/relatedness_stats/X02_P_vs_X11_P.windowed.pi
    jobid: 341
    reason: Missing output files: /storage1/chris/arabidopsis_Alyrata_107/relatedness_stats/X02_P_vs_X11_P.windowed.pi
    wildcards: comparison=X02_P_vs_X11_P.windowed.pi
    resources: tmpdir=/tmp


        vcftools --gzvcf /storage1/chris/arabidopsis_Alyrata_107/arabidopsis_Alyrata_107.filtered.vcf.gz --indv X02_P --indv X11_P windowed pi --window-pi 500000 --out /storage1/chris/arabidopsis_Alyrata_107/relatedness_stats/X02_P_vs_X11_P.windowed.pi
        

[Wed Oct 18 00:01:59 2023]
rule calculate_pi:
    input: /storage1/chris/arabidopsis_Alyrata_107/arabidopsis_Alyrata_107.filtered.vcf.gz
    output: /storage1/chris/arabidopsis_Alyrata_107/relatedness_stats/X04_P_vs_X09_P.windowed.pi
    jobid: 761
    reason: Missing output files: /storage1/chris/arabidopsis_Alyrata_107/relatedness_stats/X04_P_vs_X09_P.windowed.pi
    wildcards: comparison=X04_P_vs_X09_P.windowed.pi
    resources: tmpdir=/tmp


        vcftools --gzvcf /storage1/chris/arabidopsis_Alyrata_107/arabidopsis_Alyrata_107.filtered.vcf.gz --indv X04_P --indv X09_P windowed pi --window-pi 500000 --out /storage1/chris/arabidopsis_Alyrata_107/relatedness_stats/X04_P_vs_X09_P.windowed.pi
        

[Wed Oct 18 00:01:59 2023]
rule calculate_pi:
    input: /storage1/chris/arabidopsis_Alyrata_107/arabidopsis_Alyrata_107.filtered.vcf.gz
    output: /storage1/chris/arabidopsis_Alyrata_107/relatedness_stats/X09_P01_vs_X14_P.windowed.pi
    jobid: 1600
    reason: Missing output files: /storage1/chris/arabidopsis_Alyrata_107/relatedness_stats/X09_P01_vs_X14_P.windowed.pi
    wildcards: comparison=X09_P01_vs_X14_P.windowed.pi
    resources: tmpdir=/tmp


        vcftools --gzvcf /storage1/chris/arabidopsis_Alyrata_107/arabidopsis_Alyrata_107.filtered.vcf.gz --indv X09_P01 --indv X14_P windowed pi --window-pi 500000 --out /storage1/chris/arabidopsis_Alyrata_107/relatedness_stats/X09_P01_vs_X14_P.windowed.pi
        

[Wed Oct 18 00:01:59 2023]
rule calculate_pi:
    input: /storage1/chris/arabidopsis_Alyrata_107/arabidopsis_Alyrata_107.filtered.vcf.gz
    output: /storage1/chris/arabidopsis_Alyrata_107/relatedness_stats/X11_P01_vs_X12_P.windowed.pi
    jobid: 1788
    reason: Missing output files: /storage1/chris/arabidopsis_Alyrata_107/relatedness_stats/X11_P01_vs_X12_P.windowed.pi
    wildcards: comparison=X11_P01_vs_X12_P.windowed.pi
    resources: tmpdir=/tmp


        vcftools --gzvcf /storage1/chris/arabidopsis_Alyrata_107/arabidopsis_Alyrata_107.filtered.vcf.gz --indv X11_P01 --indv X12_P windowed pi --window-pi 500000 --out /storage1/chris/arabidopsis_Alyrata_107/relatedness_stats/X11_P01_vs_X12_P.windowed.pi
        

[Wed Oct 18 00:01:59 2023]
rule calculate_pi:
    input: /storage1/chris/arabidopsis_Alyrata_107/arabidopsis_Alyrata_107.filtered.vcf.gz
    output: /storage1/chris/arabidopsis_Alyrata_107/relatedness_stats/X01_P01_vs_X12_P01.windowed.pi
    jobid: 169
    reason: Missing output files: /storage1/chris/arabidopsis_Alyrata_107/relatedness_stats/X01_P01_vs_X12_P01.windowed.pi
    wildcards: comparison=X01_P01_vs_X12_P01.windowed.pi
    resources: tmpdir=/tmp


        vcftools --gzvcf /storage1/chris/arabidopsis_Alyrata_107/arabidopsis_Alyrata_107.filtered.vcf.gz --indv X01_P01 --indv X12_P01 windowed pi --window-pi 500000 --out /storage1/chris/arabidopsis_Alyrata_107/relatedness_stats/X01_P01_vs_X12_P01.windowed.pi
        

[Wed Oct 18 00:01:59 2023]
rule calculate_pi:
    input: /storage1/chris/arabidopsis_Alyrata_107/arabidopsis_Alyrata_107.filtered.vcf.gz
    output: /storage1/chris/arabidopsis_Alyrata_107/relatedness_stats/X06_P02_vs_X14_P.windowed.pi
    jobid: 1226
    reason: Missing output files: /storage1/chris/arabidopsis_Alyrata_107/relatedness_stats/X06_P02_vs_X14_P.windowed.pi
    wildcards: comparison=X06_P02_vs_X14_P.windowed.pi
    resources: tmpdir=/tmp


        vcftools --gzvcf /storage1/chris/arabidopsis_Alyrata_107/arabidopsis_Alyrata_107.filtered.vcf.gz --indv X06_P02 --indv X14_P windowed pi --window-pi 500000 --out /storage1/chris/arabidopsis_Alyrata_107/relatedness_stats/X06_P02_vs_X14_P.windowed.pi
        

[Wed Oct 18 00:01:59 2023]
rule calculate_pi:
    input: /storage1/chris/arabidopsis_Alyrata_107/arabidopsis_Alyrata_107.filtered.vcf.gz
    output: /storage1/chris/arabidopsis_Alyrata_107/relatedness_stats/X07_P01_vs_X15_P02.windowed.pi
    jobid: 1346
    reason: Missing output files: /storage1/chris/arabidopsis_Alyrata_107/relatedness_stats/X07_P01_vs_X15_P02.windowed.pi
    wildcards: comparison=X07_P01_vs_X15_P02.windowed.pi
    resources: tmpdir=/tmp


        vcftools --gzvcf /storage1/chris/arabidopsis_Alyrata_107/arabidopsis_Alyrata_107.filtered.vcf.gz --indv X07_P01 --indv X15_P02 windowed pi --window-pi 500000 --out /storage1/chris/arabidopsis_Alyrata_107/relatedness_stats/X07_P01_vs_X15_P02.windowed.pi
        

[Wed Oct 18 00:01:59 2023]
rule calculate_pi:
    input: /storage1/chris/arabidopsis_Alyrata_107/arabidopsis_Alyrata_107.filtered.vcf.gz
    output: /storage1/chris/arabidopsis_Alyrata_107/relatedness_stats/X08_L_vs_X13_L.windowed.pi
    jobid: 1406
    reason: Missing output files: /storage1/chris/arabidopsis_Alyrata_107/relatedness_stats/X08_L_vs_X13_L.windowed.pi
    wildcards: comparison=X08_L_vs_X13_L.windowed.pi
    resources: tmpdir=/tmp


        vcftools --gzvcf /storage1/chris/arabidopsis_Alyrata_107/arabidopsis_Alyrata_107.filtered.vcf.gz --indv X08_L --indv X13_L windowed pi --window-pi 500000 --out /storage1/chris/arabidopsis_Alyrata_107/relatedness_stats/X08_L_vs_X13_L.windowed.pi
        

[Wed Oct 18 00:01:59 2023]
rule calculate_pi:
    input: /storage1/chris/arabidopsis_Alyrata_107/arabidopsis_Alyrata_107.filtered.vcf.gz
    output: /storage1/chris/arabidopsis_Alyrata_107/relatedness_stats/X06_P02_vs_X14_P01.windowed.pi
    jobid: 1227
    reason: Missing output files: /storage1/chris/arabidopsis_Alyrata_107/relatedness_stats/X06_P02_vs_X14_P01.windowed.pi
    wildcards: comparison=X06_P02_vs_X14_P01.windowed.pi
    resources: tmpdir=/tmp


        vcftools --gzvcf /storage1/chris/arabidopsis_Alyrata_107/arabidopsis_Alyrata_107.filtered.vcf.gz --indv X06_P02 --indv X14_P01 windowed pi --window-pi 500000 --out /storage1/chris/arabidopsis_Alyrata_107/relatedness_stats/X06_P02_vs_X14_P01.windowed.pi
        

[Wed Oct 18 00:01:59 2023]
rule calculate_pi:
    input: /storage1/chris/arabidopsis_Alyrata_107/arabidopsis_Alyrata_107.filtered.vcf.gz
    output: /storage1/chris/arabidopsis_Alyrata_107/relatedness_stats/X07_P01_vs_X16_L.windowed.pi
    jobid: 1347
    reason: Missing output files: /storage1/chris/arabidopsis_Alyrata_107/relatedness_stats/X07_P01_vs_X16_L.windowed.pi
    wildcards: comparison=X07_P01_vs_X16_L.windowed.pi
    resources: tmpdir=/tmp


        vcftools --gzvcf /storage1/chris/arabidopsis_Alyrata_107/arabidopsis_Alyrata_107.filtered.vcf.gz --indv X07_P01 --indv X16_L windowed pi --window-pi 500000 --out /storage1/chris/arabidopsis_Alyrata_107/relatedness_stats/X07_P01_vs_X16_L.windowed.pi
        

[Wed Oct 18 00:01:59 2023]
rule calculate_pi:
    input: /storage1/chris/arabidopsis_Alyrata_107/arabidopsis_Alyrata_107.filtered.vcf.gz
    output: /storage1/chris/arabidopsis_Alyrata_107/relatedness_stats/X08_L_vs_X13_P.windowed.pi
    jobid: 1407
    reason: Missing output files: /storage1/chris/arabidopsis_Alyrata_107/relatedness_stats/X08_L_vs_X13_P.windowed.pi
    wildcards: comparison=X08_L_vs_X13_P.windowed.pi
    resources: tmpdir=/tmp


        vcftools --gzvcf /storage1/chris/arabidopsis_Alyrata_107/arabidopsis_Alyrata_107.filtered.vcf.gz --indv X08_L --indv X13_P windowed pi --window-pi 500000 --out /storage1/chris/arabidopsis_Alyrata_107/relatedness_stats/X08_L_vs_X13_P.windowed.pi
        

[Wed Oct 18 00:01:59 2023]
rule calculate_pi:
    input: /storage1/chris/arabidopsis_Alyrata_107/arabidopsis_Alyrata_107.filtered.vcf.gz
    output: /storage1/chris/arabidopsis_Alyrata_107/relatedness_stats/X06_P02_vs_X14_P02.windowed.pi
    jobid: 1228
    reason: Missing output files: /storage1/chris/arabidopsis_Alyrata_107/relatedness_stats/X06_P02_vs_X14_P02.windowed.pi
    wildcards: comparison=X06_P02_vs_X14_P02.windowed.pi
    resources: tmpdir=/tmp


        vcftools --gzvcf /storage1/chris/arabidopsis_Alyrata_107/arabidopsis_Alyrata_107.filtered.vcf.gz --indv X06_P02 --indv X14_P02 windowed pi --window-pi 500000 --out /storage1/chris/arabidopsis_Alyrata_107/relatedness_stats/X06_P02_vs_X14_P02.windowed.pi
        

[Wed Oct 18 00:01:59 2023]
rule calculate_pi:
    input: /storage1/chris/arabidopsis_Alyrata_107/arabidopsis_Alyrata_107.filtered.vcf.gz
    output: /storage1/chris/arabidopsis_Alyrata_107/relatedness_stats/X07_P01_vs_X16_P.windowed.pi
    jobid: 1348
    reason: Missing output files: /storage1/chris/arabidopsis_Alyrata_107/relatedness_stats/X07_P01_vs_X16_P.windowed.pi
    wildcards: comparison=X07_P01_vs_X16_P.windowed.pi
    resources: tmpdir=/tmp


        vcftools --gzvcf /storage1/chris/arabidopsis_Alyrata_107/arabidopsis_Alyrata_107.filtered.vcf.gz --indv X07_P01 --indv X16_P windowed pi --window-pi 500000 --out /storage1/chris/arabidopsis_Alyrata_107/relatedness_stats/X07_P01_vs_X16_P.windowed.pi
        

[Wed Oct 18 00:01:59 2023]
rule calculate_pi:
    input: /storage1/chris/arabidopsis_Alyrata_107/arabidopsis_Alyrata_107.filtered.vcf.gz
    output: /storage1/chris/arabidopsis_Alyrata_107/relatedness_stats/X08_L_vs_X13_P01.windowed.pi
    jobid: 1408
    reason: Missing output files: /storage1/chris/arabidopsis_Alyrata_107/relatedness_stats/X08_L_vs_X13_P01.windowed.pi
    wildcards: comparison=X08_L_vs_X13_P01.windowed.pi
    resources: tmpdir=/tmp


        vcftools --gzvcf /storage1/chris/arabidopsis_Alyrata_107/arabidopsis_Alyrata_107.filtered.vcf.gz --indv X08_L --indv X13_P01 windowed pi --window-pi 500000 --out /storage1/chris/arabidopsis_Alyrata_107/relatedness_stats/X08_L_vs_X13_P01.windowed.pi
        

[Wed Oct 18 00:01:59 2023]
rule calculate_pi:
    input: /storage1/chris/arabidopsis_Alyrata_107/arabidopsis_Alyrata_107.filtered.vcf.gz
    output: /storage1/chris/arabidopsis_Alyrata_107/relatedness_stats/X06_P02_vs_X15_L.windowed.pi
    jobid: 1229
    reason: Missing output files: /storage1/chris/arabidopsis_Alyrata_107/relatedness_stats/X06_P02_vs_X15_L.windowed.pi
    wildcards: comparison=X06_P02_vs_X15_L.windowed.pi
    resources: tmpdir=/tmp


        vcftools --gzvcf /storage1/chris/arabidopsis_Alyrata_107/arabidopsis_Alyrata_107.filtered.vcf.gz --indv X06_P02 --indv X15_L windowed pi --window-pi 500000 --out /storage1/chris/arabidopsis_Alyrata_107/relatedness_stats/X06_P02_vs_X15_L.windowed.pi
        

[Wed Oct 18 00:01:59 2023]
rule calculate_pi:
    input: /storage1/chris/arabidopsis_Alyrata_107/arabidopsis_Alyrata_107.filtered.vcf.gz
    output: /storage1/chris/arabidopsis_Alyrata_107/relatedness_stats/X07_P01_vs_X16_P01.windowed.pi
    jobid: 1349
    reason: Missing output files: /storage1/chris/arabidopsis_Alyrata_107/relatedness_stats/X07_P01_vs_X16_P01.windowed.pi
    wildcards: comparison=X07_P01_vs_X16_P01.windowed.pi
    resources: tmpdir=/tmp


        vcftools --gzvcf /storage1/chris/arabidopsis_Alyrata_107/arabidopsis_Alyrata_107.filtered.vcf.gz --indv X07_P01 --indv X16_P01 windowed pi --window-pi 500000 --out /storage1/chris/arabidopsis_Alyrata_107/relatedness_stats/X07_P01_vs_X16_P01.windowed.pi
        

[Wed Oct 18 00:01:59 2023]
rule calculate_pi:
    input: /storage1/chris/arabidopsis_Alyrata_107/arabidopsis_Alyrata_107.filtered.vcf.gz
    output: /storage1/chris/arabidopsis_Alyrata_107/relatedness_stats/X08_L_vs_X13_P02.windowed.pi
    jobid: 1409
    reason: Missing output files: /storage1/chris/arabidopsis_Alyrata_107/relatedness_stats/X08_L_vs_X13_P02.windowed.pi
    wildcards: comparison=X08_L_vs_X13_P02.windowed.pi
    resources: tmpdir=/tmp


        vcftools --gzvcf /storage1/chris/arabidopsis_Alyrata_107/arabidopsis_Alyrata_107.filtered.vcf.gz --indv X08_L --indv X13_P02 windowed pi --window-pi 500000 --out /storage1/chris/arabidopsis_Alyrata_107/relatedness_stats/X08_L_vs_X13_P02.windowed.pi
        

[Wed Oct 18 00:01:59 2023]
rule calculate_pi:
    input: /storage1/chris/arabidopsis_Alyrata_107/arabidopsis_Alyrata_107.filtered.vcf.gz
    output: /storage1/chris/arabidopsis_Alyrata_107/relatedness_stats/X07_L_vs_X07_P.windowed.pi
    jobid: 1237
    reason: Missing output files: /storage1/chris/arabidopsis_Alyrata_107/relatedness_stats/X07_L_vs_X07_P.windowed.pi
    wildcards: comparison=X07_L_vs_X07_P.windowed.pi
    resources: tmpdir=/tmp


        vcftools --gzvcf /storage1/chris/arabidopsis_Alyrata_107/arabidopsis_Alyrata_107.filtered.vcf.gz --indv X07_L --indv X07_P windowed pi --window-pi 500000 --out /storage1/chris/arabidopsis_Alyrata_107/relatedness_stats/X07_L_vs_X07_P.windowed.pi
        

[Wed Oct 18 00:01:59 2023]
rule calculate_pi:
    input: /storage1/chris/arabidopsis_Alyrata_107/arabidopsis_Alyrata_107.filtered.vcf.gz
    output: /storage1/chris/arabidopsis_Alyrata_107/relatedness_stats/X06_P02_vs_X15_P.windowed.pi
    jobid: 1230
    reason: Missing output files: /storage1/chris/arabidopsis_Alyrata_107/relatedness_stats/X06_P02_vs_X15_P.windowed.pi
    wildcards: comparison=X06_P02_vs_X15_P.windowed.pi
    resources: tmpdir=/tmp


        vcftools --gzvcf /storage1/chris/arabidopsis_Alyrata_107/arabidopsis_Alyrata_107.filtered.vcf.gz --indv X06_P02 --indv X15_P windowed pi --window-pi 500000 --out /storage1/chris/arabidopsis_Alyrata_107/relatedness_stats/X06_P02_vs_X15_P.windowed.pi
        
Waiting at most 5 seconds for missing files.
MissingOutputException in rule calculate_pi in file /scratch1/chris/arabidopsis_sd/SD_phasing_workflow/workflow/rules/calc_pop_summary_stats.smk, line 28:
Job 1343  completed successfully, but some output files are missing. Missing files after 5 seconds. This might be due to filesystem latency. If that is the case, consider to increase the wait time with --latency-wait:
/storage1/chris/arabidopsis_Alyrata_107/relatedness_stats/X07_P01_vs_X15_L.windowed.pi
Waiting at most 5 seconds for missing files.
Terminating processes on user request, this might take some time.
Complete log: .snakemake/log/2023-10-18T000157.669014.snakemake.log
