Building DAG of jobs...
Using shell: /usr/bin/bash
Provided cores: 30
Rules claiming more threads will be scaled down.
Job stats:
job             count    min threads    max threads
------------  -------  -------------  -------------
all                 1              1              1
calculate_pi     2016              1              1
total            2017              1              1

Select jobs to execute...

[Tue Oct 17 23:37:28 2023]
rule calculate_pi:
    input: /storage1/chris/arabidopsis_Alyrata_107/arabidopsis_Alyrata_107.filtered.vcf.gz
    output: /storage1/chris/arabidopsis_Alyrata_107/relatedness_stats/X02_P01_vs_X11_P01.pi
    jobid: 399
    reason: Missing output files: /storage1/chris/arabidopsis_Alyrata_107/relatedness_stats/X02_P01_vs_X11_P01.pi
    wildcards: comparison=X02_P01_vs_X11_P01
    resources: tmpdir=/tmp


[Tue Oct 17 23:37:28 2023]
rule calculate_pi:
    input: /storage1/chris/arabidopsis_Alyrata_107/arabidopsis_Alyrata_107.filtered.vcf.gz
    output: /storage1/chris/arabidopsis_Alyrata_107/relatedness_stats/X02_P02_vs_X09_P.pi
    jobid: 446
    reason: Missing output files: /storage1/chris/arabidopsis_Alyrata_107/relatedness_stats/X02_P02_vs_X09_P.pi
    wildcards: comparison=X02_P02_vs_X09_P
    resources: tmpdir=/tmp


[Tue Oct 17 23:37:28 2023]
rule calculate_pi:
    input: /storage1/chris/arabidopsis_Alyrata_107/arabidopsis_Alyrata_107.filtered.vcf.gz
    output: /storage1/chris/arabidopsis_Alyrata_107/relatedness_stats/X04_P02_vs_X11_P.pi
    jobid: 866
    reason: Missing output files: /storage1/chris/arabidopsis_Alyrata_107/relatedness_stats/X04_P02_vs_X11_P.pi
    wildcards: comparison=X04_P02_vs_X11_P
    resources: tmpdir=/tmp


[Tue Oct 17 23:37:28 2023]
rule calculate_pi:
    input: /storage1/chris/arabidopsis_Alyrata_107/arabidopsis_Alyrata_107.filtered.vcf.gz
    output: /storage1/chris/arabidopsis_Alyrata_107/relatedness_stats/X07_P_vs_X09_P02.pi
    jobid: 1285
    reason: Missing output files: /storage1/chris/arabidopsis_Alyrata_107/relatedness_stats/X07_P_vs_X09_P02.pi
    wildcards: comparison=X07_P_vs_X09_P02
    resources: tmpdir=/tmp


[Tue Oct 17 23:37:28 2023]
rule calculate_pi:
    input: /storage1/chris/arabidopsis_Alyrata_107/arabidopsis_Alyrata_107.filtered.vcf.gz
    output: /storage1/chris/arabidopsis_Alyrata_107/relatedness_stats/X07_P01_vs_X15_P01.pi
    jobid: 1345
    reason: Missing output files: /storage1/chris/arabidopsis_Alyrata_107/relatedness_stats/X07_P01_vs_X15_P01.pi
    wildcards: comparison=X07_P01_vs_X15_P01
    resources: tmpdir=/tmp


[Tue Oct 17 23:37:28 2023]
rule calculate_pi:
    input: /storage1/chris/arabidopsis_Alyrata_107/arabidopsis_Alyrata_107.filtered.vcf.gz
    output: /storage1/chris/arabidopsis_Alyrata_107/relatedness_stats/X10_P01_vs_X14_L.pi
    jobid: 1705
    reason: Missing output files: /storage1/chris/arabidopsis_Alyrata_107/relatedness_stats/X10_P01_vs_X14_L.pi
    wildcards: comparison=X10_P01_vs_X14_L
    resources: tmpdir=/tmp


[Tue Oct 17 23:37:28 2023]
rule calculate_pi:
    input: /storage1/chris/arabidopsis_Alyrata_107/arabidopsis_Alyrata_107.filtered.vcf.gz
    output: /storage1/chris/arabidopsis_Alyrata_107/relatedness_stats/X11_P_vs_X11_P02.pi
    jobid: 1765
    reason: Missing output files: /storage1/chris/arabidopsis_Alyrata_107/relatedness_stats/X11_P_vs_X11_P02.pi
    wildcards: comparison=X11_P_vs_X11_P02
    resources: tmpdir=/tmp


[Tue Oct 17 23:37:28 2023]
rule calculate_pi:
    input: /storage1/chris/arabidopsis_Alyrata_107/arabidopsis_Alyrata_107.filtered.vcf.gz
    output: /storage1/chris/arabidopsis_Alyrata_107/relatedness_stats/X01_P_vs_X07_P.pi
    jobid: 87
    reason: Missing output files: /storage1/chris/arabidopsis_Alyrata_107/relatedness_stats/X01_P_vs_X07_P.pi
    wildcards: comparison=X01_P_vs_X07_P
    resources: tmpdir=/tmp


[Tue Oct 17 23:37:28 2023]
rule calculate_pi:
    input: /storage1/chris/arabidopsis_Alyrata_107/arabidopsis_Alyrata_107.filtered.vcf.gz
    output: /storage1/chris/arabidopsis_Alyrata_107/relatedness_stats/X02_L_vs_X07_P.pi
    jobid: 267
    reason: Missing output files: /storage1/chris/arabidopsis_Alyrata_107/relatedness_stats/X02_L_vs_X07_P.pi
    wildcards: comparison=X02_L_vs_X07_P
    resources: tmpdir=/tmp


[Tue Oct 17 23:37:28 2023]
rule calculate_pi:
    input: /storage1/chris/arabidopsis_Alyrata_107/arabidopsis_Alyrata_107.filtered.vcf.gz
    output: /storage1/chris/arabidopsis_Alyrata_107/relatedness_stats/X02_P02_vs_X09_P01.pi
    jobid: 447
    reason: Missing output files: /storage1/chris/arabidopsis_Alyrata_107/relatedness_stats/X02_P02_vs_X09_P01.pi
    wildcards: comparison=X02_P02_vs_X09_P01
    resources: tmpdir=/tmp


[Tue Oct 17 23:37:28 2023]
rule calculate_pi:
    input: /storage1/chris/arabidopsis_Alyrata_107/arabidopsis_Alyrata_107.filtered.vcf.gz
    output: /storage1/chris/arabidopsis_Alyrata_107/relatedness_stats/X04_P02_vs_X11_P01.pi
    jobid: 867
    reason: Missing output files: /storage1/chris/arabidopsis_Alyrata_107/relatedness_stats/X04_P02_vs_X11_P01.pi
    wildcards: comparison=X04_P02_vs_X11_P01
    resources: tmpdir=/tmp


[Tue Oct 17 23:37:28 2023]
rule calculate_pi:
    input: /storage1/chris/arabidopsis_Alyrata_107/arabidopsis_Alyrata_107.filtered.vcf.gz
    output: /storage1/chris/arabidopsis_Alyrata_107/relatedness_stats/X07_P_vs_X10_L.pi
    jobid: 1286
    reason: Missing output files: /storage1/chris/arabidopsis_Alyrata_107/relatedness_stats/X07_P_vs_X10_L.pi
    wildcards: comparison=X07_P_vs_X10_L
    resources: tmpdir=/tmp


[Tue Oct 17 23:37:28 2023]
rule calculate_pi:
    input: /storage1/chris/arabidopsis_Alyrata_107/arabidopsis_Alyrata_107.filtered.vcf.gz
    output: /storage1/chris/arabidopsis_Alyrata_107/relatedness_stats/X07_P01_vs_X15_P02.pi
    jobid: 1346
    reason: Missing output files: /storage1/chris/arabidopsis_Alyrata_107/relatedness_stats/X07_P01_vs_X15_P02.pi
    wildcards: comparison=X07_P01_vs_X15_P02
    resources: tmpdir=/tmp


[Tue Oct 17 23:37:28 2023]
rule calculate_pi:
    input: /storage1/chris/arabidopsis_Alyrata_107/arabidopsis_Alyrata_107.filtered.vcf.gz
    output: /storage1/chris/arabidopsis_Alyrata_107/relatedness_stats/X10_P01_vs_X14_P.pi
    jobid: 1706
    reason: Missing output files: /storage1/chris/arabidopsis_Alyrata_107/relatedness_stats/X10_P01_vs_X14_P.pi
    wildcards: comparison=X10_P01_vs_X14_P
    resources: tmpdir=/tmp


[Tue Oct 17 23:37:28 2023]
rule calculate_pi:
    input: /storage1/chris/arabidopsis_Alyrata_107/arabidopsis_Alyrata_107.filtered.vcf.gz
    output: /storage1/chris/arabidopsis_Alyrata_107/relatedness_stats/X11_P_vs_X12_L.pi
    jobid: 1766
    reason: Missing output files: /storage1/chris/arabidopsis_Alyrata_107/relatedness_stats/X11_P_vs_X12_L.pi
    wildcards: comparison=X11_P_vs_X12_L
    resources: tmpdir=/tmp


[Tue Oct 17 23:37:28 2023]
rule calculate_pi:
    input: /storage1/chris/arabidopsis_Alyrata_107/arabidopsis_Alyrata_107.filtered.vcf.gz
    output: /storage1/chris/arabidopsis_Alyrata_107/relatedness_stats/X01_P_vs_X07_P01.pi
    jobid: 88
    reason: Missing output files: /storage1/chris/arabidopsis_Alyrata_107/relatedness_stats/X01_P_vs_X07_P01.pi
    wildcards: comparison=X01_P_vs_X07_P01
    resources: tmpdir=/tmp


[Tue Oct 17 23:37:28 2023]
rule calculate_pi:
    input: /storage1/chris/arabidopsis_Alyrata_107/arabidopsis_Alyrata_107.filtered.vcf.gz
    output: /storage1/chris/arabidopsis_Alyrata_107/relatedness_stats/X02_L_vs_X07_P01.pi
    jobid: 268
    reason: Missing output files: /storage1/chris/arabidopsis_Alyrata_107/relatedness_stats/X02_L_vs_X07_P01.pi
    wildcards: comparison=X02_L_vs_X07_P01
    resources: tmpdir=/tmp


[Tue Oct 17 23:37:28 2023]
rule calculate_pi:
    input: /storage1/chris/arabidopsis_Alyrata_107/arabidopsis_Alyrata_107.filtered.vcf.gz
    output: /storage1/chris/arabidopsis_Alyrata_107/relatedness_stats/X02_P02_vs_X09_P02.pi
    jobid: 448
    reason: Missing output files: /storage1/chris/arabidopsis_Alyrata_107/relatedness_stats/X02_P02_vs_X09_P02.pi
    wildcards: comparison=X02_P02_vs_X09_P02
    resources: tmpdir=/tmp


[Tue Oct 17 23:37:28 2023]
rule calculate_pi:
    input: /storage1/chris/arabidopsis_Alyrata_107/arabidopsis_Alyrata_107.filtered.vcf.gz
    output: /storage1/chris/arabidopsis_Alyrata_107/relatedness_stats/X10_L_vs_X16_L.pi
    jobid: 1662
    reason: Missing output files: /storage1/chris/arabidopsis_Alyrata_107/relatedness_stats/X10_L_vs_X16_L.pi
    wildcards: comparison=X10_L_vs_X16_L
    resources: tmpdir=/tmp


[Tue Oct 17 23:37:28 2023]
rule calculate_pi:
    input: /storage1/chris/arabidopsis_Alyrata_107/arabidopsis_Alyrata_107.filtered.vcf.gz
    output: /storage1/chris/arabidopsis_Alyrata_107/relatedness_stats/X10_P02_vs_X12_P.pi
    jobid: 1722
    reason: Missing output files: /storage1/chris/arabidopsis_Alyrata_107/relatedness_stats/X10_P02_vs_X12_P.pi
    wildcards: comparison=X10_P02_vs_X12_P
    resources: tmpdir=/tmp


[Tue Oct 17 23:37:28 2023]
rule calculate_pi:
    input: /storage1/chris/arabidopsis_Alyrata_107/arabidopsis_Alyrata_107.filtered.vcf.gz
    output: /storage1/chris/arabidopsis_Alyrata_107/relatedness_stats/X04_P02_vs_X11_P02.pi
    jobid: 868
    reason: Missing output files: /storage1/chris/arabidopsis_Alyrata_107/relatedness_stats/X04_P02_vs_X11_P02.pi
    wildcards: comparison=X04_P02_vs_X11_P02
    resources: tmpdir=/tmp


[Tue Oct 17 23:37:28 2023]
rule calculate_pi:
    input: /storage1/chris/arabidopsis_Alyrata_107/arabidopsis_Alyrata_107.filtered.vcf.gz
    output: /storage1/chris/arabidopsis_Alyrata_107/relatedness_stats/X07_P_vs_X10_P.pi
    jobid: 1287
    reason: Missing output files: /storage1/chris/arabidopsis_Alyrata_107/relatedness_stats/X07_P_vs_X10_P.pi
    wildcards: comparison=X07_P_vs_X10_P
    resources: tmpdir=/tmp


[Tue Oct 17 23:37:28 2023]
rule calculate_pi:
    input: /storage1/chris/arabidopsis_Alyrata_107/arabidopsis_Alyrata_107.filtered.vcf.gz
    output: /storage1/chris/arabidopsis_Alyrata_107/relatedness_stats/X07_P01_vs_X16_L.pi
    jobid: 1347
    reason: Missing output files: /storage1/chris/arabidopsis_Alyrata_107/relatedness_stats/X07_P01_vs_X16_L.pi
    wildcards: comparison=X07_P01_vs_X16_L
    resources: tmpdir=/tmp


[Tue Oct 17 23:37:28 2023]
rule calculate_pi:
    input: /storage1/chris/arabidopsis_Alyrata_107/arabidopsis_Alyrata_107.filtered.vcf.gz
    output: /storage1/chris/arabidopsis_Alyrata_107/relatedness_stats/X10_P01_vs_X14_P01.pi
    jobid: 1707
    reason: Missing output files: /storage1/chris/arabidopsis_Alyrata_107/relatedness_stats/X10_P01_vs_X14_P01.pi
    wildcards: comparison=X10_P01_vs_X14_P01
    resources: tmpdir=/tmp


[Tue Oct 17 23:37:28 2023]
rule calculate_pi:
    input: /storage1/chris/arabidopsis_Alyrata_107/arabidopsis_Alyrata_107.filtered.vcf.gz
    output: /storage1/chris/arabidopsis_Alyrata_107/relatedness_stats/X11_P_vs_X12_P.pi
    jobid: 1767
    reason: Missing output files: /storage1/chris/arabidopsis_Alyrata_107/relatedness_stats/X11_P_vs_X12_P.pi
    wildcards: comparison=X11_P_vs_X12_P
    resources: tmpdir=/tmp


[Tue Oct 17 23:37:28 2023]
rule calculate_pi:
    input: /storage1/chris/arabidopsis_Alyrata_107/arabidopsis_Alyrata_107.filtered.vcf.gz
    output: /storage1/chris/arabidopsis_Alyrata_107/relatedness_stats/X01_P_vs_X07_P02.pi
    jobid: 89
    reason: Missing output files: /storage1/chris/arabidopsis_Alyrata_107/relatedness_stats/X01_P_vs_X07_P02.pi
    wildcards: comparison=X01_P_vs_X07_P02
    resources: tmpdir=/tmp


[Tue Oct 17 23:37:28 2023]
rule calculate_pi:
    input: /storage1/chris/arabidopsis_Alyrata_107/arabidopsis_Alyrata_107.filtered.vcf.gz
    output: /storage1/chris/arabidopsis_Alyrata_107/relatedness_stats/X02_L_vs_X07_P02.pi
    jobid: 269
    reason: Missing output files: /storage1/chris/arabidopsis_Alyrata_107/relatedness_stats/X02_L_vs_X07_P02.pi
    wildcards: comparison=X02_L_vs_X07_P02
    resources: tmpdir=/tmp


[Tue Oct 17 23:37:28 2023]
rule calculate_pi:
    input: /storage1/chris/arabidopsis_Alyrata_107/arabidopsis_Alyrata_107.filtered.vcf.gz
    output: /storage1/chris/arabidopsis_Alyrata_107/relatedness_stats/X02_P02_vs_X10_L.pi
    jobid: 449
    reason: Missing output files: /storage1/chris/arabidopsis_Alyrata_107/relatedness_stats/X02_P02_vs_X10_L.pi
    wildcards: comparison=X02_P02_vs_X10_L
    resources: tmpdir=/tmp


[Tue Oct 17 23:37:28 2023]
rule calculate_pi:
    input: /storage1/chris/arabidopsis_Alyrata_107/arabidopsis_Alyrata_107.filtered.vcf.gz
    output: /storage1/chris/arabidopsis_Alyrata_107/relatedness_stats/X01_L_vs_X12_L.pi
    jobid: 44
    reason: Missing output files: /storage1/chris/arabidopsis_Alyrata_107/relatedness_stats/X01_L_vs_X12_L.pi
    wildcards: comparison=X01_L_vs_X12_L
    resources: tmpdir=/tmp


[Tue Oct 17 23:37:28 2023]
rule calculate_pi:
    input: /storage1/chris/arabidopsis_Alyrata_107/arabidopsis_Alyrata_107.filtered.vcf.gz
    output: /storage1/chris/arabidopsis_Alyrata_107/relatedness_stats/X04_P02_vs_X12_L.pi
    jobid: 869
    reason: Missing output files: /storage1/chris/arabidopsis_Alyrata_107/relatedness_stats/X04_P02_vs_X12_L.pi
    wildcards: comparison=X04_P02_vs_X12_L
    resources: tmpdir=/tmp

Waiting at most 5 seconds for missing files.
MissingOutputException in rule calculate_pi in file /scratch1/chris/arabidopsis_sd/SD_phasing_workflow/workflow/rules/calc_pop_summary_stats.smk, line 27:
Job 447  completed successfully, but some output files are missing. Missing files after 5 seconds. This might be due to filesystem latency. If that is the case, consider to increase the wait time with --latency-wait:
/storage1/chris/arabidopsis_Alyrata_107/relatedness_stats/X02_P02_vs_X09_P01.pi
Waiting at most 5 seconds for missing files.
MissingOutputException in rule calculate_pi in file /scratch1/chris/arabidopsis_sd/SD_phasing_workflow/workflow/rules/calc_pop_summary_stats.smk, line 27:
Job 87  completed successfully, but some output files are missing. Missing files after 5 seconds. This might be due to filesystem latency. If that is the case, consider to increase the wait time with --latency-wait:
/storage1/chris/arabidopsis_Alyrata_107/relatedness_stats/X01_P_vs_X07_P.pi
Waiting at most 5 seconds for missing files.
MissingOutputException in rule calculate_pi in file /scratch1/chris/arabidopsis_sd/SD_phasing_workflow/workflow/rules/calc_pop_summary_stats.smk, line 27:
Job 267  completed successfully, but some output files are missing. Missing files after 5 seconds. This might be due to filesystem latency. If that is the case, consider to increase the wait time with --latency-wait:
/storage1/chris/arabidopsis_Alyrata_107/relatedness_stats/X02_L_vs_X07_P.pi
Waiting at most 5 seconds for missing files.
MissingOutputException in rule calculate_pi in file /scratch1/chris/arabidopsis_sd/SD_phasing_workflow/workflow/rules/calc_pop_summary_stats.smk, line 27:
Job 399  completed successfully, but some output files are missing. Missing files after 5 seconds. This might be due to filesystem latency. If that is the case, consider to increase the wait time with --latency-wait:
/storage1/chris/arabidopsis_Alyrata_107/relatedness_stats/X02_P01_vs_X11_P01.pi
Waiting at most 5 seconds for missing files.
MissingOutputException in rule calculate_pi in file /scratch1/chris/arabidopsis_sd/SD_phasing_workflow/workflow/rules/calc_pop_summary_stats.smk, line 27:
Job 446  completed successfully, but some output files are missing. Missing files after 5 seconds. This might be due to filesystem latency. If that is the case, consider to increase the wait time with --latency-wait:
/storage1/chris/arabidopsis_Alyrata_107/relatedness_stats/X02_P02_vs_X09_P.pi
Waiting at most 5 seconds for missing files.
MissingOutputException in rule calculate_pi in file /scratch1/chris/arabidopsis_sd/SD_phasing_workflow/workflow/rules/calc_pop_summary_stats.smk, line 27:
Job 1285  completed successfully, but some output files are missing. Missing files after 5 seconds. This might be due to filesystem latency. If that is the case, consider to increase the wait time with --latency-wait:
/storage1/chris/arabidopsis_Alyrata_107/relatedness_stats/X07_P_vs_X09_P02.pi
Waiting at most 5 seconds for missing files.
MissingOutputException in rule calculate_pi in file /scratch1/chris/arabidopsis_sd/SD_phasing_workflow/workflow/rules/calc_pop_summary_stats.smk, line 27:
Job 867  completed successfully, but some output files are missing. Missing files after 5 seconds. This might be due to filesystem latency. If that is the case, consider to increase the wait time with --latency-wait:
/storage1/chris/arabidopsis_Alyrata_107/relatedness_stats/X04_P02_vs_X11_P01.pi
Waiting at most 5 seconds for missing files.
MissingOutputException in rule calculate_pi in file /scratch1/chris/arabidopsis_sd/SD_phasing_workflow/workflow/rules/calc_pop_summary_stats.smk, line 27:
Job 1286  completed successfully, but some output files are missing. Missing files after 5 seconds. This might be due to filesystem latency. If that is the case, consider to increase the wait time with --latency-wait:
/storage1/chris/arabidopsis_Alyrata_107/relatedness_stats/X07_P_vs_X10_L.pi
Waiting at most 5 seconds for missing files.
MissingOutputException in rule calculate_pi in file /scratch1/chris/arabidopsis_sd/SD_phasing_workflow/workflow/rules/calc_pop_summary_stats.smk, line 27:
Job 1706  completed successfully, but some output files are missing. Missing files after 5 seconds. This might be due to filesystem latency. If that is the case, consider to increase the wait time with --latency-wait:
/storage1/chris/arabidopsis_Alyrata_107/relatedness_stats/X10_P01_vs_X14_P.pi
Waiting at most 5 seconds for missing files.
MissingOutputException in rule calculate_pi in file /scratch1/chris/arabidopsis_sd/SD_phasing_workflow/workflow/rules/calc_pop_summary_stats.smk, line 27:
Job 1705  completed successfully, but some output files are missing. Missing files after 5 seconds. This might be due to filesystem latency. If that is the case, consider to increase the wait time with --latency-wait:
/storage1/chris/arabidopsis_Alyrata_107/relatedness_stats/X10_P01_vs_X14_L.pi
Waiting at most 5 seconds for missing files.
MissingOutputException in rule calculate_pi in file /scratch1/chris/arabidopsis_sd/SD_phasing_workflow/workflow/rules/calc_pop_summary_stats.smk, line 27:
Job 1345  completed successfully, but some output files are missing. Missing files after 5 seconds. This might be due to filesystem latency. If that is the case, consider to increase the wait time with --latency-wait:
/storage1/chris/arabidopsis_Alyrata_107/relatedness_stats/X07_P01_vs_X15_P01.pi
Waiting at most 5 seconds for missing files.
MissingOutputException in rule calculate_pi in file /scratch1/chris/arabidopsis_sd/SD_phasing_workflow/workflow/rules/calc_pop_summary_stats.smk, line 27:
Job 1765  completed successfully, but some output files are missing. Missing files after 5 seconds. This might be due to filesystem latency. If that is the case, consider to increase the wait time with --latency-wait:
/storage1/chris/arabidopsis_Alyrata_107/relatedness_stats/X11_P_vs_X11_P02.pi
Waiting at most 5 seconds for missing files.
MissingOutputException in rule calculate_pi in file /scratch1/chris/arabidopsis_sd/SD_phasing_workflow/workflow/rules/calc_pop_summary_stats.smk, line 27:
Job 1707  completed successfully, but some output files are missing. Missing files after 5 seconds. This might be due to filesystem latency. If that is the case, consider to increase the wait time with --latency-wait:
/storage1/chris/arabidopsis_Alyrata_107/relatedness_stats/X10_P01_vs_X14_P01.pi
Waiting at most 5 seconds for missing files.
MissingOutputException in rule calculate_pi in file /scratch1/chris/arabidopsis_sd/SD_phasing_workflow/workflow/rules/calc_pop_summary_stats.smk, line 27:
Job 269  completed successfully, but some output files are missing. Missing files after 5 seconds. This might be due to filesystem latency. If that is the case, consider to increase the wait time with --latency-wait:
/storage1/chris/arabidopsis_Alyrata_107/relatedness_stats/X02_L_vs_X07_P02.pi
Waiting at most 5 seconds for missing files.
MissingOutputException in rule calculate_pi in file /scratch1/chris/arabidopsis_sd/SD_phasing_workflow/workflow/rules/calc_pop_summary_stats.smk, line 27:
Job 866  completed successfully, but some output files are missing. Missing files after 5 seconds. This might be due to filesystem latency. If that is the case, consider to increase the wait time with --latency-wait:
/storage1/chris/arabidopsis_Alyrata_107/relatedness_stats/X04_P02_vs_X11_P.pi
Waiting at most 5 seconds for missing files.
MissingOutputException in rule calculate_pi in file /scratch1/chris/arabidopsis_sd/SD_phasing_workflow/workflow/rules/calc_pop_summary_stats.smk, line 27:
Job 89  completed successfully, but some output files are missing. Missing files after 5 seconds. This might be due to filesystem latency. If that is the case, consider to increase the wait time with --latency-wait:
/storage1/chris/arabidopsis_Alyrata_107/relatedness_stats/X01_P_vs_X07_P02.pi
Waiting at most 5 seconds for missing files.
MissingOutputException in rule calculate_pi in file /scratch1/chris/arabidopsis_sd/SD_phasing_workflow/workflow/rules/calc_pop_summary_stats.smk, line 27:
Job 88  completed successfully, but some output files are missing. Missing files after 5 seconds. This might be due to filesystem latency. If that is the case, consider to increase the wait time with --latency-wait:
/storage1/chris/arabidopsis_Alyrata_107/relatedness_stats/X01_P_vs_X07_P01.pi
Waiting at most 5 seconds for missing files.
MissingOutputException in rule calculate_pi in file /scratch1/chris/arabidopsis_sd/SD_phasing_workflow/workflow/rules/calc_pop_summary_stats.smk, line 27:
Job 449  completed successfully, but some output files are missing. Missing files after 5 seconds. This might be due to filesystem latency. If that is the case, consider to increase the wait time with --latency-wait:
/storage1/chris/arabidopsis_Alyrata_107/relatedness_stats/X02_P02_vs_X10_L.pi
Waiting at most 5 seconds for missing files.
MissingOutputException in rule calculate_pi in file /scratch1/chris/arabidopsis_sd/SD_phasing_workflow/workflow/rules/calc_pop_summary_stats.smk, line 27:
Job 1722  completed successfully, but some output files are missing. Missing files after 5 seconds. This might be due to filesystem latency. If that is the case, consider to increase the wait time with --latency-wait:
/storage1/chris/arabidopsis_Alyrata_107/relatedness_stats/X10_P02_vs_X12_P.pi
Waiting at most 5 seconds for missing files.
MissingOutputException in rule calculate_pi in file /scratch1/chris/arabidopsis_sd/SD_phasing_workflow/workflow/rules/calc_pop_summary_stats.smk, line 27:
Job 1346  completed successfully, but some output files are missing. Missing files after 5 seconds. This might be due to filesystem latency. If that is the case, consider to increase the wait time with --latency-wait:
/storage1/chris/arabidopsis_Alyrata_107/relatedness_stats/X07_P01_vs_X15_P02.pi
Waiting at most 5 seconds for missing files.
MissingOutputException in rule calculate_pi in file /scratch1/chris/arabidopsis_sd/SD_phasing_workflow/workflow/rules/calc_pop_summary_stats.smk, line 27:
Job 44  completed successfully, but some output files are missing. Missing files after 5 seconds. This might be due to filesystem latency. If that is the case, consider to increase the wait time with --latency-wait:
/storage1/chris/arabidopsis_Alyrata_107/relatedness_stats/X01_L_vs_X12_L.pi
Waiting at most 5 seconds for missing files.
MissingOutputException in rule calculate_pi in file /scratch1/chris/arabidopsis_sd/SD_phasing_workflow/workflow/rules/calc_pop_summary_stats.smk, line 27:
Job 868  completed successfully, but some output files are missing. Missing files after 5 seconds. This might be due to filesystem latency. If that is the case, consider to increase the wait time with --latency-wait:
/storage1/chris/arabidopsis_Alyrata_107/relatedness_stats/X04_P02_vs_X11_P02.pi
Waiting at most 5 seconds for missing files.
MissingOutputException in rule calculate_pi in file /scratch1/chris/arabidopsis_sd/SD_phasing_workflow/workflow/rules/calc_pop_summary_stats.smk, line 27:
Job 1287  completed successfully, but some output files are missing. Missing files after 5 seconds. This might be due to filesystem latency. If that is the case, consider to increase the wait time with --latency-wait:
/storage1/chris/arabidopsis_Alyrata_107/relatedness_stats/X07_P_vs_X10_P.pi
Waiting at most 5 seconds for missing files.
MissingOutputException in rule calculate_pi in file /scratch1/chris/arabidopsis_sd/SD_phasing_workflow/workflow/rules/calc_pop_summary_stats.smk, line 27:
Job 1767  completed successfully, but some output files are missing. Missing files after 5 seconds. This might be due to filesystem latency. If that is the case, consider to increase the wait time with --latency-wait:
/storage1/chris/arabidopsis_Alyrata_107/relatedness_stats/X11_P_vs_X12_P.pi
Waiting at most 5 seconds for missing files.
MissingOutputException in rule calculate_pi in file /scratch1/chris/arabidopsis_sd/SD_phasing_workflow/workflow/rules/calc_pop_summary_stats.smk, line 27:
Job 268  completed successfully, but some output files are missing. Missing files after 5 seconds. This might be due to filesystem latency. If that is the case, consider to increase the wait time with --latency-wait:
/storage1/chris/arabidopsis_Alyrata_107/relatedness_stats/X02_L_vs_X07_P01.pi
Waiting at most 5 seconds for missing files.
MissingOutputException in rule calculate_pi in file /scratch1/chris/arabidopsis_sd/SD_phasing_workflow/workflow/rules/calc_pop_summary_stats.smk, line 27:
Job 1766  completed successfully, but some output files are missing. Missing files after 5 seconds. This might be due to filesystem latency. If that is the case, consider to increase the wait time with --latency-wait:
/storage1/chris/arabidopsis_Alyrata_107/relatedness_stats/X11_P_vs_X12_L.pi
Waiting at most 5 seconds for missing files.
MissingOutputException in rule calculate_pi in file /scratch1/chris/arabidopsis_sd/SD_phasing_workflow/workflow/rules/calc_pop_summary_stats.smk, line 27:
Job 448  completed successfully, but some output files are missing. Missing files after 5 seconds. This might be due to filesystem latency. If that is the case, consider to increase the wait time with --latency-wait:
/storage1/chris/arabidopsis_Alyrata_107/relatedness_stats/X02_P02_vs_X09_P02.pi
Waiting at most 5 seconds for missing files.
MissingOutputException in rule calculate_pi in file /scratch1/chris/arabidopsis_sd/SD_phasing_workflow/workflow/rules/calc_pop_summary_stats.smk, line 27:
Job 1662  completed successfully, but some output files are missing. Missing files after 5 seconds. This might be due to filesystem latency. If that is the case, consider to increase the wait time with --latency-wait:
/storage1/chris/arabidopsis_Alyrata_107/relatedness_stats/X10_L_vs_X16_L.pi
Waiting at most 5 seconds for missing files.
MissingOutputException in rule calculate_pi in file /scratch1/chris/arabidopsis_sd/SD_phasing_workflow/workflow/rules/calc_pop_summary_stats.smk, line 27:
Job 1347  completed successfully, but some output files are missing. Missing files after 5 seconds. This might be due to filesystem latency. If that is the case, consider to increase the wait time with --latency-wait:
/storage1/chris/arabidopsis_Alyrata_107/relatedness_stats/X07_P01_vs_X16_L.pi
Waiting at most 5 seconds for missing files.
MissingOutputException in rule calculate_pi in file /scratch1/chris/arabidopsis_sd/SD_phasing_workflow/workflow/rules/calc_pop_summary_stats.smk, line 27:
Job 869  completed successfully, but some output files are missing. Missing files after 5 seconds. This might be due to filesystem latency. If that is the case, consider to increase the wait time with --latency-wait:
/storage1/chris/arabidopsis_Alyrata_107/relatedness_stats/X04_P02_vs_X12_L.pi
Shutting down, this might take some time.
Exiting because a job execution failed. Look above for error message
Complete log: .snakemake/log/2023-10-17T233726.257768.snakemake.log
