Building DAG of jobs...
Using shell: /usr/bin/bash
Provided cores: 40
Rules claiming more threads will be scaled down.
Job stats:
job             count    min threads    max threads
------------  -------  -------------  -------------
all                 1              1              1
calculate_pi     2016              1              1
total            2017              1              1

Select jobs to execute...

[Wed Oct 18 00:00:34 2023]
rule calculate_pi:
    input: /storage1/chris/arabidopsis_Alyrata_107/arabidopsis_Alyrata_107.filtered.vcf.gz
    output: /storage1/chris/arabidopsis_Alyrata_107/relatedness_stats/X02_P01_vs_X15_P.windowed.pi
    jobid: 414
    reason: Missing output files: /storage1/chris/arabidopsis_Alyrata_107/relatedness_stats/X02_P01_vs_X15_P.windowed.pi
    wildcards: comparison=X02_P01_vs_X15_P.windowed.pi
    resources: tmpdir=/tmp


[Wed Oct 18 00:00:34 2023]
rule calculate_pi:
    input: /storage1/chris/arabidopsis_Alyrata_107/arabidopsis_Alyrata_107.filtered.vcf.gz
    output: /storage1/chris/arabidopsis_Alyrata_107/relatedness_stats/X01_P02_vs_X10_L.windowed.pi
    jobid: 219
    reason: Missing output files: /storage1/chris/arabidopsis_Alyrata_107/relatedness_stats/X01_P02_vs_X10_L.windowed.pi
    wildcards: comparison=X01_P02_vs_X10_L.windowed.pi
    resources: tmpdir=/tmp


[Wed Oct 18 00:00:34 2023]
rule calculate_pi:
    input: /storage1/chris/arabidopsis_Alyrata_107/arabidopsis_Alyrata_107.filtered.vcf.gz
    output: /storage1/chris/arabidopsis_Alyrata_107/relatedness_stats/X05_P02_vs_X15_P01.windowed.pi
    jobid: 1065
    reason: Missing output files: /storage1/chris/arabidopsis_Alyrata_107/relatedness_stats/X05_P02_vs_X15_P01.windowed.pi
    wildcards: comparison=X05_P02_vs_X15_P01.windowed.pi
    resources: tmpdir=/tmp


[Wed Oct 18 00:00:34 2023]
rule calculate_pi:
    input: /storage1/chris/arabidopsis_Alyrata_107/arabidopsis_Alyrata_107.filtered.vcf.gz
    output: /storage1/chris/arabidopsis_Alyrata_107/relatedness_stats/X09_P01_vs_X15_P01.windowed.pi
    jobid: 1605
    reason: Missing output files: /storage1/chris/arabidopsis_Alyrata_107/relatedness_stats/X09_P01_vs_X15_P01.windowed.pi
    wildcards: comparison=X09_P01_vs_X15_P01.windowed.pi
    resources: tmpdir=/tmp


[Wed Oct 18 00:00:34 2023]
rule calculate_pi:
    input: /storage1/chris/arabidopsis_Alyrata_107/arabidopsis_Alyrata_107.filtered.vcf.gz
    output: /storage1/chris/arabidopsis_Alyrata_107/relatedness_stats/X02_P01_vs_X13_P01.windowed.pi
    jobid: 407
    reason: Missing output files: /storage1/chris/arabidopsis_Alyrata_107/relatedness_stats/X02_P01_vs_X13_P01.windowed.pi
    wildcards: comparison=X02_P01_vs_X13_P01.windowed.pi
    resources: tmpdir=/tmp


[Wed Oct 18 00:00:34 2023]
rule calculate_pi:
    input: /storage1/chris/arabidopsis_Alyrata_107/arabidopsis_Alyrata_107.filtered.vcf.gz
    output: /storage1/chris/arabidopsis_Alyrata_107/relatedness_stats/X05_P02_vs_X15_P02.windowed.pi
    jobid: 1066
    reason: Missing output files: /storage1/chris/arabidopsis_Alyrata_107/relatedness_stats/X05_P02_vs_X15_P02.windowed.pi
    wildcards: comparison=X05_P02_vs_X15_P02.windowed.pi
    resources: tmpdir=/tmp


[Wed Oct 18 00:00:34 2023]
rule calculate_pi:
    input: /storage1/chris/arabidopsis_Alyrata_107/arabidopsis_Alyrata_107.filtered.vcf.gz
    output: /storage1/chris/arabidopsis_Alyrata_107/relatedness_stats/X09_P01_vs_X15_P02.windowed.pi
    jobid: 1606
    reason: Missing output files: /storage1/chris/arabidopsis_Alyrata_107/relatedness_stats/X09_P01_vs_X15_P02.windowed.pi
    wildcards: comparison=X09_P01_vs_X15_P02.windowed.pi
    resources: tmpdir=/tmp


[Wed Oct 18 00:00:34 2023]
rule calculate_pi:
    input: /storage1/chris/arabidopsis_Alyrata_107/arabidopsis_Alyrata_107.filtered.vcf.gz
    output: /storage1/chris/arabidopsis_Alyrata_107/relatedness_stats/X06_L_vs_X08_P01.windowed.pi
    jobid: 1080
    reason: Missing output files: /storage1/chris/arabidopsis_Alyrata_107/relatedness_stats/X06_L_vs_X08_P01.windowed.pi
    wildcards: comparison=X06_L_vs_X08_P01.windowed.pi
    resources: tmpdir=/tmp


[Wed Oct 18 00:00:34 2023]
rule calculate_pi:
    input: /storage1/chris/arabidopsis_Alyrata_107/arabidopsis_Alyrata_107.filtered.vcf.gz
    output: /storage1/chris/arabidopsis_Alyrata_107/relatedness_stats/X09_P02_vs_X12_P.windowed.pi
    jobid: 1620
    reason: Missing output files: /storage1/chris/arabidopsis_Alyrata_107/relatedness_stats/X09_P02_vs_X12_P.windowed.pi
    wildcards: comparison=X09_P02_vs_X12_P.windowed.pi
    resources: tmpdir=/tmp


[Wed Oct 18 00:00:34 2023]
rule calculate_pi:
    input: /storage1/chris/arabidopsis_Alyrata_107/arabidopsis_Alyrata_107.filtered.vcf.gz
    output: /storage1/chris/arabidopsis_Alyrata_107/relatedness_stats/X01_L_vs_X01_P.windowed.pi
    jobid: 1
    reason: Missing output files: /storage1/chris/arabidopsis_Alyrata_107/relatedness_stats/X01_L_vs_X01_P.windowed.pi
    wildcards: comparison=X01_L_vs_X01_P.windowed.pi
    resources: tmpdir=/tmp


[Wed Oct 18 00:00:34 2023]
rule calculate_pi:
    input: /storage1/chris/arabidopsis_Alyrata_107/arabidopsis_Alyrata_107.filtered.vcf.gz
    output: /storage1/chris/arabidopsis_Alyrata_107/relatedness_stats/X02_P02_vs_X03_P.windowed.pi
    jobid: 422
    reason: Missing output files: /storage1/chris/arabidopsis_Alyrata_107/relatedness_stats/X02_P02_vs_X03_P.windowed.pi
    wildcards: comparison=X02_P02_vs_X03_P.windowed.pi
    resources: tmpdir=/tmp


[Wed Oct 18 00:00:34 2023]
rule calculate_pi:
    input: /storage1/chris/arabidopsis_Alyrata_107/arabidopsis_Alyrata_107.filtered.vcf.gz
    output: /storage1/chris/arabidopsis_Alyrata_107/relatedness_stats/X06_L_vs_X08_P02.windowed.pi
    jobid: 1081
    reason: Missing output files: /storage1/chris/arabidopsis_Alyrata_107/relatedness_stats/X06_L_vs_X08_P02.windowed.pi
    wildcards: comparison=X06_L_vs_X08_P02.windowed.pi
    resources: tmpdir=/tmp


[Wed Oct 18 00:00:34 2023]
rule calculate_pi:
    input: /storage1/chris/arabidopsis_Alyrata_107/arabidopsis_Alyrata_107.filtered.vcf.gz
    output: /storage1/chris/arabidopsis_Alyrata_107/relatedness_stats/X05_P02_vs_X16_L.windowed.pi
    jobid: 1067
    reason: Missing output files: /storage1/chris/arabidopsis_Alyrata_107/relatedness_stats/X05_P02_vs_X16_L.windowed.pi
    wildcards: comparison=X05_P02_vs_X16_L.windowed.pi
    resources: tmpdir=/tmp


[Wed Oct 18 00:00:34 2023]
rule calculate_pi:
    input: /storage1/chris/arabidopsis_Alyrata_107/arabidopsis_Alyrata_107.filtered.vcf.gz
    output: /storage1/chris/arabidopsis_Alyrata_107/relatedness_stats/X09_P01_vs_X16_L.windowed.pi
    jobid: 1607
    reason: Missing output files: /storage1/chris/arabidopsis_Alyrata_107/relatedness_stats/X09_P01_vs_X16_L.windowed.pi
    wildcards: comparison=X09_P01_vs_X16_L.windowed.pi
    resources: tmpdir=/tmp


[Wed Oct 18 00:00:34 2023]
rule calculate_pi:
    input: /storage1/chris/arabidopsis_Alyrata_107/arabidopsis_Alyrata_107.filtered.vcf.gz
    output: /storage1/chris/arabidopsis_Alyrata_107/relatedness_stats/X02_P01_vs_X13_P02.windowed.pi
    jobid: 408
    reason: Missing output files: /storage1/chris/arabidopsis_Alyrata_107/relatedness_stats/X02_P01_vs_X13_P02.windowed.pi
    wildcards: comparison=X02_P01_vs_X13_P02.windowed.pi
    resources: tmpdir=/tmp


[Wed Oct 18 00:00:34 2023]
rule calculate_pi:
    input: /storage1/chris/arabidopsis_Alyrata_107/arabidopsis_Alyrata_107.filtered.vcf.gz
    output: /storage1/chris/arabidopsis_Alyrata_107/relatedness_stats/X02_P01_vs_X14_L.windowed.pi
    jobid: 409
    reason: Missing output files: /storage1/chris/arabidopsis_Alyrata_107/relatedness_stats/X02_P01_vs_X14_L.windowed.pi
    wildcards: comparison=X02_P01_vs_X14_L.windowed.pi
    resources: tmpdir=/tmp


[Wed Oct 18 00:00:34 2023]
rule calculate_pi:
    input: /storage1/chris/arabidopsis_Alyrata_107/arabidopsis_Alyrata_107.filtered.vcf.gz
    output: /storage1/chris/arabidopsis_Alyrata_107/relatedness_stats/X05_P02_vs_X16_P.windowed.pi
    jobid: 1068
    reason: Missing output files: /storage1/chris/arabidopsis_Alyrata_107/relatedness_stats/X05_P02_vs_X16_P.windowed.pi
    wildcards: comparison=X05_P02_vs_X16_P.windowed.pi
    resources: tmpdir=/tmp


[Wed Oct 18 00:00:34 2023]
rule calculate_pi:
    input: /storage1/chris/arabidopsis_Alyrata_107/arabidopsis_Alyrata_107.filtered.vcf.gz
    output: /storage1/chris/arabidopsis_Alyrata_107/relatedness_stats/X09_P01_vs_X16_P.windowed.pi
    jobid: 1608
    reason: Missing output files: /storage1/chris/arabidopsis_Alyrata_107/relatedness_stats/X09_P01_vs_X16_P.windowed.pi
    wildcards: comparison=X09_P01_vs_X16_P.windowed.pi
    resources: tmpdir=/tmp


[Wed Oct 18 00:00:34 2023]
rule calculate_pi:
    input: /storage1/chris/arabidopsis_Alyrata_107/arabidopsis_Alyrata_107.filtered.vcf.gz
    output: /storage1/chris/arabidopsis_Alyrata_107/relatedness_stats/X02_P01_vs_X14_P.windowed.pi
    jobid: 410
    reason: Missing output files: /storage1/chris/arabidopsis_Alyrata_107/relatedness_stats/X02_P01_vs_X14_P.windowed.pi
    wildcards: comparison=X02_P01_vs_X14_P.windowed.pi
    resources: tmpdir=/tmp


[Wed Oct 18 00:00:34 2023]
rule calculate_pi:
    input: /storage1/chris/arabidopsis_Alyrata_107/arabidopsis_Alyrata_107.filtered.vcf.gz
    output: /storage1/chris/arabidopsis_Alyrata_107/relatedness_stats/X05_P02_vs_X16_P01.windowed.pi
    jobid: 1069
    reason: Missing output files: /storage1/chris/arabidopsis_Alyrata_107/relatedness_stats/X05_P02_vs_X16_P01.windowed.pi
    wildcards: comparison=X05_P02_vs_X16_P01.windowed.pi
    resources: tmpdir=/tmp


[Wed Oct 18 00:00:34 2023]
rule calculate_pi:
    input: /storage1/chris/arabidopsis_Alyrata_107/arabidopsis_Alyrata_107.filtered.vcf.gz
    output: /storage1/chris/arabidopsis_Alyrata_107/relatedness_stats/X09_P01_vs_X16_P01.windowed.pi
    jobid: 1609
    reason: Missing output files: /storage1/chris/arabidopsis_Alyrata_107/relatedness_stats/X09_P01_vs_X16_P01.windowed.pi
    wildcards: comparison=X09_P01_vs_X16_P01.windowed.pi
    resources: tmpdir=/tmp


[Wed Oct 18 00:00:34 2023]
rule calculate_pi:
    input: /storage1/chris/arabidopsis_Alyrata_107/arabidopsis_Alyrata_107.filtered.vcf.gz
    output: /storage1/chris/arabidopsis_Alyrata_107/relatedness_stats/X09_P02_vs_X11_P01.windowed.pi
    jobid: 1617
    reason: Missing output files: /storage1/chris/arabidopsis_Alyrata_107/relatedness_stats/X09_P02_vs_X11_P01.windowed.pi
    wildcards: comparison=X09_P02_vs_X11_P01.windowed.pi
    resources: tmpdir=/tmp


[Wed Oct 18 00:00:34 2023]
rule calculate_pi:
    input: /storage1/chris/arabidopsis_Alyrata_107/arabidopsis_Alyrata_107.filtered.vcf.gz
    output: /storage1/chris/arabidopsis_Alyrata_107/relatedness_stats/X02_P01_vs_X14_P01.windowed.pi
    jobid: 411
    reason: Missing output files: /storage1/chris/arabidopsis_Alyrata_107/relatedness_stats/X02_P01_vs_X14_P01.windowed.pi
    wildcards: comparison=X02_P01_vs_X14_P01.windowed.pi
    resources: tmpdir=/tmp


[Wed Oct 18 00:00:34 2023]
rule calculate_pi:
    input: /storage1/chris/arabidopsis_Alyrata_107/arabidopsis_Alyrata_107.filtered.vcf.gz
    output: /storage1/chris/arabidopsis_Alyrata_107/relatedness_stats/X05_P02_vs_X16_P02.windowed.pi
    jobid: 1070
    reason: Missing output files: /storage1/chris/arabidopsis_Alyrata_107/relatedness_stats/X05_P02_vs_X16_P02.windowed.pi
    wildcards: comparison=X05_P02_vs_X16_P02.windowed.pi
    resources: tmpdir=/tmp


[Wed Oct 18 00:00:34 2023]
rule calculate_pi:
    input: /storage1/chris/arabidopsis_Alyrata_107/arabidopsis_Alyrata_107.filtered.vcf.gz
    output: /storage1/chris/arabidopsis_Alyrata_107/relatedness_stats/X09_P01_vs_X16_P02.windowed.pi
    jobid: 1610
    reason: Missing output files: /storage1/chris/arabidopsis_Alyrata_107/relatedness_stats/X09_P01_vs_X16_P02.windowed.pi
    wildcards: comparison=X09_P01_vs_X16_P02.windowed.pi
    resources: tmpdir=/tmp


[Wed Oct 18 00:00:34 2023]
rule calculate_pi:
    input: /storage1/chris/arabidopsis_Alyrata_107/arabidopsis_Alyrata_107.filtered.vcf.gz
    output: /storage1/chris/arabidopsis_Alyrata_107/relatedness_stats/X02_P01_vs_X14_P02.windowed.pi
    jobid: 412
    reason: Missing output files: /storage1/chris/arabidopsis_Alyrata_107/relatedness_stats/X02_P01_vs_X14_P02.windowed.pi
    wildcards: comparison=X02_P01_vs_X14_P02.windowed.pi
    resources: tmpdir=/tmp


[Wed Oct 18 00:00:34 2023]
rule calculate_pi:
    input: /storage1/chris/arabidopsis_Alyrata_107/arabidopsis_Alyrata_107.filtered.vcf.gz
    output: /storage1/chris/arabidopsis_Alyrata_107/relatedness_stats/X06_L_vs_X06_P.windowed.pi
    jobid: 1071
    reason: Missing output files: /storage1/chris/arabidopsis_Alyrata_107/relatedness_stats/X06_L_vs_X06_P.windowed.pi
    wildcards: comparison=X06_L_vs_X06_P.windowed.pi
    resources: tmpdir=/tmp


[Wed Oct 18 00:00:34 2023]
rule calculate_pi:
    input: /storage1/chris/arabidopsis_Alyrata_107/arabidopsis_Alyrata_107.filtered.vcf.gz
    output: /storage1/chris/arabidopsis_Alyrata_107/relatedness_stats/X09_P02_vs_X10_L.windowed.pi
    jobid: 1611
    reason: Missing output files: /storage1/chris/arabidopsis_Alyrata_107/relatedness_stats/X09_P02_vs_X10_L.windowed.pi
    wildcards: comparison=X09_P02_vs_X10_L.windowed.pi
    resources: tmpdir=/tmp


[Wed Oct 18 00:00:34 2023]
rule calculate_pi:
    input: /storage1/chris/arabidopsis_Alyrata_107/arabidopsis_Alyrata_107.filtered.vcf.gz
    output: /storage1/chris/arabidopsis_Alyrata_107/relatedness_stats/X05_P01_vs_X11_P01.windowed.pi
    jobid: 1005
    reason: Missing output files: /storage1/chris/arabidopsis_Alyrata_107/relatedness_stats/X05_P01_vs_X11_P01.windowed.pi
    wildcards: comparison=X05_P01_vs_X11_P01.windowed.pi
    resources: tmpdir=/tmp


[Wed Oct 18 00:00:34 2023]
rule calculate_pi:
    input: /storage1/chris/arabidopsis_Alyrata_107/arabidopsis_Alyrata_107.filtered.vcf.gz
    output: /storage1/chris/arabidopsis_Alyrata_107/relatedness_stats/X06_P_vs_X09_L.windowed.pi
    jobid: 1124
    reason: Missing output files: /storage1/chris/arabidopsis_Alyrata_107/relatedness_stats/X06_P_vs_X09_L.windowed.pi
    wildcards: comparison=X06_P_vs_X09_L.windowed.pi
    resources: tmpdir=/tmp


[Wed Oct 18 00:00:34 2023]
rule calculate_pi:
    input: /storage1/chris/arabidopsis_Alyrata_107/arabidopsis_Alyrata_107.filtered.vcf.gz
    output: /storage1/chris/arabidopsis_Alyrata_107/relatedness_stats/X10_P02_vs_X12_P02.windowed.pi
    jobid: 1724
    reason: Missing output files: /storage1/chris/arabidopsis_Alyrata_107/relatedness_stats/X10_P02_vs_X12_P02.windowed.pi
    wildcards: comparison=X10_P02_vs_X12_P02.windowed.pi
    resources: tmpdir=/tmp


[Wed Oct 18 00:00:34 2023]
rule calculate_pi:
    input: /storage1/chris/arabidopsis_Alyrata_107/arabidopsis_Alyrata_107.filtered.vcf.gz
    output: /storage1/chris/arabidopsis_Alyrata_107/relatedness_stats/X02_P01_vs_X13_L.windowed.pi
    jobid: 405
    reason: Missing output files: /storage1/chris/arabidopsis_Alyrata_107/relatedness_stats/X02_P01_vs_X13_L.windowed.pi
    wildcards: comparison=X02_P01_vs_X13_L.windowed.pi
    resources: tmpdir=/tmp


[Wed Oct 18 00:00:34 2023]
rule calculate_pi:
    input: /storage1/chris/arabidopsis_Alyrata_107/arabidopsis_Alyrata_107.filtered.vcf.gz
    output: /storage1/chris/arabidopsis_Alyrata_107/relatedness_stats/X05_P02_vs_X15_P.windowed.pi
    jobid: 1064
    reason: Missing output files: /storage1/chris/arabidopsis_Alyrata_107/relatedness_stats/X05_P02_vs_X15_P.windowed.pi
    wildcards: comparison=X05_P02_vs_X15_P.windowed.pi
    resources: tmpdir=/tmp


[Wed Oct 18 00:00:34 2023]
rule calculate_pi:
    input: /storage1/chris/arabidopsis_Alyrata_107/arabidopsis_Alyrata_107.filtered.vcf.gz
    output: /storage1/chris/arabidopsis_Alyrata_107/relatedness_stats/X09_P01_vs_X15_P.windowed.pi
    jobid: 1604
    reason: Missing output files: /storage1/chris/arabidopsis_Alyrata_107/relatedness_stats/X09_P01_vs_X15_P.windowed.pi
    wildcards: comparison=X09_P01_vs_X15_P.windowed.pi
    resources: tmpdir=/tmp


[Wed Oct 18 00:00:34 2023]
rule calculate_pi:
    input: /storage1/chris/arabidopsis_Alyrata_107/arabidopsis_Alyrata_107.filtered.vcf.gz
    output: /storage1/chris/arabidopsis_Alyrata_107/relatedness_stats/X06_P_vs_X09_P.windowed.pi
    jobid: 1125
    reason: Missing output files: /storage1/chris/arabidopsis_Alyrata_107/relatedness_stats/X06_P_vs_X09_P.windowed.pi
    wildcards: comparison=X06_P_vs_X09_P.windowed.pi
    resources: tmpdir=/tmp


[Wed Oct 18 00:00:34 2023]
rule calculate_pi:
    input: /storage1/chris/arabidopsis_Alyrata_107/arabidopsis_Alyrata_107.filtered.vcf.gz
    output: /storage1/chris/arabidopsis_Alyrata_107/relatedness_stats/X02_P01_vs_X15_L.windowed.pi
    jobid: 413
    reason: Missing output files: /storage1/chris/arabidopsis_Alyrata_107/relatedness_stats/X02_P01_vs_X15_L.windowed.pi
    wildcards: comparison=X02_P01_vs_X15_L.windowed.pi
    resources: tmpdir=/tmp


[Wed Oct 18 00:00:34 2023]
rule calculate_pi:
    input: /storage1/chris/arabidopsis_Alyrata_107/arabidopsis_Alyrata_107.filtered.vcf.gz
    output: /storage1/chris/arabidopsis_Alyrata_107/relatedness_stats/X06_L_vs_X06_P01.windowed.pi
    jobid: 1072
    reason: Missing output files: /storage1/chris/arabidopsis_Alyrata_107/relatedness_stats/X06_L_vs_X06_P01.windowed.pi
    wildcards: comparison=X06_L_vs_X06_P01.windowed.pi
    resources: tmpdir=/tmp


[Wed Oct 18 00:00:34 2023]
rule calculate_pi:
    input: /storage1/chris/arabidopsis_Alyrata_107/arabidopsis_Alyrata_107.filtered.vcf.gz
    output: /storage1/chris/arabidopsis_Alyrata_107/relatedness_stats/X09_P02_vs_X10_P.windowed.pi
    jobid: 1612
    reason: Missing output files: /storage1/chris/arabidopsis_Alyrata_107/relatedness_stats/X09_P02_vs_X10_P.windowed.pi
    wildcards: comparison=X09_P02_vs_X10_P.windowed.pi
    resources: tmpdir=/tmp


[Wed Oct 18 00:00:34 2023]
rule calculate_pi:
    input: /storage1/chris/arabidopsis_Alyrata_107/arabidopsis_Alyrata_107.filtered.vcf.gz
    output: /storage1/chris/arabidopsis_Alyrata_107/relatedness_stats/X02_P02_vs_X03_L.windowed.pi
    jobid: 421
    reason: Missing output files: /storage1/chris/arabidopsis_Alyrata_107/relatedness_stats/X02_P02_vs_X03_L.windowed.pi
    wildcards: comparison=X02_P02_vs_X03_L.windowed.pi
    resources: tmpdir=/tmp


[Wed Oct 18 00:00:34 2023]
rule calculate_pi:
    input: /storage1/chris/arabidopsis_Alyrata_107/arabidopsis_Alyrata_107.filtered.vcf.gz
    output: /storage1/chris/arabidopsis_Alyrata_107/relatedness_stats/X02_P01_vs_X13_P.windowed.pi
    jobid: 406
    reason: Missing output files: /storage1/chris/arabidopsis_Alyrata_107/relatedness_stats/X02_P01_vs_X13_P.windowed.pi
    wildcards: comparison=X02_P01_vs_X13_P.windowed.pi
    resources: tmpdir=/tmp

Waiting at most 5 seconds for missing files.
MissingOutputException in rule calculate_pi in file /scratch1/chris/arabidopsis_sd/SD_phasing_workflow/workflow/rules/calc_pop_summary_stats.smk, line 28:
Job 414  completed successfully, but some output files are missing. Missing files after 5 seconds. This might be due to filesystem latency. If that is the case, consider to increase the wait time with --latency-wait:
/storage1/chris/arabidopsis_Alyrata_107/relatedness_stats/X02_P01_vs_X15_P.windowed.pi
Waiting at most 5 seconds for missing files.
MissingOutputException in rule calculate_pi in file /scratch1/chris/arabidopsis_sd/SD_phasing_workflow/workflow/rules/calc_pop_summary_stats.smk, line 28:
Job 219  completed successfully, but some output files are missing. Missing files after 5 seconds. This might be due to filesystem latency. If that is the case, consider to increase the wait time with --latency-wait:
/storage1/chris/arabidopsis_Alyrata_107/relatedness_stats/X01_P02_vs_X10_L.windowed.pi
Waiting at most 5 seconds for missing files.
MissingOutputException in rule calculate_pi in file /scratch1/chris/arabidopsis_sd/SD_phasing_workflow/workflow/rules/calc_pop_summary_stats.smk, line 28:
Job 1065  completed successfully, but some output files are missing. Missing files after 5 seconds. This might be due to filesystem latency. If that is the case, consider to increase the wait time with --latency-wait:
/storage1/chris/arabidopsis_Alyrata_107/relatedness_stats/X05_P02_vs_X15_P01.windowed.pi
Waiting at most 5 seconds for missing files.
Terminating processes on user request, this might take some time.
Complete log: .snakemake/log/2023-10-18T000032.741293.snakemake.log
